CalcLoop: a tool for automated multiloop calculation in quantum field theory.
Version 2022/07/10.
Number of defined symbols=45. Please see ?CalcLoop`* for help.
Blade: a pacakge for block-triangular form improved Feynman integral decomposition.
Version 2024/05/23.
Author: Xin Guan, Xiao Liu, Yan-Qing Ma and Wen-Hao Wu.
Number of defined symbols=68. Please see ?Blade`* for help.

--------------------------------------------------
BLSetReducerOptions->"IBPParameter" -> Automatic, "IntegralOrdering" -> 1, "CheckMastersQ" -> True, "FilterLevel" -> 3, "IBPForMapSector" -> False, "MaxIncrement" -> 2, "CloseSymmetry" -> False, "ExternalSymmetry" -> True, "CutNoDot" -> False, "BlackBoxRank" -> 2, "BlackBoxDot" -> 0, "MaxPrime" -> 200, "MaxDegree" -> 1000, "Reconstructor" -> "FiniteFlow"
BLSetSchemeOptions->"OperatorExtendGQ" -> True, "MinimalSchemeRank" -> 1, "PartitionDot" -> True, "PartitionRankThreshold" -> 100, "UniqueSubsectorQ" -> True"--------------------------------------------------"
"BladeIBP: a package for generating IBP, LI and Symmetry relations."

FrontEndObject::notavail: A front end is not available; certain operations require a front end.
Number of Families = 1. Number of Sectors = 1.
"3 zero sectors found, 1 nonzero sectors found."
"1 unique sectors found, 0 mapped sectors found, 0 extmapped sectors found."
"1 subgraph-unique sectors found, 0 subgraph-mapped sectors found"
"Seeding Id type ->""IBP"
"Seeding Id type ->""LI"
"Seeding Id type ->""SR"
"Seeding Id type ->""SubSym"
"====================="
"Id type -> ""IBP"" # chunks -> "1
"====================="
"kernel 1 (Local (4)):"
"\"IBP\"\" #\"1\" of \"1\n"
"kernel 1 (Local (4)):"
"\" -> \"\"done in \"{0.030164, Null}\n"
"====================="
"Id type -> ""LI"" # chunks -> "1
"====================="
"kernel 1 (Local (4)):"
"\"LI\"\" #\"1\" of \"1\n"
"kernel 1 (Local (4)):"
"\" -> \"\"done in \"{0.004689, Null}\n"
"====================="
"Id type -> ""SR"" # chunks -> "1
"====================="
"kernel 1 (Local (4)):"
"\"SR\"\" #\"1\" of \"1\n"
"kernel 1 (Local (4)):"
"\"sectors involved: \"{{1, 0, 1, 0}}\n"
"kernel 1 (Local (4)):"
"\"#Symmetry Relations:  \"8\n"
"kernel 1 (Local (4)):"
"\" -> \"\"done in \"{0.010407, Null}\n"
"====================="
"Id type -> ""SubSym"" # chunks -> "1
"====================="
"kernel 1 (Local (4)):"
"\"SubSym\"\" #\"1\" of \"1\n"
"kernel 1 (Local (4)):"
"\" -> \"\"done in \"{0.009015, Null}\n"
"Generating list of integrals ..."
" -> list of integrals generated"
"Exporting positions maps ..."
" -> positions maps exported"
"Serialize identities ..."
"kernel 1 (Local (4)):"
"\"File: \"\"ibps/ids_top1_exints.mx\"\n"
"kernel 2 (Local (4)):"
"\"File: \"\"ibps/ids_top1_LI1.mx\"\n"
"kernel 3 (Local (4)):"
"\"File: \"\"ibps/ids_top1_SubSym1.mx\"\n"
"kernel 4 (Local (4)):"
"\"File: \"\"ibps/ids_top1_usints.mx\"\n"
"kernel 1 (Local (4)):"
"\"File: \"\"ibps/ids_top1_exints.mx\"\" done in \"{0.009583, Null}\n"
"kernel 1 (Local (4)):"
"\"File: \"\"ibps/ids_top1_IBP1.mx\"\n"
"kernel 1 (Local (4)):"
"\"File: \"\"ibps/ids_top1_IBP1.mx\"\" done in \"{0.00931, Null}\n"
"kernel 2 (Local (4)):"
"\"File: \"\"ibps/ids_top1_LI1.mx\"\" done in \"{0.042015, Null}\n"
"kernel 3 (Local (4)):"
"\"File: \"\"ibps/ids_top1_SubSym1.mx\"\" done in \"{0.038552, Null}\n"
"kernel 4 (Local (4)):"
"\"File: \"\"ibps/ids_top1_usints.mx\"\" done in \"{0.038857, Null}\n"
"kernel 2 (Local (4)):"
"\"File: \"\"ibps/ids_top1_SR1.mx\"\n"
"kernel 2 (Local (4)):"
"\"File: \"\"ibps/ids_top1_SR1.mx\"\" done in \"{0.006876, Null}\n"
"-> all in :"{0.094907, Null}
