CalcLoop: a tool for automated multiloop calculation in quantum field theory.
Version 2022/07/10.
Number of defined symbols=45. Please see ?CalcLoop`* for help.
Blade: a pacakge for block-triangular form improved Feynman integral decomposition.
Version 2024/05/23.
Author: Xin Guan, Xiao Liu, Yan-Qing Ma and Wen-Hao Wu.
Number of defined symbols=68. Please see ?Blade`* for help.

--------------------------------------------------
BLSetReducerOptions->"IBPParameter" -> Automatic, "IntegralOrdering" -> 1, "CheckMastersQ" -> True, "FilterLevel" -> 3, "IBPForMapSector" -> False, "MaxIncrement" -> 2, "CloseSymmetry" -> False, "ExternalSymmetry" -> True, "CutNoDot" -> False, "BlackBoxRank" -> 2, "BlackBoxDot" -> 0, "MaxPrime" -> 200, "MaxDegree" -> 1000, "Reconstructor" -> "FiniteFlow"
BLSetSchemeOptions->"OperatorExtendGQ" -> True, "MinimalSchemeRank" -> 1, "PartitionDot" -> True, "PartitionRankThreshold" -> 100, "UniqueSubsectorQ" -> True"--------------------------------------------------"
"BladeIBP: a package for generating IBP, LI and Symmetry relations."

FrontEndObject::notavail: A front end is not available; certain operations require a front end.
Number of Families = 1. Number of Sectors = 9.
"2 zero sectors found, 14 nonzero sectors found."
"9 unique sectors found, 5 mapped sectors found, 0 extmapped sectors found."
"8 subgraph-unique sectors found, 0 subgraph-mapped sectors found"
"Seeding Id type ->""IBP"
"Seeding Id type ->""LI"
"Seeding Id type ->""SR"
"Seeding Id type ->""Map"
"Seeding Id type ->""SubSym"
"====================="
"Id type -> ""IBP"" # chunks -> "9
"====================="
"kernel 1 (Local (4)):"
"\"IBP\"\" #\"1\" of \"9\n"
"kernel 2 (Local (4)):"
"\"IBP\"\" #\"3\" of \"9\n"
"kernel 3 (Local (4)):"
"\"IBP\"\" #\"4\" of \"9\n"
"kernel 4 (Local (4)):"
"\"IBP\"\" #\"5\" of \"9\n"
"kernel 1 (Local (4)):"
"\" -> \"\"done in \"{0.03264, Null}\n"
"kernel 2 (Local (4)):"
"\" -> \"\"done in \"{0.033137, Null}\n"
"kernel 3 (Local (4)):"
"\" -> \"\"done in \"{0.033263, Null}\n"
"kernel 4 (Local (4)):"
"\" -> \"\"done in \"{0.03413, Null}\n"
"kernel 1 (Local (4)):"
"\"IBP\"\" #\"2\" of \"9\n"
"kernel 1 (Local (4)):"
"\" -> \"\"done in \"{0.004609, Null}\n"
"kernel 2 (Local (4)):"
"\"IBP\"\" #\"6\" of \"9\n"
"kernel 3 (Local (4)):"
"\"IBP\"\" #\"7\" of \"9\n"
"kernel 4 (Local (4)):"
"\"IBP\"\" #\"8\" of \"9\n"
"kernel 2 (Local (4)):"
"\" -> \"\"done in \"{0.005625, Null}\n"
"kernel 3 (Local (4)):"
"\" -> \"\"done in \"{0.005954, Null}\n"
"kernel 4 (Local (4)):"
"\" -> \"\"done in \"{0.005571, Null}\n"
"kernel 1 (Local (4)):"
"\"IBP\"\" #\"9\" of \"9\n"
"kernel 1 (Local (4)):"
"\" -> \"\"done in \"{0.006325, Null}\n"
"====================="
"Id type -> ""LI"" # chunks -> "9
"====================="
"kernel 1 (Local (4)):"
"\"LI\"\" #\"1\" of \"9\n"
"kernel 2 (Local (4)):"
"\"LI\"\" #\"3\" of \"9\n"
"kernel 3 (Local (4)):"
"\"LI\"\" #\"4\" of \"9\n"
"kernel 4 (Local (4)):"
"\"LI\"\" #\"5\" of \"9\n"
"kernel 1 (Local (4)):"
"\" -> \"\"done in \"{0.004401, Null}\n"
"kernel 2 (Local (4)):"
"\" -> \"\"done in \"{0.005034, Null}\n"
"kernel 3 (Local (4)):"
"\" -> \"\"done in \"{0.004946, Null}\n"
"kernel 4 (Local (4)):"
"\" -> \"\"done in \"{0.00641, Null}\n"
"kernel 1 (Local (4)):"
"\"LI\"\" #\"2\" of \"9\n"
"kernel 1 (Local (4)):"
"\" -> \"\"done in \"{0.004437, Null}\n"
"kernel 2 (Local (4)):"
"\"LI\"\" #\"6\" of \"9\n"
"kernel 3 (Local (4)):"
"\"LI\"\" #\"7\" of \"9\n"
"kernel 4 (Local (4)):"
"\"LI\"\" #\"8\" of \"9\n"
"kernel 2 (Local (4)):"
"\" -> \"\"done in \"{0.006056, Null}\n"
"kernel 3 (Local (4)):"
"\" -> \"\"done in \"{0.006431, Null}\n"
"kernel 4 (Local (4)):"
"\" -> \"\"done in \"{0.005986, Null}\n"
"kernel 1 (Local (4)):"
"\"LI\"\" #\"9\" of \"9\n"
"kernel 1 (Local (4)):"
"\" -> \"\"done in \"{0.00624, Null}\n"
"====================="
"Id type -> ""SR"" # chunks -> "9
"====================="
"kernel 1 (Local (4)):"
"\"SR\"\" #\"1\" of \"9\n"
"kernel 2 (Local (4)):"
"\"SR\"\" #\"3\" of \"9\n"
"kernel 3 (Local (4)):"
"\"SR\"\" #\"4\" of \"9\n"
"kernel 4 (Local (4)):"
"\"SR\"\" #\"5\" of \"9\n"
"kernel 1 (Local (4)):"
"\"sectors involved: \"{{1, 1, 1, 1}}\n"
"kernel 2 (Local (4)):"
"\"sectors involved: \"{{1, 0, 1, 1}}\n"
"kernel 3 (Local (4)):"
"\"sectors involved: \"{{0, 1, 1, 1}}\n"
"kernel 4 (Local (4)):"
"\"sectors involved: \"{{1, 1, 0, 0}}\n"
"kernel 1 (Local (4)):"
"\"#Symmetry Relations:  \"0\n"
"kernel 2 (Local (4)):"
"\"#Symmetry Relations:  \"0\n"
"kernel 3 (Local (4)):"
"\"#Symmetry Relations:  \"0\n"
"kernel 4 (Local (4)):"
"\"#Symmetry Relations:  \"8\n"
"kernel 1 (Local (4)):"
"\" -> \"\"done in \"{0.00517, Null}\n"
"kernel 2 (Local (4)):"
"\" -> \"\"done in \"{0.005612, Null}\n"
"kernel 3 (Local (4)):"
"\" -> \"\"done in \"{0.005456, Null}\n"
"kernel 4 (Local (4)):"
"\" -> \"\"done in \"{0.007174, Null}\n"
"kernel 1 (Local (4)):"
"\"SR\"\" #\"2\" of \"9\n"
"kernel 1 (Local (4)):"
"\"sectors involved: \"{{1, 1, 1, 0}}\n"
"kernel 2 (Local (4)):"
"\"SR\"\" #\"6\" of \"9\n"
"kernel 3 (Local (4)):"
"\"SR\"\" #\"7\" of \"9\n"
"kernel 4 (Local (4)):"
"\"SR\"\" #\"8\" of \"9\n"
"kernel 1 (Local (4)):"
"\"#Symmetry Relations:  \"0\n"
"kernel 2 (Local (4)):"
"\"sectors involved: \"{{1, 0, 1, 0}}\n"
"kernel 3 (Local (4)):"
"\"sectors involved: \"{{0, 1, 1, 0}}\n"
"kernel 4 (Local (4)):"
"\"sectors involved: \"{{0, 0, 1, 1}}\n"
"kernel 1 (Local (4)):"
"\" -> \"\"done in \"{0.003853, Null}\n"
"kernel 2 (Local (4)):"
"\"#Symmetry Relations:  \"7\n"
"kernel 3 (Local (4)):"
"\"#Symmetry Relations:  \"0\n"
"kernel 4 (Local (4)):"
"\"#Symmetry Relations:  \"14\n"
"kernel 2 (Local (4)):"
"\" -> \"\"done in \"{0.011975, Null}\n"
"kernel 3 (Local (4)):"
"\" -> \"\"done in \"{0.004406, Null}\n"
"kernel 4 (Local (4)):"
"\" -> \"\"done in \"{0.020511, Null}\n"
"kernel 1 (Local (4)):"
"\"SR\"\" #\"9\" of \"9\n"
"kernel 1 (Local (4)):"
"\"sectors involved: \"{{1, 0, 0, 0}}\n"
"kernel 1 (Local (4)):"
"\"#Symmetry Relations:  \"49\n"
"kernel 1 (Local (4)):"
"\" -> \"\"done in \"{0.026471, Null}\n"
"====================="
"Id type -> ""Map"" # chunks -> "5
"====================="
"kernel 1 (Local (4)):"
"\"Map\"\" #\"1\" of \"5\n"
"kernel 2 (Local (4)):"
"\"Map\"\" #\"3\" of \"5\n"
"kernel 3 (Local (4)):"
"\"Map\"\" #\"4\" of \"5\n"
"kernel 4 (Local (4)):"
"\"Map\"\" #\"5\" of \"5\n"
"kernel 1 (Local (4)):"
"\"sectors involved: \"{{1, 1, 0, 1}}\n"
"kernel 2 (Local (4)):"
"\"sectors involved: \"{{0, 1, 0, 1}}\n"
"kernel 3 (Local (4)):"
"\"sectors involved: \"{{0, 0, 1, 0}}\n"
"kernel 4 (Local (4)):"
"\"sectors involved: \"{{0, 0, 0, 1}}\n"
"kernel 1 (Local (4)):"
"\"#Symmetry Relations:  \"16\n"
"kernel 2 (Local (4)):"
"\"#Symmetry Relations:  \"30\n"
"kernel 1 (Local (4)):"
"\" -> \"\"done in \"{0.008477, Null}\n"
"kernel 2 (Local (4)):"
"\" -> \"\"done in \"{0.012723, Null}\n"
"kernel 3 (Local (4)):"
"\"#Symmetry Relations:  \"40\n"
"kernel 4 (Local (4)):"
"\"#Symmetry Relations:  \"40\n"
"kernel 1 (Local (4)):"
"\"Map\"\" #\"2\" of \"5\n"
"kernel 3 (Local (4)):"
"\" -> \"\"done in \"{0.03479, Null}\n"
"kernel 4 (Local (4)):"
"\" -> \"\"done in \"{0.034171, Null}\n"
"kernel 1 (Local (4)):"
"\"sectors involved: \"{{1, 0, 0, 1}}\n"
"kernel 1 (Local (4)):"
"\"#Symmetry Relations:  \"30\n"
"kernel 1 (Local (4)):"
"\" -> \"\"done in \"{0.012419, Null}\n"
"====================="
"Id type -> ""SubSym"" # chunks -> "6
"====================="
"kernel 1 (Local (4)):"
"\"SubSym\"\" #\"1\" of \"6\n"
"kernel 2 (Local (4)):"
"\"SubSym\"\" #\"3\" of \"6\n"
"kernel 3 (Local (4)):"
"\"SubSym\"\" #\"5\" of \"6\n"
"kernel 4 (Local (4)):"
"\"SubSym\"\" #\"6\" of \"6\n"
"kernel 1 (Local (4)):"
"\" -> \"\"done in \"{0.010084, Null}\n"
"kernel 2 (Local (4)):"
"\" -> \"\"done in \"{0.010863, Null}\n"
"kernel 3 (Local (4)):"
"\" -> \"\"done in \"{0.010661, Null}\n"
"kernel 4 (Local (4)):"
"\" -> \"\"done in \"{0.010383, Null}\n"
"kernel 1 (Local (4)):"
"\"SubSym\"\" #\"2\" of \"6\n"
"kernel 2 (Local (4)):"
"\"SubSym\"\" #\"4\" of \"6\n"
"kernel 1 (Local (4)):"
"\" -> \"\"done in \"{0.005777, Null}\n"
"kernel 2 (Local (4)):"
"\" -> \"\"done in \"{0.005531, Null}\n"
"Generating list of integrals ..."
" -> list of integrals generated"
"Exporting positions maps ..."
" -> positions maps exported"
"Serialize identities ..."
"kernel 1 (Local (4)):"
"\"File: \"\"ibps/ids_top7_exints.mx\"\n"
"kernel 2 (Local (4)):"
"\"File: \"\"ibps/ids_top7_IBP5.mx\"\n"
"kernel 3 (Local (4)):"
"\"File: \"\"ibps/ids_top7_LI1.mx\"\n"
"kernel 4 (Local (4)):"
"\"File: \"\"ibps/ids_top7_LI6.mx\"\n"
"kernel 1 (Local (4)):"
"\"File: \"\"ibps/ids_top7_exints.mx\"\" done in \"{0.009702, Null}\n"
"kernel 3 (Local (4)):"
"\"File: \"\"ibps/ids_top7_LI1.mx\"\" done in \"{0.010614, Null}\n"
"kernel 1 (Local (4)):"
"\"File: \"\"ibps/ids_top7_IBP1.mx\"\n"
"kernel 2 (Local (4)):"
"\"File: \"\"ibps/ids_top7_IBP5.mx\"\" done in \"{0.013939, Null}\n"
"kernel 3 (Local (4)):"
"\"File: \"\"ibps/ids_top7_LI2.mx\"\n"
"kernel 4 (Local (4)):"
"\"File: \"\"ibps/ids_top7_LI6.mx\"\" done in \"{0.014491, Null}\n"
"kernel 1 (Local (4)):"
"\"File: \"\"ibps/ids_top7_IBP1.mx\"\" done in \"{0.007836, Null}\n"
"kernel 2 (Local (4)):"
"\"File: \"\"ibps/ids_top7_IBP6.mx\"\n"
"kernel 3 (Local (4)):"
"\"File: \"\"ibps/ids_top7_LI2.mx\"\" done in \"{0.009987, Null}\n"
"kernel 4 (Local (4)):"
"\"File: \"\"ibps/ids_top7_LI7.mx\"\n"
"kernel 1 (Local (4)):"
"\"File: \"\"ibps/ids_top7_IBP2.mx\"\n"
"kernel 2 (Local (4)):"
"\"File: \"\"ibps/ids_top7_IBP6.mx\"\" done in \"{0.012149, Null}\n"
"kernel 3 (Local (4)):"
"\"File: \"\"ibps/ids_top7_LI3.mx\"\n"
"kernel 4 (Local (4)):"
"\"File: \"\"ibps/ids_top7_LI7.mx\"\" done in \"{0.011619, Null}\n"
"kernel 1 (Local (4)):"
"\"File: \"\"ibps/ids_top7_IBP2.mx\"\" done in \"{0.009457, Null}\n"
"kernel 2 (Local (4)):"
"\"File: \"\"ibps/ids_top7_IBP7.mx\"\n"
"kernel 3 (Local (4)):"
"\"File: \"\"ibps/ids_top7_LI3.mx\"\" done in \"{0.010124, Null}\n"
"kernel 4 (Local (4)):"
"\"File: \"\"ibps/ids_top7_LI8.mx\"\n"
"kernel 1 (Local (4)):"
"\"File: \"\"ibps/ids_top7_IBP3.mx\"\n"
"kernel 2 (Local (4)):"
"\"File: \"\"ibps/ids_top7_IBP7.mx\"\" done in \"{0.012001, Null}\n"
"kernel 3 (Local (4)):"
"\"File: \"\"ibps/ids_top7_LI4.mx\"\n"
"kernel 4 (Local (4)):"
"\"File: \"\"ibps/ids_top7_LI8.mx\"\" done in \"{0.011983, Null}\n"
"kernel 1 (Local (4)):"
"\"File: \"\"ibps/ids_top7_IBP3.mx\"\" done in \"{0.009584, Null}\n"
"kernel 2 (Local (4)):"
"\"File: \"\"ibps/ids_top7_IBP8.mx\"\n"
"kernel 3 (Local (4)):"
"\"File: \"\"ibps/ids_top7_LI4.mx\"\" done in \"{0.009322, Null}\n"
"kernel 4 (Local (4)):"
"\"File: \"\"ibps/ids_top7_LI9.mx\"\n"
"kernel 1 (Local (4)):"
"\"File: \"\"ibps/ids_top7_IBP4.mx\"\n"
"kernel 2 (Local (4)):"
"\"File: \"\"ibps/ids_top7_IBP8.mx\"\" done in \"{0.011765, Null}\n"
"kernel 3 (Local (4)):"
"\"File: \"\"ibps/ids_top7_LI5.mx\"\n"
"kernel 4 (Local (4)):"
"\"File: \"\"ibps/ids_top7_LI9.mx\"\" done in \"{0.011966, Null}\n"
"kernel 1 (Local (4)):"
"\"File: \"\"ibps/ids_top7_IBP4.mx\"\" done in \"{0.009498, Null}\n"
"kernel 2 (Local (4)):"
"\"File: \"\"ibps/ids_top7_IBP9.mx\"\n"
"kernel 3 (Local (4)):"
"\"File: \"\"ibps/ids_top7_LI5.mx\"\" done in \"{0.010616, Null}\n"
"kernel 4 (Local (4)):"
"\"File: \"\"ibps/ids_top7_Map1.mx\"\n"
"kernel 2 (Local (4)):"
"\"File: \"\"ibps/ids_top7_IBP9.mx\"\" done in \"{0.013003, Null}\n"
"kernel 4 (Local (4)):"
"\"File: \"\"ibps/ids_top7_Map1.mx\"\" done in \"{0.008288, Null}\n"
"kernel 1 (Local (4)):"
"\"File: \"\"ibps/ids_top7_Map2.mx\"\n"
"kernel 3 (Local (4)):"
"\"File: \"\"ibps/ids_top7_SR2.mx\"\n"
"kernel 2 (Local (4)):"
"\"File: \"\"ibps/ids_top7_SR7.mx\"\n"
"kernel 4 (Local (4)):"
"\"File: \"\"ibps/ids_top7_SubSym3.mx\"\n"
"kernel 1 (Local (4)):"
"\"File: \"\"ibps/ids_top7_Map2.mx\"\" done in \"{0.010345, Null}\n"
"kernel 2 (Local (4)):"
"\"File: \"\"ibps/ids_top7_SR7.mx\"\" done in \"{0.007864, Null}\n"
"kernel 3 (Local (4)):"
"\"File: \"\"ibps/ids_top7_SR2.mx\"\" done in \"{0.008023, Null}\n"
"kernel 4 (Local (4)):"
"\"File: \"\"ibps/ids_top7_SubSym3.mx\"\" done in \"{0.007624, Null}\n"
"kernel 1 (Local (4)):"
"\"File: \"\"ibps/ids_top7_Map3.mx\"\n"
"kernel 2 (Local (4)):"
"\"File: \"\"ibps/ids_top7_SR8.mx\"\n"
"kernel 3 (Local (4)):"
"\"File: \"\"ibps/ids_top7_SR3.mx\"\n"
"kernel 4 (Local (4)):"
"\"File: \"\"ibps/ids_top7_SubSym4.mx\"\n"
"kernel 1 (Local (4)):"
"\"File: \"\"ibps/ids_top7_Map3.mx\"\" done in \"{0.009118, Null}\n"
"kernel 2 (Local (4)):"
"\"File: \"\"ibps/ids_top7_SR8.mx\"\" done in \"{0.009102, Null}\n"
"kernel 3 (Local (4)):"
"\"File: \"\"ibps/ids_top7_SR3.mx\"\" done in \"{0.00723, Null}\n"
"kernel 4 (Local (4)):"
"\"File: \"\"ibps/ids_top7_SubSym4.mx\"\" done in \"{0.007058, Null}\n"
"kernel 1 (Local (4)):"
"\"File: \"\"ibps/ids_top7_Map4.mx\"\n"
"kernel 2 (Local (4)):"
"\"File: \"\"ibps/ids_top7_SR9.mx\"\n"
"kernel 3 (Local (4)):"
"\"File: \"\"ibps/ids_top7_SR4.mx\"\n"
"kernel 4 (Local (4)):"
"\"File: \"\"ibps/ids_top7_SubSym5.mx\"\n"
"kernel 1 (Local (4)):"
"\"File: \"\"ibps/ids_top7_Map4.mx\"\" done in \"{0.011945, Null}\n"
"kernel 2 (Local (4)):"
"\"File: \"\"ibps/ids_top7_SR9.mx\"\" done in \"{0.009342, Null}\n"
"kernel 3 (Local (4)):"
"\"File: \"\"ibps/ids_top7_SR4.mx\"\" done in \"{0.00681, Null}\n"
"kernel 4 (Local (4)):"
"\"File: \"\"ibps/ids_top7_SubSym5.mx\"\" done in \"{0.00673, Null}\n"
"kernel 1 (Local (4)):"
"\"File: \"\"ibps/ids_top7_Map5.mx\"\n"
"kernel 2 (Local (4)):"
"\"File: \"\"ibps/ids_top7_SubSym1.mx\"\n"
"kernel 3 (Local (4)):"
"\"File: \"\"ibps/ids_top7_SR5.mx\"\n"
"kernel 4 (Local (4)):"
"\"File: \"\"ibps/ids_top7_SubSym6.mx\"\n"
"kernel 1 (Local (4)):"
"\"File: \"\"ibps/ids_top7_Map5.mx\"\" done in \"{0.012293, Null}\n"
"kernel 2 (Local (4)):"
"\"File: \"\"ibps/ids_top7_SubSym1.mx\"\" done in \"{0.007685, Null}\n"
"kernel 3 (Local (4)):"
"\"File: \"\"ibps/ids_top7_SR5.mx\"\" done in \"{0.007627, Null}\n"
"kernel 4 (Local (4)):"
"\"File: \"\"ibps/ids_top7_SubSym6.mx\"\" done in \"{0.006807, Null}\n"
"kernel 1 (Local (4)):"
"\"File: \"\"ibps/ids_top7_SR1.mx\"\n"
"kernel 2 (Local (4)):"
"\"File: \"\"ibps/ids_top7_SubSym2.mx\"\n"
"kernel 3 (Local (4)):"
"\"File: \"\"ibps/ids_top7_SR6.mx\"\n"
"kernel 4 (Local (4)):"
"\"File: \"\"ibps/ids_top7_usints.mx\"\n"
"kernel 1 (Local (4)):"
"\"File: \"\"ibps/ids_top7_SR1.mx\"\" done in \"{0.006536, Null}\n"
"kernel 2 (Local (4)):"
"\"File: \"\"ibps/ids_top7_SubSym2.mx\"\" done in \"{0.007221, Null}\n"
"kernel 3 (Local (4)):"
"\"File: \"\"ibps/ids_top7_SR6.mx\"\" done in \"{0.009397, Null}\n"
"kernel 4 (Local (4)):"
"\"File: \"\"ibps/ids_top7_usints.mx\"\" done in \"{0.007569, Null}\n"
"-> all in :"{0.283234, Null}
