CalcLoop: a tool for automated multiloop calculation in quantum field theory.
Version 2022/07/10.
Number of defined symbols=45. Please see ?CalcLoop`* for help.
Blade: a pacakge for block-triangular form improved Feynman integral decomposition.
Version 2024/05/23.
Author: Xin Guan, Xiao Liu, Yan-Qing Ma and Wen-Hao Wu.
Number of defined symbols=68. Please see ?Blade`* for help.

--------------------------------------------------
BLSetReducerOptions->"IBPParameter" -> Automatic, "IntegralOrdering" -> 1, "CheckMastersQ" -> True, "FilterLevel" -> 3, "IBPForMapSector" -> False, "MaxIncrement" -> 2, "CloseSymmetry" -> False, "ExternalSymmetry" -> True, "CutNoDot" -> False, "BlackBoxRank" -> 2, "BlackBoxDot" -> 0, "MaxPrime" -> 200, "MaxDegree" -> 1000, "Reconstructor" -> "FiniteFlow"
BLSetSchemeOptions->"OperatorExtendGQ" -> True, "MinimalSchemeRank" -> 1, "PartitionDot" -> True, "PartitionRankThreshold" -> 100, "UniqueSubsectorQ" -> True"--------------------------------------------------"
"BladeIBP: a package for generating IBP, LI and Symmetry relations."

FrontEndObject::notavail: A front end is not available; certain operations require a front end.
Number of Families = 1. Number of Sectors = 8.
"6 zero sectors found, 10 nonzero sectors found."
"8 unique sectors found, 2 mapped sectors found, 0 extmapped sectors found."
"7 subgraph-unique sectors found, 0 subgraph-mapped sectors found"
"Seeding Id type ->""IBP"
"Seeding Id type ->""LI"
"Seeding Id type ->""SR"
"Seeding Id type ->""Map"
"Seeding Id type ->""SubSym"
"====================="
"Id type -> ""IBP"" # chunks -> "8
"====================="
"kernel 1 (Local (4)):"
"\"IBP\"\" #\"1\" of \"8\n"
"kernel 2 (Local (4)):"
"\"IBP\"\" #\"3\" of \"8\n"
"kernel 3 (Local (4)):"
"\"IBP\"\" #\"5\" of \"8\n"
"kernel 4 (Local (4)):"
"\"IBP\"\" #\"7\" of \"8\n"
"kernel 1 (Local (4)):"
"\" -> \"\"done in \"{0.033194, Null}\n"
"kernel 2 (Local (4)):"
"\" -> \"\"done in \"{0.033402, Null}\n"
"kernel 3 (Local (4)):"
"\" -> \"\"done in \"{0.033742, Null}\n"
"kernel 4 (Local (4)):"
"\" -> \"\"done in \"{0.033586, Null}\n"
"kernel 1 (Local (4)):"
"\"IBP\"\" #\"2\" of \"8\n"
"kernel 2 (Local (4)):"
"\"IBP\"\" #\"4\" of \"8\n"
"kernel 3 (Local (4)):"
"\"IBP\"\" #\"6\" of \"8\n"
"kernel 4 (Local (4)):"
"\"IBP\"\" #\"8\" of \"8\n"
"kernel 1 (Local (4)):"
"\" -> \"\"done in \"{0.004683, Null}\n"
"kernel 2 (Local (4)):"
"\" -> \"\"done in \"{0.004611, Null}\n"
"kernel 3 (Local (4)):"
"\" -> \"\"done in \"{0.005289, Null}\n"
"kernel 4 (Local (4)):"
"\" -> \"\"done in \"{0.00567, Null}\n"
"====================="
"Id type -> ""LI"" # chunks -> "8
"====================="
"kernel 1 (Local (4)):"
"\"LI\"\" #\"1\" of \"8\n"
"kernel 2 (Local (4)):"
"\"LI\"\" #\"3\" of \"8\n"
"kernel 3 (Local (4)):"
"\"LI\"\" #\"5\" of \"8\n"
"kernel 4 (Local (4)):"
"\"LI\"\" #\"7\" of \"8\n"
"kernel 1 (Local (4)):"
"\" -> \"\"done in \"{0.004488, Null}\n"
"kernel 2 (Local (4)):"
"\" -> \"\"done in \"{0.005298, Null}\n"
"kernel 3 (Local (4)):"
"\" -> \"\"done in \"{0.00597, Null}\n"
"kernel 4 (Local (4)):"
"\" -> \"\"done in \"{0.005983, Null}\n"
"kernel 1 (Local (4)):"
"\"LI\"\" #\"2\" of \"8\n"
"kernel 2 (Local (4)):"
"\"LI\"\" #\"4\" of \"8\n"
"kernel 3 (Local (4)):"
"\"LI\"\" #\"6\" of \"8\n"
"kernel 4 (Local (4)):"
"\"LI\"\" #\"8\" of \"8\n"
"kernel 1 (Local (4)):"
"\" -> \"\"done in \"{0.004864, Null}\n"
"kernel 2 (Local (4)):"
"\" -> \"\"done in \"{0.004695, Null}\n"
"kernel 3 (Local (4)):"
"\" -> \"\"done in \"{0.005534, Null}\n"
"kernel 4 (Local (4)):"
"\" -> \"\"done in \"{0.006044, Null}\n"
"====================="
"Id type -> ""SR"" # chunks -> "8
"====================="
"kernel 1 (Local (4)):"
"\"SR\"\" #\"1\" of \"8\n"
"kernel 2 (Local (4)):"
"\"SR\"\" #\"3\" of \"8\n"
"kernel 3 (Local (4)):"
"\"SR\"\" #\"5\" of \"8\n"
"kernel 4 (Local (4)):"
"\"SR\"\" #\"7\" of \"8\n"
"kernel 1 (Local (4)):"
"\"sectors involved: \"{{1, 1, 1, 1}}\n"
"kernel 2 (Local (4)):"
"\"sectors involved: \"{{1, 1, 0, 1}}\n"
"kernel 3 (Local (4)):"
"\"sectors involved: \"{{1, 0, 0, 1}}\n"
"kernel 4 (Local (4)):"
"\"sectors involved: \"{{0, 1, 0, 1}}\n"
"kernel 1 (Local (4)):"
"\"#Symmetry Relations:  \"0\n"
"kernel 2 (Local (4)):"
"\"#Symmetry Relations:  \"0\n"
"kernel 3 (Local (4)):"
"\"#Symmetry Relations:  \"4\n"
"kernel 4 (Local (4)):"
"\"#Symmetry Relations:  \"0\n"
"kernel 1 (Local (4)):"
"\" -> \"\"done in \"{0.004966, Null}\n"
"kernel 2 (Local (4)):"
"\" -> \"\"done in \"{0.004702, Null}\n"
"kernel 3 (Local (4)):"
"\" -> \"\"done in \"{0.006086, Null}\n"
"kernel 4 (Local (4)):"
"\" -> \"\"done in \"{0.004325, Null}\n"
"kernel 1 (Local (4)):"
"\"SR\"\" #\"2\" of \"8\n"
"kernel 2 (Local (4)):"
"\"SR\"\" #\"4\" of \"8\n"
"kernel 3 (Local (4)):"
"\"SR\"\" #\"6\" of \"8\n"
"kernel 4 (Local (4)):"
"\"SR\"\" #\"8\" of \"8\n"
"kernel 1 (Local (4)):"
"\"sectors involved: \"{{1, 1, 1, 0}}\n"
"kernel 2 (Local (4)):"
"\"sectors involved: \"{{0, 1, 1, 1}}\n"
"kernel 3 (Local (4)):"
"\"sectors involved: \"{{0, 1, 1, 0}}\n"
"kernel 4 (Local (4)):"
"\"sectors involved: \"{{0, 0, 0, 1}}\n"
"kernel 1 (Local (4)):"
"\"#Symmetry Relations:  \"0\n"
"kernel 2 (Local (4)):"
"\"#Symmetry Relations:  \"0\n"
"kernel 3 (Local (4)):"
"\"#Symmetry Relations:  \"6\n"
"kernel 4 (Local (4)):"
"\"#Symmetry Relations:  \"19\n"
"kernel 1 (Local (4)):"
"\" -> \"\"done in \"{0.004784, Null}\n"
"kernel 2 (Local (4)):"
"\" -> \"\"done in \"{0.004866, Null}\n"
"kernel 3 (Local (4)):"
"\" -> \"\"done in \"{0.010251, Null}\n"
"kernel 4 (Local (4)):"
"\" -> \"\"done in \"{0.014358, Null}\n"
"====================="
"Id type -> ""Map"" # chunks -> "2
"====================="
"kernel 1 (Local (4)):"
"\"Map\"\" #\"1\" of \"2\n"
"kernel 2 (Local (4)):"
"\"Map\"\" #\"2\" of \"2\n"
"kernel 1 (Local (4)):"
"\"sectors involved: \"{{1, 0, 1, 1}}\n"
"kernel 2 (Local (4)):"
"\"sectors involved: \"{{0, 0, 1, 1}}\n"
"kernel 1 (Local (4)):"
"\"#Symmetry Relations:  \"12\n"
"kernel 2 (Local (4)):"
"\"#Symmetry Relations:  \"18\n"
"kernel 1 (Local (4)):"
"\" -> \"\"done in \"{0.006966, Null}\n"
"kernel 2 (Local (4)):"
"\" -> \"\"done in \"{0.008194, Null}\n"
"====================="
"Id type -> ""SubSym"" # chunks -> "5
"====================="
"kernel 1 (Local (4)):"
"\"SubSym\"\" #\"1\" of \"5\n"
"kernel 2 (Local (4)):"
"\"SubSym\"\" #\"3\" of \"5\n"
"kernel 3 (Local (4)):"
"\"SubSym\"\" #\"4\" of \"5\n"
"kernel 4 (Local (4)):"
"\"SubSym\"\" #\"5\" of \"5\n"
"kernel 1 (Local (4)):"
"\" -> \"\"done in \"{0.009577, Null}\n"
"kernel 2 (Local (4)):"
"\" -> \"\"done in \"{0.010061, Null}\n"
"kernel 3 (Local (4)):"
"\" -> \"\"done in \"{0.010547, Null}\n"
"kernel 4 (Local (4)):"
"\" -> \"\"done in \"{0.010073, Null}\n"
"kernel 1 (Local (4)):"
"\"SubSym\"\" #\"2\" of \"5\n"
"kernel 1 (Local (4)):"
"\" -> \"\"done in \"{0.004999, Null}\n"
"Generating list of integrals ..."
" -> list of integrals generated"
"Exporting positions maps ..."
" -> positions maps exported"
"Serialize identities ..."
"kernel 1 (Local (4)):"
"\"File: \"\"ibps/ids_top5_exints.mx\"\n"
"kernel 2 (Local (4)):"
"\"File: \"\"ibps/ids_top5_IBP5.mx\"\n"
"kernel 3 (Local (4)):"
"\"File: \"\"ibps/ids_top5_LI1.mx\"\n"
"kernel 4 (Local (4)):"
"\"File: \"\"ibps/ids_top5_LI5.mx\"\n"
"kernel 1 (Local (4)):"
"\"File: \"\"ibps/ids_top5_exints.mx\"\" done in \"{0.009419, Null}\n"
"kernel 2 (Local (4)):"
"\"File: \"\"ibps/ids_top5_IBP5.mx\"\" done in \"{0.011934, Null}\n"
"kernel 3 (Local (4)):"
"\"File: \"\"ibps/ids_top5_LI1.mx\"\" done in \"{0.010342, Null}\n"
"kernel 4 (Local (4)):"
"\"File: \"\"ibps/ids_top5_LI5.mx\"\" done in \"{0.012446, Null}\n"
"kernel 1 (Local (4)):"
"\"File: \"\"ibps/ids_top5_IBP1.mx\"\n"
"kernel 2 (Local (4)):"
"\"File: \"\"ibps/ids_top5_IBP6.mx\"\n"
"kernel 3 (Local (4)):"
"\"File: \"\"ibps/ids_top5_LI2.mx\"\n"
"kernel 4 (Local (4)):"
"\"File: \"\"ibps/ids_top5_LI6.mx\"\n"
"kernel 1 (Local (4)):"
"\"File: \"\"ibps/ids_top5_IBP1.mx\"\" done in \"{0.007672, Null}\n"
"kernel 2 (Local (4)):"
"\"File: \"\"ibps/ids_top5_IBP6.mx\"\" done in \"{0.009257, Null}\n"
"kernel 3 (Local (4)):"
"\"File: \"\"ibps/ids_top5_LI2.mx\"\" done in \"{0.008892, Null}\n"
"kernel 4 (Local (4)):"
"\"File: \"\"ibps/ids_top5_LI6.mx\"\" done in \"{0.009541, Null}\n"
"kernel 1 (Local (4)):"
"\"File: \"\"ibps/ids_top5_IBP2.mx\"\n"
"kernel 2 (Local (4)):"
"\"File: \"\"ibps/ids_top5_IBP7.mx\"\n"
"kernel 3 (Local (4)):"
"\"File: \"\"ibps/ids_top5_LI3.mx\"\n"
"kernel 4 (Local (4)):"
"\"File: \"\"ibps/ids_top5_LI7.mx\"\n"
"kernel 1 (Local (4)):"
"\"File: \"\"ibps/ids_top5_IBP2.mx\"\" done in \"{0.008824, Null}\n"
"kernel 2 (Local (4)):"
"\"File: \"\"ibps/ids_top5_IBP7.mx\"\" done in \"{0.009699, Null}\n"
"kernel 3 (Local (4)):"
"\"File: \"\"ibps/ids_top5_LI3.mx\"\" done in \"{0.009006, Null}\n"
"kernel 4 (Local (4)):"
"\"File: \"\"ibps/ids_top5_LI7.mx\"\" done in \"{0.010382, Null}\n"
"kernel 1 (Local (4)):"
"\"File: \"\"ibps/ids_top5_IBP3.mx\"\n"
"kernel 2 (Local (4)):"
"\"File: \"\"ibps/ids_top5_IBP8.mx\"\n"
"kernel 3 (Local (4)):"
"\"File: \"\"ibps/ids_top5_LI4.mx\"\n"
"kernel 4 (Local (4)):"
"\"File: \"\"ibps/ids_top5_LI8.mx\"\n"
"kernel 1 (Local (4)):"
"\"File: \"\"ibps/ids_top5_IBP3.mx\"\" done in \"{0.008735, Null}\n"
"kernel 2 (Local (4)):"
"\"File: \"\"ibps/ids_top5_IBP8.mx\"\" done in \"{0.010226, Null}\n"
"kernel 3 (Local (4)):"
"\"File: \"\"ibps/ids_top5_LI4.mx\"\" done in \"{0.009082, Null}\n"
"kernel 4 (Local (4)):"
"\"File: \"\"ibps/ids_top5_LI8.mx\"\" done in \"{0.010889, Null}\n"
"kernel 1 (Local (4)):"
"\"File: \"\"ibps/ids_top5_IBP4.mx\"\n"
"kernel 1 (Local (4)):"
"\"File: \"\"ibps/ids_top5_IBP4.mx\"\" done in \"{0.008672, Null}\n"
"kernel 2 (Local (4)):"
"\"File: \"\"ibps/ids_top5_Map1.mx\"\n"
"kernel 3 (Local (4)):"
"\"File: \"\"ibps/ids_top5_SR3.mx\"\n"
"kernel 4 (Local (4)):"
"\"File: \"\"ibps/ids_top5_SR7.mx\"\n"
"kernel 2 (Local (4)):"
"\"File: \"\"ibps/ids_top5_Map1.mx\"\" done in \"{0.008664, Null}\n"
"kernel 3 (Local (4)):"
"\"File: \"\"ibps/ids_top5_SR3.mx\"\" done in \"{0.007819, Null}\n"
"kernel 4 (Local (4)):"
"\"File: \"\"ibps/ids_top5_SR7.mx\"\" done in \"{0.007653, Null}\n"
"kernel 1 (Local (4)):"
"\"File: \"\"ibps/ids_top5_SubSym3.mx\"\n"
"kernel 2 (Local (4)):"
"\"File: \"\"ibps/ids_top5_Map2.mx\"\n"
"kernel 3 (Local (4)):"
"\"File: \"\"ibps/ids_top5_SR4.mx\"\n"
"kernel 4 (Local (4)):"
"\"File: \"\"ibps/ids_top5_SR8.mx\"\n"
"kernel 1 (Local (4)):"
"\"File: \"\"ibps/ids_top5_SubSym3.mx\"\" done in \"{0.007639, Null}\n"
"kernel 2 (Local (4)):"
"\"File: \"\"ibps/ids_top5_Map2.mx\"\" done in \"{0.008624, Null}\n"
"kernel 3 (Local (4)):"
"\"File: \"\"ibps/ids_top5_SR4.mx\"\" done in \"{0.007182, Null}\n"
"kernel 4 (Local (4)):"
"\"File: \"\"ibps/ids_top5_SR8.mx\"\" done in \"{0.008975, Null}\n"
"kernel 1 (Local (4)):"
"\"File: \"\"ibps/ids_top5_SubSym4.mx\"\n"
"kernel 2 (Local (4)):"
"\"File: \"\"ibps/ids_top5_SR1.mx\"\n"
"kernel 3 (Local (4)):"
"\"File: \"\"ibps/ids_top5_SR5.mx\"\n"
"kernel 4 (Local (4)):"
"\"File: \"\"ibps/ids_top5_SubSym1.mx\"\n"
"kernel 1 (Local (4)):"
"\"File: \"\"ibps/ids_top5_SubSym4.mx\"\" done in \"{0.007059, Null}\n"
"kernel 2 (Local (4)):"
"\"File: \"\"ibps/ids_top5_SR1.mx\"\" done in \"{0.007182, Null}\n"
"kernel 3 (Local (4)):"
"\"File: \"\"ibps/ids_top5_SR5.mx\"\" done in \"{0.007113, Null}\n"
"kernel 4 (Local (4)):"
"\"File: \"\"ibps/ids_top5_SubSym1.mx\"\" done in \"{0.007035, Null}\n"
"kernel 1 (Local (4)):"
"\"File: \"\"ibps/ids_top5_SubSym5.mx\"\n"
"kernel 2 (Local (4)):"
"\"File: \"\"ibps/ids_top5_SR2.mx\"\n"
"kernel 3 (Local (4)):"
"\"File: \"\"ibps/ids_top5_SR6.mx\"\n"
"kernel 4 (Local (4)):"
"\"File: \"\"ibps/ids_top5_SubSym2.mx\"\n"
"kernel 1 (Local (4)):"
"\"File: \"\"ibps/ids_top5_SubSym5.mx\"\" done in \"{0.007124, Null}\n"
"kernel 2 (Local (4)):"
"\"File: \"\"ibps/ids_top5_SR2.mx\"\" done in \"{0.007178, Null}\n"
"kernel 3 (Local (4)):"
"\"File: \"\"ibps/ids_top5_SR6.mx\"\" done in \"{0.007469, Null}\n"
"kernel 4 (Local (4)):"
"\"File: \"\"ibps/ids_top5_SubSym2.mx\"\" done in \"{0.006769, Null}\n"
"kernel 1 (Local (4)):"
"\"File: \"\"ibps/ids_top5_usints.mx\"\n"
"kernel 1 (Local (4)):"
"\"File: \"\"ibps/ids_top5_usints.mx\"\" done in \"{0.00603, Null}\n"
"-> all in :"{0.235073, Null}
