CalcLoop: a tool for automated multiloop calculation in quantum field theory.
Version 2022/07/10.
Number of defined symbols=45. Please see ?CalcLoop`* for help.
Blade: a pacakge for block-triangular form improved Feynman integral decomposition.
Version 2024/05/23.
Author: Xin Guan, Xiao Liu, Yan-Qing Ma and Wen-Hao Wu.
Number of defined symbols=68. Please see ?Blade`* for help.

--------------------------------------------------
BLSetReducerOptions->"IBPParameter" -> Automatic, "IntegralOrdering" -> 1, "CheckMastersQ" -> True, "FilterLevel" -> 3, "IBPForMapSector" -> False, "MaxIncrement" -> 2, "CloseSymmetry" -> False, "ExternalSymmetry" -> True, "CutNoDot" -> False, "BlackBoxRank" -> 2, "BlackBoxDot" -> 0, "MaxPrime" -> 200, "MaxDegree" -> 1000, "Reconstructor" -> "FiniteFlow"
BLSetSchemeOptions->"OperatorExtendGQ" -> True, "MinimalSchemeRank" -> 1, "PartitionDot" -> True, "PartitionRankThreshold" -> 100, "UniqueSubsectorQ" -> True"--------------------------------------------------"
"BladeIBP: a package for generating IBP, LI and Symmetry relations."

FrontEndObject::notavail: A front end is not available; certain operations require a front end.
Number of Families = 1. Number of Sectors = 8.
"6 zero sectors found, 10 nonzero sectors found."
"8 unique sectors found, 2 mapped sectors found, 0 extmapped sectors found."
"7 subgraph-unique sectors found, 0 subgraph-mapped sectors found"
"kernel 1 (Local (4)):"
"{1, 1, 1, 1}\" done in: \"0.022387`4.801540892758829\"s.\"\n"
"kernel 2 (Local (4)):"
"{1, 1, 1, 0}\" done in: \"0.022247`4.798816448305578\"s.\"\n"
"kernel 4 (Local (4)):"
"{1, 0, 1, 1}\" done in: \"0.023547`4.823480577298936\"s.\"\n"
"kernel 3 (Local (4)):"
"{1, 1, 0, 1}\" done in: \"0.024447`4.83977056601967\"s.\"\n"
"kernel 1 (Local (4)):"
"{0, 1, 1, 1}\" done in: \"0.020559`4.764546980033032\"s.\"\n"
"kernel 2 (Local (4)):"
"{1, 0, 0, 1}\" done in: \"0.018744`4.724407269084882\"s.\"\n"
"kernel 3 (Local (4)):"
"{0, 1, 0, 1}\" done in: \"0.021318`4.780291451368942\"s.\"\n"
"kernel 4 (Local (4)):"
"{0, 1, 1, 0}\" done in: \"0.018948`4.729108369551891\"s.\"\n"
"kernel 1 (Local (4)):"
"{0, 0, 1, 1}\" done in: \"0.019236`4.7356597618977405\"s.\"\n"
"kernel 2 (Local (4)):"
"{0, 0, 0, 1}\" done in: \"0.016347`4.664983056119742\"s.\"\n"
"fast determineMI done in: "0.6632640000000000001`6.273231419219435
"# rawmasters(nomap): "5", # rawmasters: "5
