CalcLoop: a tool for automated multiloop calculation in quantum field theory.
Version 2022/07/10.
Number of defined symbols=45. Please see ?CalcLoop`* for help.
Blade: a pacakge for block-triangular form improved Feynman integral decomposition.
Version 2024/05/23.
Author: Xin Guan, Xiao Liu, Yan-Qing Ma and Wen-Hao Wu.
Number of defined symbols=68. Please see ?Blade`* for help.

--------------------------------------------------
BLSetReducerOptions->"IBPParameter" -> Automatic, "IntegralOrdering" -> 1, "CheckMastersQ" -> True, "FilterLevel" -> 3, "IBPForMapSector" -> False, "MaxIncrement" -> 2, "CloseSymmetry" -> False, "ExternalSymmetry" -> True, "CutNoDot" -> False, "BlackBoxRank" -> 2, "BlackBoxDot" -> 0, "MaxPrime" -> 200, "MaxDegree" -> 1000, "Reconstructor" -> "FiniteFlow"
BLSetSchemeOptions->"OperatorExtendGQ" -> True, "MinimalSchemeRank" -> 1, "PartitionDot" -> True, "PartitionRankThreshold" -> 100, "UniqueSubsectorQ" -> True"--------------------------------------------------"
"BladeIBP: a package for generating IBP, LI and Symmetry relations."

FrontEndObject::notavail: A front end is not available; certain operations require a front end.
Number of Families = 1. Number of Sectors = 10.
"4 zero sectors found, 12 nonzero sectors found."
"10 unique sectors found, 2 mapped sectors found, 0 extmapped sectors found."
"9 subgraph-unique sectors found, 0 subgraph-mapped sectors found"
"Seeding Id type ->""IBP"
"Seeding Id type ->""LI"
"Seeding Id type ->""SR"
"Seeding Id type ->""Map"
"Seeding Id type ->""SubSym"
"====================="
"Id type -> ""IBP"" # chunks -> "10
"====================="
"kernel 1 (Local (4)):"
"\"IBP\"\" #\"1\" of \"10\n"
"kernel 2 (Local (4)):"
"\"IBP\"\" #\"3\" of \"10\n"
"kernel 3 (Local (4)):"
"\"IBP\"\" #\"5\" of \"10\n"
"kernel 4 (Local (4)):"
"\"IBP\"\" #\"6\" of \"10\n"
"kernel 1 (Local (4)):"
"\" -> \"\"done in \"{0.032725, Null}\n"
"kernel 2 (Local (4)):"
"\" -> \"\"done in \"{0.033364, Null}\n"
"kernel 3 (Local (4)):"
"\" -> \"\"done in \"{0.032892, Null}\n"
"kernel 4 (Local (4)):"
"\" -> \"\"done in \"{0.033707, Null}\n"
"kernel 1 (Local (4)):"
"\"IBP\"\" #\"2\" of \"10\n"
"kernel 2 (Local (4)):"
"\"IBP\"\" #\"4\" of \"10\n"
"kernel 1 (Local (4)):"
"\" -> \"\"done in \"{0.004539, Null}\n"
"kernel 2 (Local (4)):"
"\" -> \"\"done in \"{0.004608, Null}\n"
"kernel 3 (Local (4)):"
"\"IBP\"\" #\"7\" of \"10\n"
"kernel 4 (Local (4)):"
"\"IBP\"\" #\"8\" of \"10\n"
"kernel 3 (Local (4)):"
"\" -> \"\"done in \"{0.004976, Null}\n"
"kernel 4 (Local (4)):"
"\" -> \"\"done in \"{0.004911, Null}\n"
"kernel 1 (Local (4)):"
"\"IBP\"\" #\"9\" of \"10\n"
"kernel 2 (Local (4)):"
"\"IBP\"\" #\"10\" of \"10\n"
"kernel 1 (Local (4)):"
"\" -> \"\"done in \"{0.004692, Null}\n"
"kernel 2 (Local (4)):"
"\" -> \"\"done in \"{0.005114, Null}\n"
"====================="
"Id type -> ""LI"" # chunks -> "10
"====================="
"kernel 1 (Local (4)):"
"\"LI\"\" #\"1\" of \"10\n"
"kernel 2 (Local (4)):"
"\"LI\"\" #\"3\" of \"10\n"
"kernel 3 (Local (4)):"
"\"LI\"\" #\"5\" of \"10\n"
"kernel 4 (Local (4)):"
"\"LI\"\" #\"6\" of \"10\n"
"kernel 1 (Local (4)):"
"\" -> \"\"done in \"{0.004109, Null}\n"
"kernel 2 (Local (4)):"
"\" -> \"\"done in \"{0.004817, Null}\n"
"kernel 3 (Local (4)):"
"\" -> \"\"done in \"{0.005222, Null}\n"
"kernel 4 (Local (4)):"
"\" -> \"\"done in \"{0.005861, Null}\n"
"kernel 1 (Local (4)):"
"\"LI\"\" #\"2\" of \"10\n"
"kernel 2 (Local (4)):"
"\"LI\"\" #\"4\" of \"10\n"
"kernel 1 (Local (4)):"
"\" -> \"\"done in \"{0.004786, Null}\n"
"kernel 2 (Local (4)):"
"\" -> \"\"done in \"{0.004864, Null}\n"
"kernel 3 (Local (4)):"
"\"LI\"\" #\"7\" of \"10\n"
"kernel 4 (Local (4)):"
"\"LI\"\" #\"8\" of \"10\n"
"kernel 3 (Local (4)):"
"\" -> \"\"done in \"{0.005169, Null}\n"
"kernel 4 (Local (4)):"
"\" -> \"\"done in \"{0.005035, Null}\n"
"kernel 1 (Local (4)):"
"\"LI\"\" #\"9\" of \"10\n"
"kernel 2 (Local (4)):"
"\"LI\"\" #\"10\" of \"10\n"
"kernel 1 (Local (4)):"
"\" -> \"\"done in \"{0.004918, Null}\n"
"kernel 2 (Local (4)):"
"\" -> \"\"done in \"{0.00519, Null}\n"
"====================="
"Id type -> ""SR"" # chunks -> "10
"====================="
"kernel 1 (Local (4)):"
"\"SR\"\" #\"1\" of \"10\n"
"kernel 2 (Local (4)):"
"\"SR\"\" #\"3\" of \"10\n"
"kernel 3 (Local (4)):"
"\"SR\"\" #\"5\" of \"10\n"
"kernel 4 (Local (4)):"
"\"SR\"\" #\"6\" of \"10\n"
"kernel 1 (Local (4)):"
"\"sectors involved: \"{{1, 1, 1, 1}}\n"
"kernel 2 (Local (4)):"
"\"sectors involved: \"{{1, 1, 0, 1}}\n"
"kernel 3 (Local (4)):"
"\"sectors involved: \"{{0, 1, 1, 1}}\n"
"kernel 4 (Local (4)):"
"\"sectors involved: \"{{1, 1, 0, 0}}\n"
"kernel 1 (Local (4)):"
"\"#Symmetry Relations:  \"0\n"
"kernel 2 (Local (4)):"
"\"#Symmetry Relations:  \"0\n"
"kernel 3 (Local (4)):"
"\"#Symmetry Relations:  \"0\n"
"kernel 4 (Local (4)):"
"\"#Symmetry Relations:  \"0\n"
"kernel 1 (Local (4)):"
"\" -> \"\"done in \"{0.00464, Null}\n"
"kernel 2 (Local (4)):"
"\" -> \"\"done in \"{0.004579, Null}\n"
"kernel 3 (Local (4)):"
"\" -> \"\"done in \"{0.004543, Null}\n"
"kernel 4 (Local (4)):"
"\" -> \"\"done in \"{0.004575, Null}\n"
"kernel 1 (Local (4)):"
"\"SR\"\" #\"2\" of \"10\n"
"kernel 2 (Local (4)):"
"\"SR\"\" #\"4\" of \"10\n"
"kernel 1 (Local (4)):"
"\"sectors involved: \"{{1, 1, 1, 0}}\n"
"kernel 2 (Local (4)):"
"\"sectors involved: \"{{1, 0, 1, 1}}\n"
"kernel 3 (Local (4)):"
"\"SR\"\" #\"7\" of \"10\n"
"kernel 4 (Local (4)):"
"\"SR\"\" #\"8\" of \"10\n"
"kernel 1 (Local (4)):"
"\"#Symmetry Relations:  \"0\n"
"kernel 2 (Local (4)):"
"\"#Symmetry Relations:  \"0\n"
"kernel 3 (Local (4)):"
"\"sectors involved: \"{{1, 0, 0, 1}}\n"
"kernel 4 (Local (4)):"
"\"sectors involved: \"{{0, 1, 1, 0}}\n"
"kernel 1 (Local (4)):"
"\" -> \"\"done in \"{0.004045, Null}\n"
"kernel 2 (Local (4)):"
"\" -> \"\"done in \"{0.004061, Null}\n"
"kernel 3 (Local (4)):"
"\"#Symmetry Relations:  \"4\n"
"kernel 4 (Local (4)):"
"\"#Symmetry Relations:  \"4\n"
"kernel 3 (Local (4)):"
"\" -> \"\"done in \"{0.008409, Null}\n"
"kernel 4 (Local (4)):"
"\" -> \"\"done in \"{0.008571, Null}\n"
"kernel 1 (Local (4)):"
"\"SR\"\" #\"9\" of \"10\n"
"kernel 2 (Local (4)):"
"\"SR\"\" #\"10\" of \"10\n"
"kernel 1 (Local (4)):"
"\"sectors involved: \"{{0, 1, 0, 1}}\n"
"kernel 2 (Local (4)):"
"\"sectors involved: \"{{0, 1, 0, 0}}\n"
"kernel 1 (Local (4)):"
"\"#Symmetry Relations:  \"3\n"
"kernel 2 (Local (4)):"
"\"#Symmetry Relations:  \"21\n"
"kernel 1 (Local (4)):"
"\" -> \"\"done in \"{0.008438, Null}\n"
"kernel 2 (Local (4)):"
"\" -> \"\"done in \"{0.020795, Null}\n"
"====================="
"Id type -> ""Map"" # chunks -> "2
"====================="
"kernel 1 (Local (4)):"
"\"Map\"\" #\"1\" of \"2\n"
"kernel 2 (Local (4)):"
"\"Map\"\" #\"2\" of \"2\n"
"kernel 1 (Local (4)):"
"\"sectors involved: \"{{0, 0, 1, 1}}\n"
"kernel 2 (Local (4)):"
"\"sectors involved: \"{{0, 0, 0, 1}}\n"
"kernel 1 (Local (4)):"
"\"#Symmetry Relations:  \"18\n"
"kernel 2 (Local (4)):"
"\"#Symmetry Relations:  \"20\n"
"kernel 1 (Local (4)):"
"\" -> \"\"done in \"{0.015403, Null}\n"
"kernel 2 (Local (4)):"
"\" -> \"\"done in \"{0.015578, Null}\n"
"====================="
"Id type -> ""SubSym"" # chunks -> "6
"====================="
"kernel 1 (Local (4)):"
"\"SubSym\"\" #\"1\" of \"6\n"
"kernel 2 (Local (4)):"
"\"SubSym\"\" #\"3\" of \"6\n"
"kernel 3 (Local (4)):"
"\"SubSym\"\" #\"5\" of \"6\n"
"kernel 4 (Local (4)):"
"\"SubSym\"\" #\"6\" of \"6\n"
"kernel 1 (Local (4)):"
"\" -> \"\"done in \"{0.010527, Null}\n"
"kernel 2 (Local (4)):"
"\" -> \"\"done in \"{0.01053, Null}\n"
"kernel 3 (Local (4)):"
"\" -> \"\"done in \"{0.010629, Null}\n"
"kernel 4 (Local (4)):"
"\" -> \"\"done in \"{0.010514, Null}\n"
"kernel 1 (Local (4)):"
"\"SubSym\"\" #\"2\" of \"6\n"
"kernel 2 (Local (4)):"
"\"SubSym\"\" #\"4\" of \"6\n"
"kernel 1 (Local (4)):"
"\" -> \"\"done in \"{0.005444, Null}\n"
"kernel 2 (Local (4)):"
"\" -> \"\"done in \"{0.005379, Null}\n"
"Generating list of integrals ..."
" -> list of integrals generated"
"Exporting positions maps ..."
" -> positions maps exported"
"Serialize identities ..."
"kernel 1 (Local (4)):"
"\"File: \"\"ibps/ids_top2_exints.mx\"\n"
"kernel 2 (Local (4)):"
"\"File: \"\"ibps/ids_top2_IBP4.mx\"\n"
"kernel 3 (Local (4)):"
"\"File: \"\"ibps/ids_top2_IBP9.mx\"\n"
"kernel 4 (Local (4)):"
"\"File: \"\"ibps/ids_top2_LI4.mx\"\n"
"kernel 1 (Local (4)):"
"\"File: \"\"ibps/ids_top2_exints.mx\"\" done in \"{0.00961, Null}\n"
"kernel 2 (Local (4)):"
"\"File: \"\"ibps/ids_top2_IBP4.mx\"\" done in \"{0.010931, Null}\n"
"kernel 3 (Local (4)):"
"\"File: \"\"ibps/ids_top2_IBP9.mx\"\" done in \"{0.012215, Null}\n"
"kernel 4 (Local (4)):"
"\"File: \"\"ibps/ids_top2_LI4.mx\"\" done in \"{0.011251, Null}\n"
"kernel 1 (Local (4)):"
"\"File: \"\"ibps/ids_top2_IBP10.mx\"\n"
"kernel 2 (Local (4)):"
"\"File: \"\"ibps/ids_top2_IBP5.mx\"\n"
"kernel 3 (Local (4)):"
"\"File: \"\"ibps/ids_top2_LI10.mx\"\n"
"kernel 4 (Local (4)):"
"\"File: \"\"ibps/ids_top2_LI5.mx\"\n"
"kernel 1 (Local (4)):"
"\"File: \"\"ibps/ids_top2_IBP10.mx\"\" done in \"{0.010054, Null}\n"
"kernel 2 (Local (4)):"
"\"File: \"\"ibps/ids_top2_IBP5.mx\"\" done in \"{0.008773, Null}\n"
"kernel 3 (Local (4)):"
"\"File: \"\"ibps/ids_top2_LI10.mx\"\" done in \"{0.010147, Null}\n"
"kernel 4 (Local (4)):"
"\"File: \"\"ibps/ids_top2_LI5.mx\"\" done in \"{0.009652, Null}\n"
"kernel 1 (Local (4)):"
"\"File: \"\"ibps/ids_top2_IBP1.mx\"\n"
"kernel 2 (Local (4)):"
"\"File: \"\"ibps/ids_top2_IBP6.mx\"\n"
"kernel 3 (Local (4)):"
"\"File: \"\"ibps/ids_top2_LI1.mx\"\n"
"kernel 4 (Local (4)):"
"\"File: \"\"ibps/ids_top2_LI6.mx\"\n"
"kernel 1 (Local (4)):"
"\"File: \"\"ibps/ids_top2_IBP1.mx\"\" done in \"{0.007802, Null}\n"
"kernel 2 (Local (4)):"
"\"File: \"\"ibps/ids_top2_IBP6.mx\"\" done in \"{0.009718, Null}\n"
"kernel 3 (Local (4)):"
"\"File: \"\"ibps/ids_top2_LI1.mx\"\" done in \"{0.008414, Null}\n"
"kernel 4 (Local (4)):"
"\"File: \"\"ibps/ids_top2_LI6.mx\"\" done in \"{0.01001, Null}\n"
"kernel 1 (Local (4)):"
"\"File: \"\"ibps/ids_top2_IBP2.mx\"\n"
"kernel 2 (Local (4)):"
"\"File: \"\"ibps/ids_top2_IBP7.mx\"\n"
"kernel 3 (Local (4)):"
"\"File: \"\"ibps/ids_top2_LI2.mx\"\n"
"kernel 4 (Local (4)):"
"\"File: \"\"ibps/ids_top2_LI7.mx\"\n"
"kernel 1 (Local (4)):"
"\"File: \"\"ibps/ids_top2_IBP2.mx\"\" done in \"{0.008585, Null}\n"
"kernel 2 (Local (4)):"
"\"File: \"\"ibps/ids_top2_IBP7.mx\"\" done in \"{0.009561, Null}\n"
"kernel 3 (Local (4)):"
"\"File: \"\"ibps/ids_top2_LI2.mx\"\" done in \"{0.008846, Null}\n"
"kernel 4 (Local (4)):"
"\"File: \"\"ibps/ids_top2_LI7.mx\"\" done in \"{0.010414, Null}\n"
"kernel 1 (Local (4)):"
"\"File: \"\"ibps/ids_top2_IBP3.mx\"\n"
"kernel 2 (Local (4)):"
"\"File: \"\"ibps/ids_top2_IBP8.mx\"\n"
"kernel 3 (Local (4)):"
"\"File: \"\"ibps/ids_top2_LI3.mx\"\n"
"kernel 4 (Local (4)):"
"\"File: \"\"ibps/ids_top2_LI8.mx\"\n"
"kernel 1 (Local (4)):"
"\"File: \"\"ibps/ids_top2_IBP3.mx\"\" done in \"{0.00919, Null}\n"
"kernel 2 (Local (4)):"
"\"File: \"\"ibps/ids_top2_IBP8.mx\"\" done in \"{0.009377, Null}\n"
"kernel 3 (Local (4)):"
"\"File: \"\"ibps/ids_top2_LI3.mx\"\" done in \"{0.009646, Null}\n"
"kernel 4 (Local (4)):"
"\"File: \"\"ibps/ids_top2_LI8.mx\"\" done in \"{0.009843, Null}\n"
"kernel 1 (Local (4)):"
"\"File: \"\"ibps/ids_top2_LI9.mx\"\n"
"kernel 2 (Local (4)):"
"\"File: \"\"ibps/ids_top2_SR2.mx\"\n"
"kernel 3 (Local (4)):"
"\"File: \"\"ibps/ids_top2_SR7.mx\"\n"
"kernel 4 (Local (4)):"
"\"File: \"\"ibps/ids_top2_SubSym3.mx\"\n"
"kernel 2 (Local (4)):"
"\"File: \"\"ibps/ids_top2_SR2.mx\"\" done in \"{0.008928, Null}\n"
"kernel 3 (Local (4)):"
"\"File: \"\"ibps/ids_top2_SR7.mx\"\" done in \"{0.008815, Null}\n"
"kernel 4 (Local (4)):"
"\"File: \"\"ibps/ids_top2_SubSym3.mx\"\" done in \"{0.008545, Null}\n"
"kernel 1 (Local (4)):"
"\"File: \"\"ibps/ids_top2_LI9.mx\"\" done in \"{0.012992, Null}\n"
"kernel 2 (Local (4)):"
"\"File: \"\"ibps/ids_top2_SR3.mx\"\n"
"kernel 3 (Local (4)):"
"\"File: \"\"ibps/ids_top2_SR8.mx\"\n"
"kernel 4 (Local (4)):"
"\"File: \"\"ibps/ids_top2_SubSym4.mx\"\n"
"kernel 1 (Local (4)):"
"\"File: \"\"ibps/ids_top2_Map1.mx\"\n"
"kernel 2 (Local (4)):"
"\"File: \"\"ibps/ids_top2_SR3.mx\"\" done in \"{0.007387, Null}\n"
"kernel 3 (Local (4)):"
"\"File: \"\"ibps/ids_top2_SR8.mx\"\" done in \"{0.007818, Null}\n"
"kernel 4 (Local (4)):"
"\"File: \"\"ibps/ids_top2_SubSym4.mx\"\" done in \"{0.007319, Null}\n"
"kernel 1 (Local (4)):"
"\"File: \"\"ibps/ids_top2_Map1.mx\"\" done in \"{0.00937, Null}\n"
"kernel 2 (Local (4)):"
"\"File: \"\"ibps/ids_top2_SR4.mx\"\n"
"kernel 3 (Local (4)):"
"\"File: \"\"ibps/ids_top2_SR9.mx\"\n"
"kernel 4 (Local (4)):"
"\"File: \"\"ibps/ids_top2_SubSym5.mx\"\n"
"kernel 1 (Local (4)):"
"\"File: \"\"ibps/ids_top2_Map2.mx\"\n"
"kernel 2 (Local (4)):"
"\"File: \"\"ibps/ids_top2_SR4.mx\"\" done in \"{0.007119, Null}\n"
"kernel 3 (Local (4)):"
"\"File: \"\"ibps/ids_top2_SR9.mx\"\" done in \"{0.007863, Null}\n"
"kernel 4 (Local (4)):"
"\"File: \"\"ibps/ids_top2_SubSym5.mx\"\" done in \"{0.007214, Null}\n"
"kernel 1 (Local (4)):"
"\"File: \"\"ibps/ids_top2_Map2.mx\"\" done in \"{0.009107, Null}\n"
"kernel 2 (Local (4)):"
"\"File: \"\"ibps/ids_top2_SR5.mx\"\n"
"kernel 3 (Local (4)):"
"\"File: \"\"ibps/ids_top2_SubSym1.mx\"\n"
"kernel 4 (Local (4)):"
"\"File: \"\"ibps/ids_top2_SubSym6.mx\"\n"
"kernel 1 (Local (4)):"
"\"File: \"\"ibps/ids_top2_SR10.mx\"\n"
"kernel 2 (Local (4)):"
"\"File: \"\"ibps/ids_top2_SR5.mx\"\" done in \"{0.007061, Null}\n"
"kernel 3 (Local (4)):"
"\"File: \"\"ibps/ids_top2_SubSym1.mx\"\" done in \"{0.006791, Null}\n"
"kernel 4 (Local (4)):"
"\"File: \"\"ibps/ids_top2_SubSym6.mx\"\" done in \"{0.007064, Null}\n"
"kernel 1 (Local (4)):"
"\"File: \"\"ibps/ids_top2_SR10.mx\"\" done in \"{0.008464, Null}\n"
"kernel 2 (Local (4)):"
"\"File: \"\"ibps/ids_top2_SR6.mx\"\n"
"kernel 3 (Local (4)):"
"\"File: \"\"ibps/ids_top2_SubSym2.mx\"\n"
"kernel 4 (Local (4)):"
"\"File: \"\"ibps/ids_top2_usints.mx\"\n"
"kernel 1 (Local (4)):"
"\"File: \"\"ibps/ids_top2_SR1.mx\"\n"
"kernel 2 (Local (4)):"
"\"File: \"\"ibps/ids_top2_SR6.mx\"\" done in \"{0.006602, Null}\n"
"kernel 3 (Local (4)):"
"\"File: \"\"ibps/ids_top2_SubSym2.mx\"\" done in \"{0.006484, Null}\n"
"kernel 4 (Local (4)):"
"\"File: \"\"ibps/ids_top2_usints.mx\"\" done in \"{0.006622, Null}\n"
"kernel 1 (Local (4)):"
"\"File: \"\"ibps/ids_top2_SR1.mx\"\" done in \"{0.00608, Null}\n"
"-> all in :"{0.278485, Null}
