CalcLoop: a tool for automated multiloop calculation in quantum field theory.
Version 2022/07/10.
Number of defined symbols=45. Please see ?CalcLoop`* for help.
Blade: a pacakge for block-triangular form improved Feynman integral decomposition.
Version 2024/05/23.
Author: Xin Guan, Xiao Liu, Yan-Qing Ma and Wen-Hao Wu.
Number of defined symbols=68. Please see ?Blade`* for help.

--------------------------------------------------
BLSetReducerOptions->"IBPParameter" -> Automatic, "IntegralOrdering" -> 1, "CheckMastersQ" -> True, "FilterLevel" -> 3, "IBPForMapSector" -> False, "MaxIncrement" -> 2, "CloseSymmetry" -> False, "ExternalSymmetry" -> True, "CutNoDot" -> False, "BlackBoxRank" -> 2, "BlackBoxDot" -> 0, "MaxPrime" -> 200, "MaxDegree" -> 1000, "Reconstructor" -> "FiniteFlow"
BLSetSchemeOptions->"OperatorExtendGQ" -> True, "MinimalSchemeRank" -> 1, "PartitionDot" -> True, "PartitionRankThreshold" -> 100, "UniqueSubsectorQ" -> True"--------------------------------------------------"
"BladeIBP: a package for generating IBP, LI and Symmetry relations."

FrontEndObject::notavail: A front end is not available; certain operations require a front end.
Number of Families = 1. Number of Sectors = 8.
"6 zero sectors found, 10 nonzero sectors found."
"8 unique sectors found, 2 mapped sectors found, 0 extmapped sectors found."
"7 subgraph-unique sectors found, 0 subgraph-mapped sectors found"
"kernel 1 (Local (4)):"
"{1, 1, 1, 1}\" done in: \"0.02387`4.829397412502727\"s.\"\n"
"kernel 2 (Local (4)):"
"{1, 1, 1, 0}\" done in: \"0.023325`4.819366645914508\"s.\"\n"
"kernel 3 (Local (4)):"
"{1, 1, 0, 1}\" done in: \"0.025151`4.852100250714882\"s.\"\n"
"kernel 4 (Local (4)):"
"{1, 0, 1, 1}\" done in: \"0.025611`4.859971529637306\"s.\"\n"
"kernel 1 (Local (4)):"
"{0, 1, 1, 1}\" done in: \"0.021911`4.792207192351584\"s.\"\n"
"kernel 2 (Local (4)):"
"{1, 0, 0, 1}\" done in: \"0.020752`4.768604952235978\"s.\"\n"
"kernel 3 (Local (4)):"
"{0, 1, 1, 0}\" done in: \"0.019736`4.746804129977654\"s.\"\n"
"kernel 4 (Local (4)):"
"{0, 1, 0, 1}\" done in: \"0.022471`4.803167393232339\"s.\"\n"
"kernel 1 (Local (4)):"
"{0, 0, 1, 1}\" done in: \"0.02222`4.79828904810082\"s.\"\n"
"kernel 2 (Local (4)):"
"{0, 0, 0, 1}\" done in: \"0.017981`4.70635883453085\"s.\"\n"
"fast determineMI done in: "0.658753`6.270267599523753
"# rawmasters(nomap): "5", # rawmasters: "5
