CalcLoop: a tool for automated multiloop calculation in quantum field theory.
Version 2022/07/10.
Number of defined symbols=45. Please see ?CalcLoop`* for help.
Blade: a pacakge for block-triangular form improved Feynman integral decomposition.
Version 2024/05/23.
Author: Xin Guan, Xiao Liu, Yan-Qing Ma and Wen-Hao Wu.
Number of defined symbols=68. Please see ?Blade`* for help.

--------------------------------------------------
BLSetReducerOptions->"IBPParameter" -> Automatic, "IntegralOrdering" -> 1, "CheckMastersQ" -> True, "FilterLevel" -> 3, "IBPForMapSector" -> False, "MaxIncrement" -> 2, "CloseSymmetry" -> False, "ExternalSymmetry" -> True, "CutNoDot" -> False, "BlackBoxRank" -> 2, "BlackBoxDot" -> 0, "MaxPrime" -> 200, "MaxDegree" -> 1000, "Reconstructor" -> "FiniteFlow"
BLSetSchemeOptions->"OperatorExtendGQ" -> True, "MinimalSchemeRank" -> 1, "PartitionDot" -> True, "PartitionRankThreshold" -> 100, "UniqueSubsectorQ" -> True"--------------------------------------------------"
"BladeIBP: a package for generating IBP, LI and Symmetry relations."

FrontEndObject::notavail: A front end is not available; certain operations require a front end.
Number of Families = 1. Number of Sectors = 9.
"3 zero sectors found, 13 nonzero sectors found."
"9 unique sectors found, 4 mapped sectors found, 0 extmapped sectors found."
"8 subgraph-unique sectors found, 0 subgraph-mapped sectors found"
"kernel 1 (Local (4)):"
"{1, 1, 1, 1}\" done in: \"0.031414`4.94866823289747\"s.\"\n"
"kernel 2 (Local (4)):"
"{1, 1, 1, 0}\" done in: \"0.031309`4.947214190099877\"s.\"\n"
"kernel 3 (Local (4)):"
"{1, 1, 0, 1}\" done in: \"0.031251`4.946408912377134\"s.\"\n"
"kernel 4 (Local (4)):"
"{1, 0, 1, 1}\" done in: \"0.031167`4.94523999448476\"s.\"\n"
"kernel 2 (Local (4)):"
"{1, 1, 0, 0}\" done in: \"0.020554`4.764441345687679\"s.\"\n"
"kernel 3 (Local (4)):"
"{1, 0, 1, 0}\" done in: \"0.020809`4.769796203697171\"s.\"\n"
"kernel 4 (Local (4)):"
"{1, 0, 0, 1}\" done in: \"0.021994`4.793849214214184\"s.\"\n"
"kernel 1 (Local (4)):"
"{0, 1, 1, 1}\" done in: \"0.023461`4.821891513007199\"s.\"\n"
"kernel 1 (Local (4)):"
"{0, 0, 1, 0}\" done in: \"0.020653`4.766528138535099\"s.\"\n"
"kernel 2 (Local (4)):"
"{0, 1, 1, 0}\" done in: \"0.025227`4.853410600695583\"s.\"\n"
"kernel 3 (Local (4)):"
"{0, 1, 0, 1}\" done in: \"0.02584`4.8638375028190195\"s.\"\n"
"kernel 4 (Local (4)):"
"{0, 0, 1, 1}\" done in: \"0.025308`4.854802819283086\"s.\"\n"
"kernel 1 (Local (4)):"
"{0, 0, 0, 1}\" done in: \"0.017719`4.699984201637483\"s.\"\n"
"fast determineMI done in: "0.708206`6.301704595324803
"# rawmasters(nomap): "8", # rawmasters: "6
