CalcLoop: a tool for automated multiloop calculation in quantum field theory.
Version 2022/07/10.
Number of defined symbols=45. Please see ?CalcLoop`* for help.
Blade: a pacakge for block-triangular form improved Feynman integral decomposition.
Version 2024/05/23.
Author: Xin Guan, Xiao Liu, Yan-Qing Ma and Wen-Hao Wu.
Number of defined symbols=68. Please see ?Blade`* for help.

--------------------------------------------------
BLSetReducerOptions->"IBPParameter" -> Automatic, "IntegralOrdering" -> 1, "CheckMastersQ" -> True, "FilterLevel" -> 3, "IBPForMapSector" -> False, "MaxIncrement" -> 2, "CloseSymmetry" -> False, "ExternalSymmetry" -> True, "CutNoDot" -> False, "BlackBoxRank" -> 2, "BlackBoxDot" -> 0, "MaxPrime" -> 200, "MaxDegree" -> 1000, "Reconstructor" -> "FiniteFlow"
BLSetSchemeOptions->"OperatorExtendGQ" -> True, "MinimalSchemeRank" -> 1, "PartitionDot" -> True, "PartitionRankThreshold" -> 100, "UniqueSubsectorQ" -> True"--------------------------------------------------"
"BladeIBP: a package for generating IBP, LI and Symmetry relations."

FrontEndObject::notavail: A front end is not available; certain operations require a front end.
Number of Families = 1. Number of Sectors = 9.
"7 zero sectors found, 9 nonzero sectors found."
"9 unique sectors found, 0 mapped sectors found, 0 extmapped sectors found."
"8 subgraph-unique sectors found, 0 subgraph-mapped sectors found"
"kernel 1 (Local (4)):"
"{1, 1, 1, 1}\" done in: \"0.028199`4.901778701028728\"s.\"\n"
"kernel 2 (Local (4)):"
"{1, 1, 1, 0}\" done in: \"0.028069`4.8997719340171955\"s.\"\n"
"kernel 3 (Local (4)):"
"{1, 1, 0, 1}\" done in: \"0.028044`4.8993849519358275\"s.\"\n"
"kernel 4 (Local (4)):"
"{1, 0, 1, 1}\" done in: \"0.028029`4.8991525970632885\"s.\"\n"
"kernel 2 (Local (4)):"
"{1, 0, 1, 0}\" done in: \"0.01907`4.731895686541977\"s.\"\n"
"kernel 3 (Local (4)):"
"{1, 0, 0, 1}\" done in: \"0.021401`4.781979060505683\"s.\"\n"
"kernel 4 (Local (4)):"
"{0, 1, 0, 1}\" done in: \"0.022222`4.798328136754093\"s.\"\n"
"kernel 1 (Local (4)):"
"{0, 1, 1, 1}\" done in: \"0.023283`4.818583931651841\"s.\"\n"
"kernel 2 (Local (4)):"
"{0, 0, 1, 1}\" done in: \"0.020606`4.76553868898573\"s.\"\n"
"fast determineMI done in: "0.663713`6.273525317651459
"# rawmasters(nomap): "6", # rawmasters: "6
