CalcLoop: a tool for automated multiloop calculation in quantum field theory.
Version 2022/07/10.
Number of defined symbols=45. Please see ?CalcLoop`* for help.
Blade: a pacakge for block-triangular form improved Feynman integral decomposition.
Version 2024/05/23.
Author: Xin Guan, Xiao Liu, Yan-Qing Ma and Wen-Hao Wu.
Number of defined symbols=68. Please see ?Blade`* for help.

--------------------------------------------------
BLSetReducerOptions->"IBPParameter" -> Automatic, "IntegralOrdering" -> 1, "CheckMastersQ" -> True, "FilterLevel" -> 3, "IBPForMapSector" -> False, "MaxIncrement" -> 2, "CloseSymmetry" -> False, "ExternalSymmetry" -> True, "CutNoDot" -> False, "BlackBoxRank" -> 2, "BlackBoxDot" -> 0, "MaxPrime" -> 200, "MaxDegree" -> 1000, "Reconstructor" -> "FiniteFlow"
BLSetSchemeOptions->"OperatorExtendGQ" -> True, "MinimalSchemeRank" -> 1, "PartitionDot" -> True, "PartitionRankThreshold" -> 100, "UniqueSubsectorQ" -> True"--------------------------------------------------"
"BladeIBP: a package for generating IBP, LI and Symmetry relations."

FrontEndObject::notavail: A front end is not available; certain operations require a front end.
Number of Families = 1. Number of Sectors = 8.
"6 zero sectors found, 10 nonzero sectors found."
"8 unique sectors found, 2 mapped sectors found, 0 extmapped sectors found."
"7 subgraph-unique sectors found, 0 subgraph-mapped sectors found"
"kernel 1 (Local (4)):"
"{1, 1, 1, 1}\" done in: \"0.02252`4.80411337967528\"s.\"\n"
"kernel 2 (Local (4)):"
"{1, 1, 1, 0}\" done in: \"0.022312`4.800083494753968\"s.\"\n"
"kernel 4 (Local (4)):"
"{1, 0, 1, 1}\" done in: \"0.023528`4.823130004994987\"s.\"\n"
"kernel 3 (Local (4)):"
"{1, 1, 0, 1}\" done in: \"0.024507`4.840835144275262\"s.\"\n"
"kernel 1 (Local (4)):"
"{0, 1, 1, 1}\" done in: \"0.020533`4.763997400648412\"s.\"\n"
"kernel 2 (Local (4)):"
"{1, 0, 0, 1}\" done in: \"0.018688`4.723107818928276\"s.\"\n"
"kernel 3 (Local (4)):"
"{0, 1, 0, 1}\" done in: \"0.0214`4.781958766845164\"s.\"\n"
"kernel 4 (Local (4)):"
"{0, 1, 1, 0}\" done in: \"0.018961`4.729406231721092\"s.\"\n"
"kernel 1 (Local (4)):"
"{0, 0, 1, 1}\" done in: \"0.018912`4.728282452697134\"s.\"\n"
"kernel 2 (Local (4)):"
"{0, 0, 0, 1}\" done in: \"0.016147`4.659636838771665\"s.\"\n"
"fast determineMI done in: "0.652119`6.2658718473991035
"# rawmasters(nomap): "5", # rawmasters: "5
