CalcLoop: a tool for automated multiloop calculation in quantum field theory.
Version 2022/07/10.
Number of defined symbols=45. Please see ?CalcLoop`* for help.
Blade: a pacakge for block-triangular form improved Feynman integral decomposition.
Version 2024/05/23.
Author: Xin Guan, Xiao Liu, Yan-Qing Ma and Wen-Hao Wu.
Number of defined symbols=68. Please see ?Blade`* for help.

--------------------------------------------------
BLSetReducerOptions->"IBPParameter" -> Automatic, "IntegralOrdering" -> 1, "CheckMastersQ" -> True, "FilterLevel" -> 3, "IBPForMapSector" -> False, "MaxIncrement" -> 2, "CloseSymmetry" -> False, "ExternalSymmetry" -> True, "CutNoDot" -> False, "BlackBoxRank" -> 2, "BlackBoxDot" -> 0, "MaxPrime" -> 200, "MaxDegree" -> 1000, "Reconstructor" -> "FiniteFlow"
BLSetSchemeOptions->"OperatorExtendGQ" -> True, "MinimalSchemeRank" -> 1, "PartitionDot" -> True, "PartitionRankThreshold" -> 100, "UniqueSubsectorQ" -> True"--------------------------------------------------"
"BladeIBP: a package for generating IBP, LI and Symmetry relations."

FrontEndObject::notavail: A front end is not available; certain operations require a front end.
Number of Families = 1. Number of Sectors = 8.
"6 zero sectors found, 10 nonzero sectors found."
"8 unique sectors found, 2 mapped sectors found, 0 extmapped sectors found."
"7 subgraph-unique sectors found, 0 subgraph-mapped sectors found"
"Seeding Id type ->""IBP"
"Seeding Id type ->""LI"
"Seeding Id type ->""SR"
"Seeding Id type ->""Map"
"Seeding Id type ->""SubSym"
"====================="
"Id type -> ""IBP"" # chunks -> "8
"====================="
"kernel 1 (Local (4)):"
"\"IBP\"\" #\"1\" of \"8\n"
"kernel 2 (Local (4)):"
"\"IBP\"\" #\"3\" of \"8\n"
"kernel 3 (Local (4)):"
"\"IBP\"\" #\"5\" of \"8\n"
"kernel 4 (Local (4)):"
"\"IBP\"\" #\"7\" of \"8\n"
"kernel 1 (Local (4)):"
"\" -> \"\"done in \"{0.039931, Null}\n"
"kernel 2 (Local (4)):"
"\" -> \"\"done in \"{0.039587, Null}\n"
"kernel 3 (Local (4)):"
"\" -> \"\"done in \"{0.040707, Null}\n"
"kernel 4 (Local (4)):"
"\" -> \"\"done in \"{0.038872, Null}\n"
"kernel 1 (Local (4)):"
"\"IBP\"\" #\"2\" of \"8\n"
"kernel 2 (Local (4)):"
"\"IBP\"\" #\"4\" of \"8\n"
"kernel 3 (Local (4)):"
"\"IBP\"\" #\"6\" of \"8\n"
"kernel 4 (Local (4)):"
"\"IBP\"\" #\"8\" of \"8\n"
"kernel 1 (Local (4)):"
"\" -> \"\"done in \"{0.005429, Null}\n"
"kernel 2 (Local (4)):"
"\" -> \"\"done in \"{0.005324, Null}\n"
"kernel 3 (Local (4)):"
"\" -> \"\"done in \"{0.005957, Null}\n"
"kernel 4 (Local (4)):"
"\" -> \"\"done in \"{0.006488, Null}\n"
"====================="
"Id type -> ""LI"" # chunks -> "8
"====================="
"kernel 1 (Local (4)):"
"\"LI\"\" #\"1\" of \"8\n"
"kernel 2 (Local (4)):"
"\"LI\"\" #\"3\" of \"8\n"
"kernel 3 (Local (4)):"
"\"LI\"\" #\"5\" of \"8\n"
"kernel 4 (Local (4)):"
"\"LI\"\" #\"7\" of \"8\n"
"kernel 1 (Local (4)):"
"\" -> \"\"done in \"{0.005544, Null}\n"
"kernel 2 (Local (4)):"
"\" -> \"\"done in \"{0.006196, Null}\n"
"kernel 3 (Local (4)):"
"\" -> \"\"done in \"{0.006427, Null}\n"
"kernel 4 (Local (4)):"
"\" -> \"\"done in \"{0.006579, Null}\n"
"kernel 1 (Local (4)):"
"\"LI\"\" #\"2\" of \"8\n"
"kernel 2 (Local (4)):"
"\"LI\"\" #\"4\" of \"8\n"
"kernel 3 (Local (4)):"
"\"LI\"\" #\"6\" of \"8\n"
"kernel 4 (Local (4)):"
"\"LI\"\" #\"8\" of \"8\n"
"kernel 1 (Local (4)):"
"\" -> \"\"done in \"{0.006719, Null}\n"
"kernel 2 (Local (4)):"
"\" -> \"\"done in \"{0.006194, Null}\n"
"kernel 3 (Local (4)):"
"\" -> \"\"done in \"{0.00648, Null}\n"
"kernel 4 (Local (4)):"
"\" -> \"\"done in \"{0.007211, Null}\n"
"====================="
"Id type -> ""SR"" # chunks -> "8
"====================="
"kernel 1 (Local (4)):"
"\"SR\"\" #\"1\" of \"8\n"
"kernel 2 (Local (4)):"
"\"SR\"\" #\"3\" of \"8\n"
"kernel 3 (Local (4)):"
"\"SR\"\" #\"5\" of \"8\n"
"kernel 4 (Local (4)):"
"\"SR\"\" #\"7\" of \"8\n"
"kernel 1 (Local (4)):"
"\"sectors involved: \"{{1, 1, 1, 1}}\n"
"kernel 2 (Local (4)):"
"\"sectors involved: \"{{1, 1, 0, 1}}\n"
"kernel 3 (Local (4)):"
"\"sectors involved: \"{{1, 0, 0, 1}}\n"
"kernel 4 (Local (4)):"
"\"sectors involved: \"{{0, 1, 0, 1}}\n"
"kernel 1 (Local (4)):"
"\"#Symmetry Relations:  \"0\n"
"kernel 2 (Local (4)):"
"\"#Symmetry Relations:  \"0\n"
"kernel 3 (Local (4)):"
"\"#Symmetry Relations:  \"4\n"
"kernel 4 (Local (4)):"
"\"#Symmetry Relations:  \"0\n"
"kernel 1 (Local (4)):"
"\" -> \"\"done in \"{0.007188, Null}\n"
"kernel 2 (Local (4)):"
"\" -> \"\"done in \"{0.006481, Null}\n"
"kernel 3 (Local (4)):"
"\" -> \"\"done in \"{0.008978, Null}\n"
"kernel 4 (Local (4)):"
"\" -> \"\"done in \"{0.006292, Null}\n"
"kernel 1 (Local (4)):"
"\"SR\"\" #\"2\" of \"8\n"
"kernel 2 (Local (4)):"
"\"SR\"\" #\"4\" of \"8\n"
"kernel 3 (Local (4)):"
"\"SR\"\" #\"6\" of \"8\n"
"kernel 4 (Local (4)):"
"\"SR\"\" #\"8\" of \"8\n"
"kernel 1 (Local (4)):"
"\"sectors involved: \"{{1, 1, 1, 0}}\n"
"kernel 2 (Local (4)):"
"\"sectors involved: \"{{0, 1, 1, 1}}\n"
"kernel 3 (Local (4)):"
"\"sectors involved: \"{{0, 1, 1, 0}}\n"
"kernel 4 (Local (4)):"
"\"sectors involved: \"{{0, 0, 0, 1}}\n"
"kernel 1 (Local (4)):"
"\"#Symmetry Relations:  \"0\n"
"kernel 2 (Local (4)):"
"\"#Symmetry Relations:  \"0\n"
"kernel 3 (Local (4)):"
"\"#Symmetry Relations:  \"6\n"
"kernel 4 (Local (4)):"
"\"#Symmetry Relations:  \"19\n"
"kernel 1 (Local (4)):"
"\" -> \"\"done in \"{0.006628, Null}\n"
"kernel 2 (Local (4)):"
"\" -> \"\"done in \"{0.006943, Null}\n"
"kernel 3 (Local (4)):"
"\" -> \"\"done in \"{0.012998, Null}\n"
"kernel 4 (Local (4)):"
"\" -> \"\"done in \"{0.017585, Null}\n"
"====================="
"Id type -> ""Map"" # chunks -> "2
"====================="
"kernel 1 (Local (4)):"
"\"Map\"\" #\"1\" of \"2\n"
"kernel 2 (Local (4)):"
"\"Map\"\" #\"2\" of \"2\n"
"kernel 1 (Local (4)):"
"\"sectors involved: \"{{1, 0, 1, 1}}\n"
"kernel 2 (Local (4)):"
"\"sectors involved: \"{{0, 0, 1, 1}}\n"
"kernel 1 (Local (4)):"
"\"#Symmetry Relations:  \"12\n"
"kernel 2 (Local (4)):"
"\"#Symmetry Relations:  \"18\n"
"kernel 1 (Local (4)):"
"\" -> \"\"done in \"{0.015619, Null}\n"
"kernel 2 (Local (4)):"
"\" -> \"\"done in \"{0.017851, Null}\n"
"====================="
"Id type -> ""SubSym"" # chunks -> "5
"====================="
"kernel 1 (Local (4)):"
"\"SubSym\"\" #\"1\" of \"5\n"
"kernel 2 (Local (4)):"
"\"SubSym\"\" #\"3\" of \"5\n"
"kernel 3 (Local (4)):"
"\"SubSym\"\" #\"4\" of \"5\n"
"kernel 4 (Local (4)):"
"\"SubSym\"\" #\"5\" of \"5\n"
"kernel 1 (Local (4)):"
"\" -> \"\"done in \"{0.012702, Null}\n"
"kernel 1 (Local (4)):"
"\"SubSym\"\" #\"2\" of \"5\n"
"kernel 2 (Local (4)):"
"\" -> \"\"done in \"{0.014137, Null}\n"
"kernel 3 (Local (4)):"
"\" -> \"\"done in \"{0.013821, Null}\n"
"kernel 4 (Local (4)):"
"\" -> \"\"done in \"{0.013884, Null}\n"
"kernel 1 (Local (4)):"
"\" -> \"\"done in \"{0.006628, Null}\n"
"Generating list of integrals ..."
" -> list of integrals generated"
"Exporting positions maps ..."
" -> positions maps exported"
"Serialize identities ..."
"kernel 1 (Local (4)):"
"\"File: \"\"ibps/ids_top2_exints.mx\"\n"
"kernel 2 (Local (4)):"
"\"File: \"\"ibps/ids_top2_IBP5.mx\"\n"
"kernel 3 (Local (4)):"
"\"File: \"\"ibps/ids_top2_LI1.mx\"\n"
"kernel 4 (Local (4)):"
"\"File: \"\"ibps/ids_top2_LI5.mx\"\n"
"kernel 1 (Local (4)):"
"\"File: \"\"ibps/ids_top2_exints.mx\"\" done in \"{0.014775, Null}\n"
"kernel 2 (Local (4)):"
"\"File: \"\"ibps/ids_top2_IBP5.mx\"\" done in \"{0.016699, Null}\n"
"kernel 3 (Local (4)):"
"\"File: \"\"ibps/ids_top2_LI1.mx\"\" done in \"{0.015676, Null}\n"
"kernel 4 (Local (4)):"
"\"File: \"\"ibps/ids_top2_LI5.mx\"\" done in \"{0.016684, Null}\n"
"kernel 1 (Local (4)):"
"\"File: \"\"ibps/ids_top2_IBP1.mx\"\n"
"kernel 2 (Local (4)):"
"\"File: \"\"ibps/ids_top2_IBP6.mx\"\n"
"kernel 3 (Local (4)):"
"\"File: \"\"ibps/ids_top2_LI2.mx\"\n"
"kernel 4 (Local (4)):"
"\"File: \"\"ibps/ids_top2_LI6.mx\"\n"
"kernel 1 (Local (4)):"
"\"File: \"\"ibps/ids_top2_IBP1.mx\"\" done in \"{0.009424, Null}\n"
"kernel 2 (Local (4)):"
"\"File: \"\"ibps/ids_top2_IBP6.mx\"\" done in \"{0.011828, Null}\n"
"kernel 3 (Local (4)):"
"\"File: \"\"ibps/ids_top2_LI2.mx\"\" done in \"{0.010949, Null}\n"
"kernel 4 (Local (4)):"
"\"File: \"\"ibps/ids_top2_LI6.mx\"\" done in \"{0.012022, Null}\n"
"kernel 1 (Local (4)):"
"\"File: \"\"ibps/ids_top2_IBP2.mx\"\n"
"kernel 2 (Local (4)):"
"\"File: \"\"ibps/ids_top2_IBP7.mx\"\n"
"kernel 3 (Local (4)):"
"\"File: \"\"ibps/ids_top2_LI3.mx\"\n"
"kernel 4 (Local (4)):"
"\"File: \"\"ibps/ids_top2_LI7.mx\"\n"
"kernel 1 (Local (4)):"
"\"File: \"\"ibps/ids_top2_IBP2.mx\"\" done in \"{0.010496, Null}\n"
"kernel 2 (Local (4)):"
"\"File: \"\"ibps/ids_top2_IBP7.mx\"\" done in \"{0.012161, Null}\n"
"kernel 3 (Local (4)):"
"\"File: \"\"ibps/ids_top2_LI3.mx\"\" done in \"{0.010675, Null}\n"
"kernel 4 (Local (4)):"
"\"File: \"\"ibps/ids_top2_LI7.mx\"\" done in \"{0.013495, Null}\n"
"kernel 1 (Local (4)):"
"\"File: \"\"ibps/ids_top2_IBP3.mx\"\n"
"kernel 2 (Local (4)):"
"\"File: \"\"ibps/ids_top2_IBP8.mx\"\n"
"kernel 3 (Local (4)):"
"\"File: \"\"ibps/ids_top2_LI4.mx\"\n"
"kernel 4 (Local (4)):"
"\"File: \"\"ibps/ids_top2_LI8.mx\"\n"
"kernel 1 (Local (4)):"
"\"File: \"\"ibps/ids_top2_IBP3.mx\"\" done in \"{0.013603, Null}\n"
"kernel 2 (Local (4)):"
"\"File: \"\"ibps/ids_top2_IBP8.mx\"\" done in \"{0.013416, Null}\n"
"kernel 3 (Local (4)):"
"\"File: \"\"ibps/ids_top2_LI4.mx\"\" done in \"{0.013043, Null}\n"
"kernel 4 (Local (4)):"
"\"File: \"\"ibps/ids_top2_LI8.mx\"\" done in \"{0.013701, Null}\n"
"kernel 1 (Local (4)):"
"\"File: \"\"ibps/ids_top2_IBP4.mx\"\n"
"kernel 1 (Local (4)):"
"\"File: \"\"ibps/ids_top2_IBP4.mx\"\" done in \"{0.010361, Null}\n"
"kernel 2 (Local (4)):"
"\"File: \"\"ibps/ids_top2_Map1.mx\"\n"
"kernel 3 (Local (4)):"
"\"File: \"\"ibps/ids_top2_SR3.mx\"\n"
"kernel 4 (Local (4)):"
"\"File: \"\"ibps/ids_top2_SR7.mx\"\n"
"kernel 2 (Local (4)):"
"\"File: \"\"ibps/ids_top2_Map1.mx\"\" done in \"{0.010721, Null}\n"
"kernel 3 (Local (4)):"
"\"File: \"\"ibps/ids_top2_SR3.mx\"\" done in \"{0.008821, Null}\n"
"kernel 4 (Local (4)):"
"\"File: \"\"ibps/ids_top2_SR7.mx\"\" done in \"{0.009293, Null}\n"
"kernel 1 (Local (4)):"
"\"File: \"\"ibps/ids_top2_SubSym3.mx\"\n"
"kernel 2 (Local (4)):"
"\"File: \"\"ibps/ids_top2_Map2.mx\"\n"
"kernel 3 (Local (4)):"
"\"File: \"\"ibps/ids_top2_SR4.mx\"\n"
"kernel 4 (Local (4)):"
"\"File: \"\"ibps/ids_top2_SR8.mx\"\n"
"kernel 1 (Local (4)):"
"\"File: \"\"ibps/ids_top2_SubSym3.mx\"\" done in \"{0.010645, Null}\n"
"kernel 2 (Local (4)):"
"\"File: \"\"ibps/ids_top2_Map2.mx\"\" done in \"{0.010904, Null}\n"
"kernel 3 (Local (4)):"
"\"File: \"\"ibps/ids_top2_SR4.mx\"\" done in \"{0.009552, Null}\n"
"kernel 4 (Local (4)):"
"\"File: \"\"ibps/ids_top2_SR8.mx\"\" done in \"{0.011323, Null}\n"
"kernel 1 (Local (4)):"
"\"File: \"\"ibps/ids_top2_SubSym4.mx\"\n"
"kernel 2 (Local (4)):"
"\"File: \"\"ibps/ids_top2_SR1.mx\"\n"
"kernel 3 (Local (4)):"
"\"File: \"\"ibps/ids_top2_SR5.mx\"\n"
"kernel 4 (Local (4)):"
"\"File: \"\"ibps/ids_top2_SubSym1.mx\"\n"
"kernel 1 (Local (4)):"
"\"File: \"\"ibps/ids_top2_SubSym4.mx\"\" done in \"{0.01169, Null}\n"
"kernel 2 (Local (4)):"
"\"File: \"\"ibps/ids_top2_SR1.mx\"\" done in \"{0.011949, Null}\n"
"kernel 3 (Local (4)):"
"\"File: \"\"ibps/ids_top2_SR5.mx\"\" done in \"{0.010727, Null}\n"
"kernel 4 (Local (4)):"
"\"File: \"\"ibps/ids_top2_SubSym1.mx\"\" done in \"{0.009829, Null}\n"
"kernel 1 (Local (4)):"
"\"File: \"\"ibps/ids_top2_SubSym5.mx\"\n"
"kernel 2 (Local (4)):"
"\"File: \"\"ibps/ids_top2_SR2.mx\"\n"
"kernel 3 (Local (4)):"
"\"File: \"\"ibps/ids_top2_SR6.mx\"\n"
"kernel 4 (Local (4)):"
"\"File: \"\"ibps/ids_top2_SubSym2.mx\"\n"
"kernel 1 (Local (4)):"
"\"File: \"\"ibps/ids_top2_SubSym5.mx\"\" done in \"{0.009447, Null}\n"
"kernel 2 (Local (4)):"
"\"File: \"\"ibps/ids_top2_SR2.mx\"\" done in \"{0.010451, Null}\n"
"kernel 3 (Local (4)):"
"\"File: \"\"ibps/ids_top2_SR6.mx\"\" done in \"{0.011238, Null}\n"
"kernel 4 (Local (4)):"
"\"File: \"\"ibps/ids_top2_SubSym2.mx\"\" done in \"{0.011065, Null}\n"
"kernel 1 (Local (4)):"
"\"File: \"\"ibps/ids_top2_usints.mx\"\n"
"kernel 1 (Local (4)):"
"\"File: \"\"ibps/ids_top2_usints.mx\"\" done in \"{0.006953, Null}\n"
"-> all in :"{0.256543, Null}
