CalcLoop: a tool for automated multiloop calculation in quantum field theory.
Version 2022/07/10.
Number of defined symbols=45. Please see ?CalcLoop`* for help.
Blade: a pacakge for block-triangular form improved Feynman integral decomposition.
Version 2024/05/23.
Author: Xin Guan, Xiao Liu, Yan-Qing Ma and Wen-Hao Wu.
Number of defined symbols=68. Please see ?Blade`* for help.

--------------------------------------------------
BLSetReducerOptions->"IBPParameter" -> Automatic, "IntegralOrdering" -> 1, "CheckMastersQ" -> True, "FilterLevel" -> 3, "IBPForMapSector" -> False, "MaxIncrement" -> 2, "CloseSymmetry" -> False, "ExternalSymmetry" -> True, "CutNoDot" -> False, "BlackBoxRank" -> 2, "BlackBoxDot" -> 0, "MaxPrime" -> 200, "MaxDegree" -> 1000, "Reconstructor" -> "FiniteFlow"
BLSetSchemeOptions->"OperatorExtendGQ" -> True, "MinimalSchemeRank" -> 1, "PartitionDot" -> True, "PartitionRankThreshold" -> 100, "UniqueSubsectorQ" -> True"--------------------------------------------------"
"BladeIBP: a package for generating IBP, LI and Symmetry relations."

FrontEndObject::notavail: A front end is not available; certain operations require a front end.
Number of Families = 1. Number of Sectors = 9.
"2 zero sectors found, 14 nonzero sectors found."
"9 unique sectors found, 5 mapped sectors found, 0 extmapped sectors found."
"8 subgraph-unique sectors found, 0 subgraph-mapped sectors found"
"Seeding Id type ->""IBP"
"Seeding Id type ->""LI"
"Seeding Id type ->""SR"
"Seeding Id type ->""Map"
"Seeding Id type ->""SubSym"
"====================="
"Id type -> ""IBP"" # chunks -> "9
"====================="
"kernel 1 (Local (4)):"
"\"IBP\"\" #\"1\" of \"9\n"
"kernel 2 (Local (4)):"
"\"IBP\"\" #\"3\" of \"9\n"
"kernel 3 (Local (4)):"
"\"IBP\"\" #\"4\" of \"9\n"
"kernel 4 (Local (4)):"
"\"IBP\"\" #\"5\" of \"9\n"
"kernel 1 (Local (4)):"
"\" -> \"\"done in \"{0.0329, Null}\n"
"kernel 2 (Local (4)):"
"\" -> \"\"done in \"{0.033127, Null}\n"
"kernel 3 (Local (4)):"
"\" -> \"\"done in \"{0.033181, Null}\n"
"kernel 4 (Local (4)):"
"\" -> \"\"done in \"{0.033507, Null}\n"
"kernel 1 (Local (4)):"
"\"IBP\"\" #\"2\" of \"9\n"
"kernel 1 (Local (4)):"
"\" -> \"\"done in \"{0.004387, Null}\n"
"kernel 2 (Local (4)):"
"\"IBP\"\" #\"6\" of \"9\n"
"kernel 3 (Local (4)):"
"\"IBP\"\" #\"7\" of \"9\n"
"kernel 4 (Local (4)):"
"\"IBP\"\" #\"8\" of \"9\n"
"kernel 2 (Local (4)):"
"\" -> \"\"done in \"{0.004899, Null}\n"
"kernel 3 (Local (4)):"
"\" -> \"\"done in \"{0.005129, Null}\n"
"kernel 4 (Local (4)):"
"\" -> \"\"done in \"{0.00494, Null}\n"
"kernel 1 (Local (4)):"
"\"IBP\"\" #\"9\" of \"9\n"
"kernel 1 (Local (4)):"
"\" -> \"\"done in \"{0.005148, Null}\n"
"====================="
"Id type -> ""LI"" # chunks -> "9
"====================="
"kernel 1 (Local (4)):"
"\"LI\"\" #\"1\" of \"9\n"
"kernel 2 (Local (4)):"
"\"LI\"\" #\"3\" of \"9\n"
"kernel 3 (Local (4)):"
"\"LI\"\" #\"4\" of \"9\n"
"kernel 4 (Local (4)):"
"\"LI\"\" #\"5\" of \"9\n"
"kernel 1 (Local (4)):"
"\" -> \"\"done in \"{0.004142, Null}\n"
"kernel 2 (Local (4)):"
"\" -> \"\"done in \"{0.004751, Null}\n"
"kernel 3 (Local (4)):"
"\" -> \"\"done in \"{0.00449, Null}\n"
"kernel 4 (Local (4)):"
"\" -> \"\"done in \"{0.005061, Null}\n"
"kernel 1 (Local (4)):"
"\"LI\"\" #\"2\" of \"9\n"
"kernel 1 (Local (4)):"
"\" -> \"\"done in \"{0.004128, Null}\n"
"kernel 2 (Local (4)):"
"\"LI\"\" #\"6\" of \"9\n"
"kernel 3 (Local (4)):"
"\"LI\"\" #\"7\" of \"9\n"
"kernel 4 (Local (4)):"
"\"LI\"\" #\"8\" of \"9\n"
"kernel 2 (Local (4)):"
"\" -> \"\"done in \"{0.011692, Null}\n"
"kernel 3 (Local (4)):"
"\" -> \"\"done in \"{0.009403, Null}\n"
"kernel 4 (Local (4)):"
"\" -> \"\"done in \"{0.005739, Null}\n"
"kernel 1 (Local (4)):"
"\"LI\"\" #\"9\" of \"9\n"
"kernel 1 (Local (4)):"
"\" -> \"\"done in \"{0.00642, Null}\n"
"====================="
"Id type -> ""SR"" # chunks -> "9
"====================="
"kernel 1 (Local (4)):"
"\"SR\"\" #\"1\" of \"9\n"
"kernel 2 (Local (4)):"
"\"SR\"\" #\"3\" of \"9\n"
"kernel 3 (Local (4)):"
"\"SR\"\" #\"4\" of \"9\n"
"kernel 4 (Local (4)):"
"\"SR\"\" #\"5\" of \"9\n"
"kernel 1 (Local (4)):"
"\"sectors involved: \"{{1, 1, 1, 1}}\n"
"kernel 2 (Local (4)):"
"\"sectors involved: \"{{1, 0, 1, 1}}\n"
"kernel 3 (Local (4)):"
"\"sectors involved: \"{{0, 1, 1, 1}}\n"
"kernel 4 (Local (4)):"
"\"sectors involved: \"{{1, 1, 0, 0}}\n"
"kernel 1 (Local (4)):"
"\"#Symmetry Relations:  \"0\n"
"kernel 2 (Local (4)):"
"\"#Symmetry Relations:  \"0\n"
"kernel 3 (Local (4)):"
"\"#Symmetry Relations:  \"0\n"
"kernel 4 (Local (4)):"
"\"#Symmetry Relations:  \"4\n"
"kernel 1 (Local (4)):"
"\" -> \"\"done in \"{0.005041, Null}\n"
"kernel 2 (Local (4)):"
"\" -> \"\"done in \"{0.005405, Null}\n"
"kernel 3 (Local (4)):"
"\" -> \"\"done in \"{0.005454, Null}\n"
"kernel 4 (Local (4)):"
"\" -> \"\"done in \"{0.006119, Null}\n"
"kernel 1 (Local (4)):"
"\"SR\"\" #\"2\" of \"9\n"
"kernel 1 (Local (4)):"
"\"sectors involved: \"{{1, 1, 1, 0}}\n"
"kernel 2 (Local (4)):"
"\"SR\"\" #\"6\" of \"9\n"
"kernel 3 (Local (4)):"
"\"SR\"\" #\"7\" of \"9\n"
"kernel 4 (Local (4)):"
"\"SR\"\" #\"8\" of \"9\n"
"kernel 1 (Local (4)):"
"\"#Symmetry Relations:  \"0\n"
"kernel 2 (Local (4)):"
"\"sectors involved: \"{{1, 0, 1, 0}}\n"
"kernel 3 (Local (4)):"
"\"sectors involved: \"{{0, 1, 1, 0}}\n"
"kernel 4 (Local (4)):"
"\"sectors involved: \"{{0, 0, 1, 1}}\n"
"kernel 1 (Local (4)):"
"\" -> \"\"done in \"{0.003952, Null}\n"
"kernel 2 (Local (4)):"
"\"#Symmetry Relations:  \"3\n"
"kernel 3 (Local (4)):"
"\"#Symmetry Relations:  \"0\n"
"kernel 4 (Local (4)):"
"\"#Symmetry Relations:  \"6\n"
"kernel 2 (Local (4)):"
"\" -> \"\"done in \"{0.007624, Null}\n"
"kernel 3 (Local (4)):"
"\" -> \"\"done in \"{0.004482, Null}\n"
"kernel 4 (Local (4)):"
"\" -> \"\"done in \"{0.010855, Null}\n"
"kernel 1 (Local (4)):"
"\"SR\"\" #\"9\" of \"9\n"
"kernel 1 (Local (4)):"
"\"sectors involved: \"{{1, 0, 0, 0}}\n"
"kernel 1 (Local (4)):"
"\"#Symmetry Relations:  \"21\n"
"kernel 1 (Local (4)):"
"\" -> \"\"done in \"{0.01383, Null}\n"
"====================="
"Id type -> ""Map"" # chunks -> "5
"====================="
"kernel 1 (Local (4)):"
"\"Map\"\" #\"1\" of \"5\n"
"kernel 2 (Local (4)):"
"\"Map\"\" #\"3\" of \"5\n"
"kernel 3 (Local (4)):"
"\"Map\"\" #\"4\" of \"5\n"
"kernel 4 (Local (4)):"
"\"Map\"\" #\"5\" of \"5\n"
"kernel 1 (Local (4)):"
"\"sectors involved: \"{{1, 1, 0, 1}}\n"
"kernel 2 (Local (4)):"
"\"sectors involved: \"{{0, 1, 0, 1}}\n"
"kernel 3 (Local (4)):"
"\"sectors involved: \"{{0, 0, 1, 0}}\n"
"kernel 4 (Local (4)):"
"\"sectors involved: \"{{0, 0, 0, 1}}\n"
"kernel 1 (Local (4)):"
"\"#Symmetry Relations:  \"12\n"
"kernel 2 (Local (4)):"
"\"#Symmetry Relations:  \"18\n"
"kernel 3 (Local (4)):"
"\"#Symmetry Relations:  \"20\n"
"kernel 4 (Local (4)):"
"\"#Symmetry Relations:  \"20\n"
"kernel 1 (Local (4)):"
"\" -> \"\"done in \"{0.007451, Null}\n"
"kernel 2 (Local (4)):"
"\" -> \"\"done in \"{0.008854, Null}\n"
"kernel 3 (Local (4)):"
"\" -> \"\"done in \"{0.015199, Null}\n"
"kernel 4 (Local (4)):"
"\" -> \"\"done in \"{0.015081, Null}\n"
"kernel 1 (Local (4)):"
"\"Map\"\" #\"2\" of \"5\n"
"kernel 1 (Local (4)):"
"\"sectors involved: \"{{1, 0, 0, 1}}\n"
"kernel 1 (Local (4)):"
"\"#Symmetry Relations:  \"18\n"
"kernel 1 (Local (4)):"
"\" -> \"\"done in \"{0.008444, Null}\n"
"====================="
"Id type -> ""SubSym"" # chunks -> "6
"====================="
"kernel 1 (Local (4)):"
"\"SubSym\"\" #\"1\" of \"6\n"
"kernel 2 (Local (4)):"
"\"SubSym\"\" #\"3\" of \"6\n"
"kernel 3 (Local (4)):"
"\"SubSym\"\" #\"5\" of \"6\n"
"kernel 4 (Local (4)):"
"\"SubSym\"\" #\"6\" of \"6\n"
"kernel 1 (Local (4)):"
"\" -> \"\"done in \"{0.009365, Null}\n"
"kernel 2 (Local (4)):"
"\" -> \"\"done in \"{0.010034, Null}\n"
"kernel 3 (Local (4)):"
"\" -> \"\"done in \"{0.01003, Null}\n"
"kernel 4 (Local (4)):"
"\" -> \"\"done in \"{0.01, Null}\n"
"kernel 1 (Local (4)):"
"\"SubSym\"\" #\"2\" of \"6\n"
"kernel 2 (Local (4)):"
"\"SubSym\"\" #\"4\" of \"6\n"
"kernel 1 (Local (4)):"
"\" -> \"\"done in \"{0.005261, Null}\n"
"kernel 2 (Local (4)):"
"\" -> \"\"done in \"{0.005252, Null}\n"
"Generating list of integrals ..."
" -> list of integrals generated"
"Exporting positions maps ..."
" -> positions maps exported"
"Serialize identities ..."
"kernel 1 (Local (4)):"
"\"File: \"\"ibps/ids_top7_exints.mx\"\n"
"kernel 2 (Local (4)):"
"\"File: \"\"ibps/ids_top7_IBP5.mx\"\n"
"kernel 3 (Local (4)):"
"\"File: \"\"ibps/ids_top7_LI1.mx\"\n"
"kernel 4 (Local (4)):"
"\"File: \"\"ibps/ids_top7_LI6.mx\"\n"
"kernel 1 (Local (4)):"
"\"File: \"\"ibps/ids_top7_exints.mx\"\" done in \"{0.010326, Null}\n"
"kernel 2 (Local (4)):"
"\"File: \"\"ibps/ids_top7_IBP5.mx\"\" done in \"{0.012685, Null}\n"
"kernel 3 (Local (4)):"
"\"File: \"\"ibps/ids_top7_LI1.mx\"\" done in \"{0.010899, Null}\n"
"kernel 4 (Local (4)):"
"\"File: \"\"ibps/ids_top7_LI6.mx\"\" done in \"{0.012956, Null}\n"
"kernel 1 (Local (4)):"
"\"File: \"\"ibps/ids_top7_IBP1.mx\"\n"
"kernel 2 (Local (4)):"
"\"File: \"\"ibps/ids_top7_IBP6.mx\"\n"
"kernel 3 (Local (4)):"
"\"File: \"\"ibps/ids_top7_LI2.mx\"\n"
"kernel 4 (Local (4)):"
"\"File: \"\"ibps/ids_top7_LI7.mx\"\n"
"kernel 1 (Local (4)):"
"\"File: \"\"ibps/ids_top7_IBP1.mx\"\" done in \"{0.008671, Null}\n"
"kernel 2 (Local (4)):"
"\"File: \"\"ibps/ids_top7_IBP6.mx\"\" done in \"{0.010411, Null}\n"
"kernel 3 (Local (4)):"
"\"File: \"\"ibps/ids_top7_LI2.mx\"\" done in \"{0.009464, Null}\n"
"kernel 4 (Local (4)):"
"\"File: \"\"ibps/ids_top7_LI7.mx\"\" done in \"{0.010213, Null}\n"
"kernel 1 (Local (4)):"
"\"File: \"\"ibps/ids_top7_IBP2.mx\"\n"
"kernel 2 (Local (4)):"
"\"File: \"\"ibps/ids_top7_IBP7.mx\"\n"
"kernel 3 (Local (4)):"
"\"File: \"\"ibps/ids_top7_LI3.mx\"\n"
"kernel 4 (Local (4)):"
"\"File: \"\"ibps/ids_top7_LI8.mx\"\n"
"kernel 1 (Local (4)):"
"\"File: \"\"ibps/ids_top7_IBP2.mx\"\" done in \"{0.009261, Null}\n"
"kernel 2 (Local (4)):"
"\"File: \"\"ibps/ids_top7_IBP7.mx\"\" done in \"{0.010067, Null}\n"
"kernel 3 (Local (4)):"
"\"File: \"\"ibps/ids_top7_LI3.mx\"\" done in \"{0.00924, Null}\n"
"kernel 4 (Local (4)):"
"\"File: \"\"ibps/ids_top7_LI8.mx\"\" done in \"{0.010314, Null}\n"
"kernel 1 (Local (4)):"
"\"File: \"\"ibps/ids_top7_IBP3.mx\"\n"
"kernel 2 (Local (4)):"
"\"File: \"\"ibps/ids_top7_IBP8.mx\"\n"
"kernel 3 (Local (4)):"
"\"File: \"\"ibps/ids_top7_LI4.mx\"\n"
"kernel 4 (Local (4)):"
"\"File: \"\"ibps/ids_top7_LI9.mx\"\n"
"kernel 1 (Local (4)):"
"\"File: \"\"ibps/ids_top7_IBP3.mx\"\" done in \"{0.009126, Null}\n"
"kernel 2 (Local (4)):"
"\"File: \"\"ibps/ids_top7_IBP8.mx\"\" done in \"{0.010453, Null}\n"
"kernel 3 (Local (4)):"
"\"File: \"\"ibps/ids_top7_LI4.mx\"\" done in \"{0.008922, Null}\n"
"kernel 4 (Local (4)):"
"\"File: \"\"ibps/ids_top7_LI9.mx\"\" done in \"{0.009524, Null}\n"
"kernel 1 (Local (4)):"
"\"File: \"\"ibps/ids_top7_IBP4.mx\"\n"
"kernel 2 (Local (4)):"
"\"File: \"\"ibps/ids_top7_IBP9.mx\"\n"
"kernel 3 (Local (4)):"
"\"File: \"\"ibps/ids_top7_LI5.mx\"\n"
"kernel 4 (Local (4)):"
"\"File: \"\"ibps/ids_top7_Map1.mx\"\n"
"kernel 1 (Local (4)):"
"\"File: \"\"ibps/ids_top7_IBP4.mx\"\" done in \"{0.010074, Null}\n"
"kernel 2 (Local (4)):"
"\"File: \"\"ibps/ids_top7_IBP9.mx\"\" done in \"{0.011177, Null}\n"
"kernel 3 (Local (4)):"
"\"File: \"\"ibps/ids_top7_LI5.mx\"\" done in \"{0.010736, Null}\n"
"kernel 4 (Local (4)):"
"\"File: \"\"ibps/ids_top7_Map1.mx\"\" done in \"{0.009521, Null}\n"
"kernel 1 (Local (4)):"
"\"File: \"\"ibps/ids_top7_Map2.mx\"\n"
"kernel 2 (Local (4)):"
"\"File: \"\"ibps/ids_top7_SR2.mx\"\n"
"kernel 3 (Local (4)):"
"\"File: \"\"ibps/ids_top7_SR7.mx\"\n"
"kernel 4 (Local (4)):"
"\"File: \"\"ibps/ids_top7_SubSym3.mx\"\n"
"kernel 1 (Local (4)):"
"\"File: \"\"ibps/ids_top7_Map2.mx\"\" done in \"{0.028213, Null}\n"
"kernel 2 (Local (4)):"
"\"File: \"\"ibps/ids_top7_SR2.mx\"\" done in \"{0.019793, Null}\n"
"kernel 3 (Local (4)):"
"\"File: \"\"ibps/ids_top7_SR7.mx\"\" done in \"{0.015912, Null}\n"
"kernel 4 (Local (4)):"
"\"File: \"\"ibps/ids_top7_SubSym3.mx\"\" done in \"{0.023963, Null}\n"
"kernel 1 (Local (4)):"
"\"File: \"\"ibps/ids_top7_Map3.mx\"\n"
"kernel 2 (Local (4)):"
"\"File: \"\"ibps/ids_top7_SR3.mx\"\n"
"kernel 3 (Local (4)):"
"\"File: \"\"ibps/ids_top7_SR8.mx\"\n"
"kernel 4 (Local (4)):"
"\"File: \"\"ibps/ids_top7_SubSym4.mx\"\n"
"kernel 1 (Local (4)):"
"\"File: \"\"ibps/ids_top7_Map3.mx\"\" done in \"{0.009532, Null}\n"
"kernel 2 (Local (4)):"
"\"File: \"\"ibps/ids_top7_SR3.mx\"\" done in \"{0.011694, Null}\n"
"kernel 3 (Local (4)):"
"\"File: \"\"ibps/ids_top7_SR8.mx\"\" done in \"{0.011474, Null}\n"
"kernel 4 (Local (4)):"
"\"File: \"\"ibps/ids_top7_SubSym4.mx\"\" done in \"{0.007422, Null}\n"
"kernel 1 (Local (4)):"
"\"File: \"\"ibps/ids_top7_Map4.mx\"\n"
"kernel 2 (Local (4)):"
"\"File: \"\"ibps/ids_top7_SR4.mx\"\n"
"kernel 3 (Local (4)):"
"\"File: \"\"ibps/ids_top7_SR9.mx\"\n"
"kernel 4 (Local (4)):"
"\"File: \"\"ibps/ids_top7_SubSym5.mx\"\n"
"kernel 1 (Local (4)):"
"\"File: \"\"ibps/ids_top7_Map4.mx\"\" done in \"{0.009151, Null}\n"
"kernel 2 (Local (4)):"
"\"File: \"\"ibps/ids_top7_SR4.mx\"\" done in \"{0.007052, Null}\n"
"kernel 3 (Local (4)):"
"\"File: \"\"ibps/ids_top7_SR9.mx\"\" done in \"{0.008109, Null}\n"
"kernel 4 (Local (4)):"
"\"File: \"\"ibps/ids_top7_SubSym5.mx\"\" done in \"{0.007099, Null}\n"
"kernel 1 (Local (4)):"
"\"File: \"\"ibps/ids_top7_Map5.mx\"\n"
"kernel 2 (Local (4)):"
"\"File: \"\"ibps/ids_top7_SR5.mx\"\n"
"kernel 3 (Local (4)):"
"\"File: \"\"ibps/ids_top7_SubSym1.mx\"\n"
"kernel 4 (Local (4)):"
"\"File: \"\"ibps/ids_top7_SubSym6.mx\"\n"
"kernel 1 (Local (4)):"
"\"File: \"\"ibps/ids_top7_Map5.mx\"\" done in \"{0.009094, Null}\n"
"kernel 2 (Local (4)):"
"\"File: \"\"ibps/ids_top7_SR5.mx\"\" done in \"{0.007099, Null}\n"
"kernel 3 (Local (4)):"
"\"File: \"\"ibps/ids_top7_SubSym1.mx\"\" done in \"{0.007213, Null}\n"
"kernel 4 (Local (4)):"
"\"File: \"\"ibps/ids_top7_SubSym6.mx\"\" done in \"{0.006939, Null}\n"
"kernel 1 (Local (4)):"
"\"File: \"\"ibps/ids_top7_SR1.mx\"\n"
"kernel 2 (Local (4)):"
"\"File: \"\"ibps/ids_top7_SR6.mx\"\n"
"kernel 3 (Local (4)):"
"\"File: \"\"ibps/ids_top7_SubSym2.mx\"\n"
"kernel 4 (Local (4)):"
"\"File: \"\"ibps/ids_top7_usints.mx\"\n"
"kernel 1 (Local (4)):"
"\"File: \"\"ibps/ids_top7_SR1.mx\"\" done in \"{0.006463, Null}\n"
"kernel 2 (Local (4)):"
"\"File: \"\"ibps/ids_top7_SR6.mx\"\" done in \"{0.007309, Null}\n"
"kernel 3 (Local (4)):"
"\"File: \"\"ibps/ids_top7_SubSym2.mx\"\" done in \"{0.007008, Null}\n"
"kernel 4 (Local (4)):"
"\"File: \"\"ibps/ids_top7_usints.mx\"\" done in \"{0.006831, Null}\n"
"-> all in :"{0.307998, Null}
