CalcLoop: a tool for automated multiloop calculation in quantum field theory.
Version 2022/07/10.
Number of defined symbols=45. Please see ?CalcLoop`* for help.
Blade: a pacakge for block-triangular form improved Feynman integral decomposition.
Version 2024/05/23.
Author: Xin Guan, Xiao Liu, Yan-Qing Ma and Wen-Hao Wu.
Number of defined symbols=68. Please see ?Blade`* for help.

--------------------------------------------------
BLSetReducerOptions->"IBPParameter" -> Automatic, "IntegralOrdering" -> 1, "CheckMastersQ" -> True, "FilterLevel" -> 3, "IBPForMapSector" -> False, "MaxIncrement" -> 2, "CloseSymmetry" -> False, "ExternalSymmetry" -> True, "CutNoDot" -> False, "BlackBoxRank" -> 2, "BlackBoxDot" -> 0, "MaxPrime" -> 200, "MaxDegree" -> 1000, "Reconstructor" -> "FiniteFlow"
BLSetSchemeOptions->"OperatorExtendGQ" -> True, "MinimalSchemeRank" -> 1, "PartitionDot" -> True, "PartitionRankThreshold" -> 100, "UniqueSubsectorQ" -> True"--------------------------------------------------"
"BladeIBP: a package for generating IBP, LI and Symmetry relations."

FrontEndObject::notavail: A front end is not available; certain operations require a front end.
Number of Families = 1. Number of Sectors = 8.
"6 zero sectors found, 10 nonzero sectors found."
"8 unique sectors found, 2 mapped sectors found, 0 extmapped sectors found."
"7 subgraph-unique sectors found, 0 subgraph-mapped sectors found"
"kernel 1 (Local (4)):"
"{1, 1, 1, 1}\" done in: \"0.042959`5.0845991567941615\"s.\"\n"
"kernel 2 (Local (4)):"
"{1, 1, 1, 0}\" done in: \"0.039307`5.046014892234305\"s.\"\n"
"kernel 3 (Local (4)):"
"{1, 1, 0, 1}\" done in: \"0.041395`5.068492880424898\"s.\"\n"
"kernel 4 (Local (4)):"
"{1, 0, 1, 1}\" done in: \"0.043582`5.090852149856728\"s.\"\n"
"kernel 1 (Local (4)):"
"{0, 1, 1, 1}\" done in: \"0.022601`4.805672648788237\"s.\"\n"
"kernel 2 (Local (4)):"
"{1, 0, 0, 1}\" done in: \"0.021344`4.780820805732428\"s.\"\n"
"kernel 3 (Local (4)):"
"{0, 1, 1, 0}\" done in: \"0.020623`4.7658968352716355\"s.\"\n"
"kernel 4 (Local (4)):"
"{0, 1, 0, 1}\" done in: \"0.0232`4.817032978386875\"s.\"\n"
"kernel 1 (Local (4)):"
"{0, 0, 1, 1}\" done in: \"0.022401`4.801812399543891\"s.\"\n"
"kernel 2 (Local (4)):"
"{0, 0, 0, 1}\" done in: \"0.018662`4.722503178588073\"s.\"\n"
"fast determineMI done in: "0.694079`6.292953898117191
"# rawmasters(nomap): "5", # rawmasters: "5
