CalcLoop: a tool for automated multiloop calculation in quantum field theory.
Version 2022/07/10.
Number of defined symbols=45. Please see ?CalcLoop`* for help.
Blade: a pacakge for block-triangular form improved Feynman integral decomposition.
Version 2024/05/23.
Author: Xin Guan, Xiao Liu, Yan-Qing Ma and Wen-Hao Wu.
Number of defined symbols=68. Please see ?Blade`* for help.

--------------------------------------------------
BLSetReducerOptions->"IBPParameter" -> Automatic, "IntegralOrdering" -> 1, "CheckMastersQ" -> True, "FilterLevel" -> 3, "IBPForMapSector" -> False, "MaxIncrement" -> 2, "CloseSymmetry" -> False, "ExternalSymmetry" -> True, "CutNoDot" -> False, "BlackBoxRank" -> 2, "BlackBoxDot" -> 0, "MaxPrime" -> 200, "MaxDegree" -> 1000, "Reconstructor" -> "FiniteFlow"
BLSetSchemeOptions->"OperatorExtendGQ" -> True, "MinimalSchemeRank" -> 1, "PartitionDot" -> True, "PartitionRankThreshold" -> 100, "UniqueSubsectorQ" -> True"--------------------------------------------------"
"BladeIBP: a package for generating IBP, LI and Symmetry relations."

FrontEndObject::notavail: A front end is not available; certain operations require a front end.
Number of Families = 1. Number of Sectors = 9.
"2 zero sectors found, 14 nonzero sectors found."
"9 unique sectors found, 5 mapped sectors found, 0 extmapped sectors found."
"8 subgraph-unique sectors found, 0 subgraph-mapped sectors found"
"Seeding Id type ->""IBP"
"Seeding Id type ->""LI"
"Seeding Id type ->""SR"
"Seeding Id type ->""Map"
"Seeding Id type ->""SubSym"
"====================="
"Id type -> ""IBP"" # chunks -> "9
"====================="
"kernel 1 (Local (4)):"
"\"IBP\"\" #\"1\" of \"9\n"
"kernel 2 (Local (4)):"
"\"IBP\"\" #\"3\" of \"9\n"
"kernel 3 (Local (4)):"
"\"IBP\"\" #\"4\" of \"9\n"
"kernel 4 (Local (4)):"
"\"IBP\"\" #\"5\" of \"9\n"
"kernel 1 (Local (4)):"
"\" -> \"\"done in \"{0.033937, Null}\n"
"kernel 2 (Local (4)):"
"\" -> \"\"done in \"{0.03356, Null}\n"
"kernel 3 (Local (4)):"
"\" -> \"\"done in \"{0.033656, Null}\n"
"kernel 4 (Local (4)):"
"\" -> \"\"done in \"{0.033932, Null}\n"
"kernel 1 (Local (4)):"
"\"IBP\"\" #\"2\" of \"9\n"
"kernel 1 (Local (4)):"
"\" -> \"\"done in \"{0.004675, Null}\n"
"kernel 2 (Local (4)):"
"\"IBP\"\" #\"6\" of \"9\n"
"kernel 3 (Local (4)):"
"\"IBP\"\" #\"7\" of \"9\n"
"kernel 4 (Local (4)):"
"\"IBP\"\" #\"8\" of \"9\n"
"kernel 2 (Local (4)):"
"\" -> \"\"done in \"{0.005254, Null}\n"
"kernel 3 (Local (4)):"
"\" -> \"\"done in \"{0.005526, Null}\n"
"kernel 4 (Local (4)):"
"\" -> \"\"done in \"{0.005213, Null}\n"
"kernel 1 (Local (4)):"
"\"IBP\"\" #\"9\" of \"9\n"
"kernel 1 (Local (4)):"
"\" -> \"\"done in \"{0.005018, Null}\n"
"====================="
"Id type -> ""LI"" # chunks -> "9
"====================="
"kernel 1 (Local (4)):"
"\"LI\"\" #\"1\" of \"9\n"
"kernel 2 (Local (4)):"
"\"LI\"\" #\"3\" of \"9\n"
"kernel 3 (Local (4)):"
"\"LI\"\" #\"4\" of \"9\n"
"kernel 4 (Local (4)):"
"\"LI\"\" #\"5\" of \"9\n"
"kernel 1 (Local (4)):"
"\" -> \"\"done in \"{0.004948, Null}\n"
"kernel 2 (Local (4)):"
"\" -> \"\"done in \"{0.004966, Null}\n"
"kernel 3 (Local (4)):"
"\" -> \"\"done in \"{0.005624, Null}\n"
"kernel 4 (Local (4)):"
"\" -> \"\"done in \"{0.005604, Null}\n"
"kernel 1 (Local (4)):"
"\"LI\"\" #\"2\" of \"9\n"
"kernel 1 (Local (4)):"
"\" -> \"\"done in \"{0.00423, Null}\n"
"kernel 2 (Local (4)):"
"\"LI\"\" #\"6\" of \"9\n"
"kernel 3 (Local (4)):"
"\"LI\"\" #\"7\" of \"9\n"
"kernel 4 (Local (4)):"
"\"LI\"\" #\"8\" of \"9\n"
"kernel 2 (Local (4)):"
"\" -> \"\"done in \"{0.00493, Null}\n"
"kernel 3 (Local (4)):"
"\" -> \"\"done in \"{0.005229, Null}\n"
"kernel 4 (Local (4)):"
"\" -> \"\"done in \"{0.004922, Null}\n"
"kernel 1 (Local (4)):"
"\"LI\"\" #\"9\" of \"9\n"
"kernel 1 (Local (4)):"
"\" -> \"\"done in \"{0.00532, Null}\n"
"====================="
"Id type -> ""SR"" # chunks -> "9
"====================="
"kernel 1 (Local (4)):"
"\"SR\"\" #\"1\" of \"9\n"
"kernel 2 (Local (4)):"
"\"SR\"\" #\"3\" of \"9\n"
"kernel 3 (Local (4)):"
"\"SR\"\" #\"4\" of \"9\n"
"kernel 4 (Local (4)):"
"\"SR\"\" #\"5\" of \"9\n"
"kernel 1 (Local (4)):"
"\"sectors involved: \"{{1, 1, 1, 1}}\n"
"kernel 2 (Local (4)):"
"\"sectors involved: \"{{1, 0, 1, 1}}\n"
"kernel 3 (Local (4)):"
"\"sectors involved: \"{{0, 1, 1, 1}}\n"
"kernel 4 (Local (4)):"
"\"sectors involved: \"{{1, 1, 0, 0}}\n"
"kernel 1 (Local (4)):"
"\"#Symmetry Relations:  \"0\n"
"kernel 2 (Local (4)):"
"\"#Symmetry Relations:  \"0\n"
"kernel 3 (Local (4)):"
"\"#Symmetry Relations:  \"0\n"
"kernel 4 (Local (4)):"
"\"#Symmetry Relations:  \"4\n"
"kernel 1 (Local (4)):"
"\" -> \"\"done in \"{0.005458, Null}\n"
"kernel 2 (Local (4)):"
"\" -> \"\"done in \"{0.005555, Null}\n"
"kernel 3 (Local (4)):"
"\" -> \"\"done in \"{0.005448, Null}\n"
"kernel 4 (Local (4)):"
"\" -> \"\"done in \"{0.006179, Null}\n"
"kernel 1 (Local (4)):"
"\"SR\"\" #\"2\" of \"9\n"
"kernel 1 (Local (4)):"
"\"sectors involved: \"{{1, 1, 1, 0}}\n"
"kernel 2 (Local (4)):"
"\"SR\"\" #\"6\" of \"9\n"
"kernel 3 (Local (4)):"
"\"SR\"\" #\"7\" of \"9\n"
"kernel 4 (Local (4)):"
"\"SR\"\" #\"8\" of \"9\n"
"kernel 1 (Local (4)):"
"\"#Symmetry Relations:  \"0\n"
"kernel 2 (Local (4)):"
"\"sectors involved: \"{{1, 0, 1, 0}}\n"
"kernel 3 (Local (4)):"
"\"sectors involved: \"{{0, 1, 1, 0}}\n"
"kernel 4 (Local (4)):"
"\"sectors involved: \"{{0, 0, 1, 1}}\n"
"kernel 1 (Local (4)):"
"\" -> \"\"done in \"{0.004098, Null}\n"
"kernel 2 (Local (4)):"
"\"#Symmetry Relations:  \"3\n"
"kernel 3 (Local (4)):"
"\"#Symmetry Relations:  \"0\n"
"kernel 4 (Local (4)):"
"\"#Symmetry Relations:  \"6\n"
"kernel 2 (Local (4)):"
"\" -> \"\"done in \"{0.01112, Null}\n"
"kernel 3 (Local (4)):"
"\" -> \"\"done in \"{0.009766, Null}\n"
"kernel 4 (Local (4)):"
"\" -> \"\"done in \"{0.012625, Null}\n"
"kernel 1 (Local (4)):"
"\"SR\"\" #\"9\" of \"9\n"
"kernel 1 (Local (4)):"
"\"sectors involved: \"{{1, 0, 0, 0}}\n"
"kernel 1 (Local (4)):"
"\"#Symmetry Relations:  \"21\n"
"kernel 1 (Local (4)):"
"\" -> \"\"done in \"{0.014847, Null}\n"
"====================="
"Id type -> ""Map"" # chunks -> "5
"====================="
"kernel 1 (Local (4)):"
"\"Map\"\" #\"1\" of \"5\n"
"kernel 2 (Local (4)):"
"\"Map\"\" #\"3\" of \"5\n"
"kernel 3 (Local (4)):"
"\"Map\"\" #\"4\" of \"5\n"
"kernel 4 (Local (4)):"
"\"Map\"\" #\"5\" of \"5\n"
"kernel 1 (Local (4)):"
"\"sectors involved: \"{{1, 1, 0, 1}}\n"
"kernel 2 (Local (4)):"
"\"sectors involved: \"{{0, 1, 0, 1}}\n"
"kernel 3 (Local (4)):"
"\"sectors involved: \"{{0, 0, 1, 0}}\n"
"kernel 4 (Local (4)):"
"\"sectors involved: \"{{0, 0, 0, 1}}\n"
"kernel 1 (Local (4)):"
"\"#Symmetry Relations:  \"12\n"
"kernel 2 (Local (4)):"
"\"#Symmetry Relations:  \"18\n"
"kernel 3 (Local (4)):"
"\"#Symmetry Relations:  \"20\n"
"kernel 4 (Local (4)):"
"\"#Symmetry Relations:  \"20\n"
"kernel 1 (Local (4)):"
"\" -> \"\"done in \"{0.008052, Null}\n"
"kernel 2 (Local (4)):"
"\" -> \"\"done in \"{0.009324, Null}\n"
"kernel 3 (Local (4)):"
"\" -> \"\"done in \"{0.016555, Null}\n"
"kernel 4 (Local (4)):"
"\" -> \"\"done in \"{0.016353, Null}\n"
"kernel 1 (Local (4)):"
"\"Map\"\" #\"2\" of \"5\n"
"kernel 1 (Local (4)):"
"\"sectors involved: \"{{1, 0, 0, 1}}\n"
"kernel 1 (Local (4)):"
"\"#Symmetry Relations:  \"18\n"
"kernel 1 (Local (4)):"
"\" -> \"\"done in \"{0.008487, Null}\n"
"====================="
"Id type -> ""SubSym"" # chunks -> "6
"====================="
"kernel 1 (Local (4)):"
"\"SubSym\"\" #\"1\" of \"6\n"
"kernel 2 (Local (4)):"
"\"SubSym\"\" #\"3\" of \"6\n"
"kernel 3 (Local (4)):"
"\"SubSym\"\" #\"5\" of \"6\n"
"kernel 4 (Local (4)):"
"\"SubSym\"\" #\"6\" of \"6\n"
"kernel 1 (Local (4)):"
"\" -> \"\"done in \"{0.009694, Null}\n"
"kernel 2 (Local (4)):"
"\" -> \"\"done in \"{0.010125, Null}\n"
"kernel 3 (Local (4)):"
"\" -> \"\"done in \"{0.010194, Null}\n"
"kernel 4 (Local (4)):"
"\" -> \"\"done in \"{0.010008, Null}\n"
"kernel 1 (Local (4)):"
"\"SubSym\"\" #\"2\" of \"6\n"
"kernel 2 (Local (4)):"
"\"SubSym\"\" #\"4\" of \"6\n"
"kernel 1 (Local (4)):"
"\" -> \"\"done in \"{0.005286, Null}\n"
"kernel 2 (Local (4)):"
"\" -> \"\"done in \"{0.005317, Null}\n"
"Generating list of integrals ..."
" -> list of integrals generated"
"Exporting positions maps ..."
" -> positions maps exported"
"Serialize identities ..."
"kernel 1 (Local (4)):"
"\"File: \"\"ibps/ids_top3_exints.mx\"\n"
"kernel 2 (Local (4)):"
"\"File: \"\"ibps/ids_top3_IBP5.mx\"\n"
"kernel 3 (Local (4)):"
"\"File: \"\"ibps/ids_top3_LI1.mx\"\n"
"kernel 4 (Local (4)):"
"\"File: \"\"ibps/ids_top3_LI6.mx\"\n"
"kernel 1 (Local (4)):"
"\"File: \"\"ibps/ids_top3_exints.mx\"\" done in \"{0.009506, Null}\n"
"kernel 2 (Local (4)):"
"\"File: \"\"ibps/ids_top3_IBP5.mx\"\" done in \"{0.012257, Null}\n"
"kernel 3 (Local (4)):"
"\"File: \"\"ibps/ids_top3_LI1.mx\"\" done in \"{0.010672, Null}\n"
"kernel 4 (Local (4)):"
"\"File: \"\"ibps/ids_top3_LI6.mx\"\" done in \"{0.012936, Null}\n"
"kernel 1 (Local (4)):"
"\"File: \"\"ibps/ids_top3_IBP1.mx\"\n"
"kernel 2 (Local (4)):"
"\"File: \"\"ibps/ids_top3_IBP6.mx\"\n"
"kernel 3 (Local (4)):"
"\"File: \"\"ibps/ids_top3_LI2.mx\"\n"
"kernel 4 (Local (4)):"
"\"File: \"\"ibps/ids_top3_LI7.mx\"\n"
"kernel 1 (Local (4)):"
"\"File: \"\"ibps/ids_top3_IBP1.mx\"\" done in \"{0.008277, Null}\n"
"kernel 2 (Local (4)):"
"\"File: \"\"ibps/ids_top3_IBP6.mx\"\" done in \"{0.009898, Null}\n"
"kernel 3 (Local (4)):"
"\"File: \"\"ibps/ids_top3_LI2.mx\"\" done in \"{0.009525, Null}\n"
"kernel 4 (Local (4)):"
"\"File: \"\"ibps/ids_top3_LI7.mx\"\" done in \"{0.010033, Null}\n"
"kernel 1 (Local (4)):"
"\"File: \"\"ibps/ids_top3_IBP2.mx\"\n"
"kernel 2 (Local (4)):"
"\"File: \"\"ibps/ids_top3_IBP7.mx\"\n"
"kernel 3 (Local (4)):"
"\"File: \"\"ibps/ids_top3_LI3.mx\"\n"
"kernel 4 (Local (4)):"
"\"File: \"\"ibps/ids_top3_LI8.mx\"\n"
"kernel 1 (Local (4)):"
"\"File: \"\"ibps/ids_top3_IBP2.mx\"\" done in \"{0.009492, Null}\n"
"kernel 2 (Local (4)):"
"\"File: \"\"ibps/ids_top3_IBP7.mx\"\" done in \"{0.009617, Null}\n"
"kernel 3 (Local (4)):"
"\"File: \"\"ibps/ids_top3_LI3.mx\"\" done in \"{0.010174, Null}\n"
"kernel 4 (Local (4)):"
"\"File: \"\"ibps/ids_top3_LI8.mx\"\" done in \"{0.010646, Null}\n"
"kernel 1 (Local (4)):"
"\"File: \"\"ibps/ids_top3_IBP3.mx\"\n"
"kernel 2 (Local (4)):"
"\"File: \"\"ibps/ids_top3_IBP8.mx\"\n"
"kernel 3 (Local (4)):"
"\"File: \"\"ibps/ids_top3_LI4.mx\"\n"
"kernel 4 (Local (4)):"
"\"File: \"\"ibps/ids_top3_LI9.mx\"\n"
"kernel 1 (Local (4)):"
"\"File: \"\"ibps/ids_top3_IBP3.mx\"\" done in \"{0.00928, Null}\n"
"kernel 2 (Local (4)):"
"\"File: \"\"ibps/ids_top3_IBP8.mx\"\" done in \"{0.010627, Null}\n"
"kernel 3 (Local (4)):"
"\"File: \"\"ibps/ids_top3_LI4.mx\"\" done in \"{0.009294, Null}\n"
"kernel 4 (Local (4)):"
"\"File: \"\"ibps/ids_top3_LI9.mx\"\" done in \"{0.010309, Null}\n"
"kernel 1 (Local (4)):"
"\"File: \"\"ibps/ids_top3_IBP4.mx\"\n"
"kernel 2 (Local (4)):"
"\"File: \"\"ibps/ids_top3_IBP9.mx\"\n"
"kernel 3 (Local (4)):"
"\"File: \"\"ibps/ids_top3_LI5.mx\"\n"
"kernel 4 (Local (4)):"
"\"File: \"\"ibps/ids_top3_Map1.mx\"\n"
"kernel 1 (Local (4)):"
"\"File: \"\"ibps/ids_top3_IBP4.mx\"\" done in \"{0.009637, Null}\n"
"kernel 2 (Local (4)):"
"\"File: \"\"ibps/ids_top3_IBP9.mx\"\" done in \"{0.010736, Null}\n"
"kernel 3 (Local (4)):"
"\"File: \"\"ibps/ids_top3_LI5.mx\"\" done in \"{0.01013, Null}\n"
"kernel 4 (Local (4)):"
"\"File: \"\"ibps/ids_top3_Map1.mx\"\" done in \"{0.008387, Null}\n"
"kernel 1 (Local (4)):"
"\"File: \"\"ibps/ids_top3_Map2.mx\"\n"
"kernel 2 (Local (4)):"
"\"File: \"\"ibps/ids_top3_SR2.mx\"\n"
"kernel 3 (Local (4)):"
"\"File: \"\"ibps/ids_top3_SR7.mx\"\n"
"kernel 4 (Local (4)):"
"\"File: \"\"ibps/ids_top3_SubSym3.mx\"\n"
"kernel 1 (Local (4)):"
"\"File: \"\"ibps/ids_top3_Map2.mx\"\" done in \"{0.010036, Null}\n"
"kernel 2 (Local (4)):"
"\"File: \"\"ibps/ids_top3_SR2.mx\"\" done in \"{0.008509, Null}\n"
"kernel 3 (Local (4)):"
"\"File: \"\"ibps/ids_top3_SR7.mx\"\" done in \"{0.008643, Null}\n"
"kernel 4 (Local (4)):"
"\"File: \"\"ibps/ids_top3_SubSym3.mx\"\" done in \"{0.008706, Null}\n"
"kernel 1 (Local (4)):"
"\"File: \"\"ibps/ids_top3_Map3.mx\"\n"
"kernel 2 (Local (4)):"
"\"File: \"\"ibps/ids_top3_SR3.mx\"\n"
"kernel 3 (Local (4)):"
"\"File: \"\"ibps/ids_top3_SR8.mx\"\n"
"kernel 4 (Local (4)):"
"\"File: \"\"ibps/ids_top3_SubSym4.mx\"\n"
"kernel 1 (Local (4)):"
"\"File: \"\"ibps/ids_top3_Map3.mx\"\" done in \"{0.00923, Null}\n"
"kernel 2 (Local (4)):"
"\"File: \"\"ibps/ids_top3_SR3.mx\"\" done in \"{0.008194, Null}\n"
"kernel 3 (Local (4)):"
"\"File: \"\"ibps/ids_top3_SR8.mx\"\" done in \"{0.008193, Null}\n"
"kernel 4 (Local (4)):"
"\"File: \"\"ibps/ids_top3_SubSym4.mx\"\" done in \"{0.007785, Null}\n"
"kernel 1 (Local (4)):"
"\"File: \"\"ibps/ids_top3_Map4.mx\"\n"
"kernel 2 (Local (4)):"
"\"File: \"\"ibps/ids_top3_SR4.mx\"\n"
"kernel 3 (Local (4)):"
"\"File: \"\"ibps/ids_top3_SR9.mx\"\n"
"kernel 4 (Local (4)):"
"\"File: \"\"ibps/ids_top3_SubSym5.mx\"\n"
"kernel 1 (Local (4)):"
"\"File: \"\"ibps/ids_top3_Map4.mx\"\" done in \"{0.009809, Null}\n"
"kernel 2 (Local (4)):"
"\"File: \"\"ibps/ids_top3_SR4.mx\"\" done in \"{0.0078, Null}\n"
"kernel 3 (Local (4)):"
"\"File: \"\"ibps/ids_top3_SR9.mx\"\" done in \"{0.008463, Null}\n"
"kernel 4 (Local (4)):"
"\"File: \"\"ibps/ids_top3_SubSym5.mx\"\" done in \"{0.00748, Null}\n"
"kernel 1 (Local (4)):"
"\"File: \"\"ibps/ids_top3_Map5.mx\"\n"
"kernel 2 (Local (4)):"
"\"File: \"\"ibps/ids_top3_SR5.mx\"\n"
"kernel 3 (Local (4)):"
"\"File: \"\"ibps/ids_top3_SubSym1.mx\"\n"
"kernel 4 (Local (4)):"
"\"File: \"\"ibps/ids_top3_SubSym6.mx\"\n"
"kernel 1 (Local (4)):"
"\"File: \"\"ibps/ids_top3_Map5.mx\"\" done in \"{0.009618, Null}\n"
"kernel 2 (Local (4)):"
"\"File: \"\"ibps/ids_top3_SR5.mx\"\" done in \"{0.007809, Null}\n"
"kernel 3 (Local (4)):"
"\"File: \"\"ibps/ids_top3_SubSym1.mx\"\" done in \"{0.007457, Null}\n"
"kernel 4 (Local (4)):"
"\"File: \"\"ibps/ids_top3_SubSym6.mx\"\" done in \"{0.00741, Null}\n"
"kernel 1 (Local (4)):"
"\"File: \"\"ibps/ids_top3_SR1.mx\"\n"
"kernel 2 (Local (4)):"
"\"File: \"\"ibps/ids_top3_SR6.mx\"\n"
"kernel 3 (Local (4)):"
"\"File: \"\"ibps/ids_top3_SubSym2.mx\"\n"
"kernel 4 (Local (4)):"
"\"File: \"\"ibps/ids_top3_usints.mx\"\n"
"kernel 1 (Local (4)):"
"\"File: \"\"ibps/ids_top3_SR1.mx\"\" done in \"{0.006543, Null}\n"
"kernel 2 (Local (4)):"
"\"File: \"\"ibps/ids_top3_SR6.mx\"\" done in \"{0.0079, Null}\n"
"kernel 3 (Local (4)):"
"\"File: \"\"ibps/ids_top3_SubSym2.mx\"\" done in \"{0.006899, Null}\n"
"kernel 4 (Local (4)):"
"\"File: \"\"ibps/ids_top3_usints.mx\"\" done in \"{0.00722, Null}\n"
"-> all in :"{0.282964, Null}
