CalcLoop: a tool for automated multiloop calculation in quantum field theory.
Version 2022/07/10.
Number of defined symbols=45. Please see ?CalcLoop`* for help.
Blade: a pacakge for block-triangular form improved Feynman integral decomposition.
Version 2024/05/23.
Author: Xin Guan, Xiao Liu, Yan-Qing Ma and Wen-Hao Wu.
Number of defined symbols=68. Please see ?Blade`* for help.

--------------------------------------------------
BLSetReducerOptions->"IBPParameter" -> Automatic, "IntegralOrdering" -> 1, "CheckMastersQ" -> True, "FilterLevel" -> 3, "IBPForMapSector" -> False, "MaxIncrement" -> 2, "CloseSymmetry" -> False, "ExternalSymmetry" -> True, "CutNoDot" -> False, "BlackBoxRank" -> 2, "BlackBoxDot" -> 0, "MaxPrime" -> 200, "MaxDegree" -> 1000, "Reconstructor" -> "FiniteFlow"
BLSetSchemeOptions->"OperatorExtendGQ" -> True, "MinimalSchemeRank" -> 1, "PartitionDot" -> True, "PartitionRankThreshold" -> 100, "UniqueSubsectorQ" -> True"--------------------------------------------------"
"BladeIBP: a package for generating IBP, LI and Symmetry relations."

FrontEndObject::notavail: A front end is not available; certain operations require a front end.
Number of Families = 1. Number of Sectors = 8.
"6 zero sectors found, 10 nonzero sectors found."
"8 unique sectors found, 2 mapped sectors found, 0 extmapped sectors found."
"7 subgraph-unique sectors found, 0 subgraph-mapped sectors found"
"Seeding Id type ->""IBP"
"Seeding Id type ->""LI"
"Seeding Id type ->""SR"
"Seeding Id type ->""Map"
"Seeding Id type ->""SubSym"
"====================="
"Id type -> ""IBP"" # chunks -> "8
"====================="
"kernel 1 (Local (4)):"
"\"IBP\"\" #\"1\" of \"8\n"
"kernel 2 (Local (4)):"
"\"IBP\"\" #\"3\" of \"8\n"
"kernel 3 (Local (4)):"
"\"IBP\"\" #\"5\" of \"8\n"
"kernel 4 (Local (4)):"
"\"IBP\"\" #\"7\" of \"8\n"
"kernel 1 (Local (4)):"
"\" -> \"\"done in \"{0.033593, Null}\n"
"kernel 2 (Local (4)):"
"\" -> \"\"done in \"{0.034092, Null}\n"
"kernel 3 (Local (4)):"
"\" -> \"\"done in \"{0.035176, Null}\n"
"kernel 4 (Local (4)):"
"\" -> \"\"done in \"{0.035564, Null}\n"
"kernel 1 (Local (4)):"
"\"IBP\"\" #\"2\" of \"8\n"
"kernel 2 (Local (4)):"
"\"IBP\"\" #\"4\" of \"8\n"
"kernel 3 (Local (4)):"
"\"IBP\"\" #\"6\" of \"8\n"
"kernel 4 (Local (4)):"
"\"IBP\"\" #\"8\" of \"8\n"
"kernel 1 (Local (4)):"
"\" -> \"\"done in \"{0.004917, Null}\n"
"kernel 2 (Local (4)):"
"\" -> \"\"done in \"{0.004681, Null}\n"
"kernel 3 (Local (4)):"
"\" -> \"\"done in \"{0.006298, Null}\n"
"kernel 4 (Local (4)):"
"\" -> \"\"done in \"{0.006789, Null}\n"
"====================="
"Id type -> ""LI"" # chunks -> "8
"====================="
"kernel 1 (Local (4)):"
"\"LI\"\" #\"1\" of \"8\n"
"kernel 2 (Local (4)):"
"\"LI\"\" #\"3\" of \"8\n"
"kernel 3 (Local (4)):"
"\"LI\"\" #\"5\" of \"8\n"
"kernel 4 (Local (4)):"
"\"LI\"\" #\"7\" of \"8\n"
"kernel 1 (Local (4)):"
"\" -> \"\"done in \"{0.004236, Null}\n"
"kernel 2 (Local (4)):"
"\" -> \"\"done in \"{0.004841, Null}\n"
"kernel 3 (Local (4)):"
"\" -> \"\"done in \"{0.005878, Null}\n"
"kernel 4 (Local (4)):"
"\" -> \"\"done in \"{0.005987, Null}\n"
"kernel 1 (Local (4)):"
"\"LI\"\" #\"2\" of \"8\n"
"kernel 2 (Local (4)):"
"\"LI\"\" #\"4\" of \"8\n"
"kernel 3 (Local (4)):"
"\"LI\"\" #\"6\" of \"8\n"
"kernel 4 (Local (4)):"
"\"LI\"\" #\"8\" of \"8\n"
"kernel 1 (Local (4)):"
"\" -> \"\"done in \"{0.004869, Null}\n"
"kernel 2 (Local (4)):"
"\" -> \"\"done in \"{0.004699, Null}\n"
"kernel 3 (Local (4)):"
"\" -> \"\"done in \"{0.006013, Null}\n"
"kernel 4 (Local (4)):"
"\" -> \"\"done in \"{0.007394, Null}\n"
"====================="
"Id type -> ""SR"" # chunks -> "8
"====================="
"kernel 1 (Local (4)):"
"\"SR\"\" #\"1\" of \"8\n"
"kernel 2 (Local (4)):"
"\"SR\"\" #\"3\" of \"8\n"
"kernel 3 (Local (4)):"
"\"SR\"\" #\"5\" of \"8\n"
"kernel 4 (Local (4)):"
"\"SR\"\" #\"7\" of \"8\n"
"kernel 1 (Local (4)):"
"\"sectors involved: \"{{1, 1, 1, 1}}\n"
"kernel 2 (Local (4)):"
"\"sectors involved: \"{{1, 1, 0, 1}}\n"
"kernel 3 (Local (4)):"
"\"sectors involved: \"{{1, 0, 0, 1}}\n"
"kernel 4 (Local (4)):"
"\"sectors involved: \"{{0, 1, 0, 1}}\n"
"kernel 1 (Local (4)):"
"\"#Symmetry Relations:  \"0\n"
"kernel 2 (Local (4)):"
"\"#Symmetry Relations:  \"0\n"
"kernel 3 (Local (4)):"
"\"#Symmetry Relations:  \"8\n"
"kernel 4 (Local (4)):"
"\"#Symmetry Relations:  \"0\n"
"kernel 1 (Local (4)):"
"\" -> \"\"done in \"{0.004976, Null}\n"
"kernel 2 (Local (4)):"
"\" -> \"\"done in \"{0.004614, Null}\n"
"kernel 3 (Local (4)):"
"\" -> \"\"done in \"{0.007265, Null}\n"
"kernel 4 (Local (4)):"
"\" -> \"\"done in \"{0.004522, Null}\n"
"kernel 1 (Local (4)):"
"\"SR\"\" #\"2\" of \"8\n"
"kernel 2 (Local (4)):"
"\"SR\"\" #\"4\" of \"8\n"
"kernel 3 (Local (4)):"
"\"SR\"\" #\"6\" of \"8\n"
"kernel 4 (Local (4)):"
"\"SR\"\" #\"8\" of \"8\n"
"kernel 1 (Local (4)):"
"\"sectors involved: \"{{1, 1, 1, 0}}\n"
"kernel 2 (Local (4)):"
"\"sectors involved: \"{{0, 1, 1, 1}}\n"
"kernel 3 (Local (4)):"
"\"sectors involved: \"{{0, 1, 1, 0}}\n"
"kernel 4 (Local (4)):"
"\"sectors involved: \"{{0, 0, 0, 1}}\n"
"kernel 1 (Local (4)):"
"\"#Symmetry Relations:  \"0\n"
"kernel 2 (Local (4)):"
"\"#Symmetry Relations:  \"0\n"
"kernel 3 (Local (4)):"
"\"#Symmetry Relations:  \"14\n"
"kernel 4 (Local (4)):"
"\"#Symmetry Relations:  \"47\n"
"kernel 1 (Local (4)):"
"\" -> \"\"done in \"{0.004962, Null}\n"
"kernel 2 (Local (4)):"
"\" -> \"\"done in \"{0.005099, Null}\n"
"kernel 3 (Local (4)):"
"\" -> \"\"done in \"{0.017643, Null}\n"
"kernel 4 (Local (4)):"
"\" -> \"\"done in \"{0.030321, Null}\n"
"====================="
"Id type -> ""Map"" # chunks -> "2
"====================="
"kernel 1 (Local (4)):"
"\"Map\"\" #\"1\" of \"2\n"
"kernel 2 (Local (4)):"
"\"Map\"\" #\"2\" of \"2\n"
"kernel 1 (Local (4)):"
"\"sectors involved: \"{{1, 0, 1, 1}}\n"
"kernel 2 (Local (4)):"
"\"sectors involved: \"{{0, 0, 1, 1}}\n"
"kernel 1 (Local (4)):"
"\"#Symmetry Relations:  \"16\n"
"kernel 2 (Local (4)):"
"\"#Symmetry Relations:  \"30\n"
"kernel 1 (Local (4)):"
"\" -> \"\"done in \"{0.008209, Null}\n"
"kernel 2 (Local (4)):"
"\" -> \"\"done in \"{0.011403, Null}\n"
"====================="
"Id type -> ""SubSym"" # chunks -> "5
"====================="
"kernel 1 (Local (4)):"
"\"SubSym\"\" #\"1\" of \"5\n"
"kernel 2 (Local (4)):"
"\"SubSym\"\" #\"3\" of \"5\n"
"kernel 3 (Local (4)):"
"\"SubSym\"\" #\"4\" of \"5\n"
"kernel 4 (Local (4)):"
"\"SubSym\"\" #\"5\" of \"5\n"
"kernel 1 (Local (4)):"
"\" -> \"\"done in \"{0.009198, Null}\n"
"kernel 2 (Local (4)):"
"\" -> \"\"done in \"{0.009648, Null}\n"
"kernel 3 (Local (4)):"
"\" -> \"\"done in \"{0.010226, Null}\n"
"kernel 4 (Local (4)):"
"\" -> \"\"done in \"{0.009955, Null}\n"
"kernel 1 (Local (4)):"
"\"SubSym\"\" #\"2\" of \"5\n"
"kernel 1 (Local (4)):"
"\" -> \"\"done in \"{0.005071, Null}\n"
"Generating list of integrals ..."
" -> list of integrals generated"
"Exporting positions maps ..."
" -> positions maps exported"
"Serialize identities ..."
"kernel 1 (Local (4)):"
"\"File: \"\"ibps/ids_top4_exints.mx\"\n"
"kernel 2 (Local (4)):"
"\"File: \"\"ibps/ids_top4_IBP5.mx\"\n"
"kernel 3 (Local (4)):"
"\"File: \"\"ibps/ids_top4_LI1.mx\"\n"
"kernel 4 (Local (4)):"
"\"File: \"\"ibps/ids_top4_LI5.mx\"\n"
"kernel 1 (Local (4)):"
"\"File: \"\"ibps/ids_top4_exints.mx\"\" done in \"{0.0095, Null}\n"
"kernel 3 (Local (4)):"
"\"File: \"\"ibps/ids_top4_LI1.mx\"\" done in \"{0.01028, Null}\n"
"kernel 1 (Local (4)):"
"\"File: \"\"ibps/ids_top4_IBP1.mx\"\n"
"kernel 2 (Local (4)):"
"\"File: \"\"ibps/ids_top4_IBP5.mx\"\" done in \"{0.013608, Null}\n"
"kernel 3 (Local (4)):"
"\"File: \"\"ibps/ids_top4_LI2.mx\"\n"
"kernel 4 (Local (4)):"
"\"File: \"\"ibps/ids_top4_LI5.mx\"\" done in \"{0.01435, Null}\n"
"kernel 1 (Local (4)):"
"\"File: \"\"ibps/ids_top4_IBP1.mx\"\" done in \"{0.007642, Null}\n"
"kernel 2 (Local (4)):"
"\"File: \"\"ibps/ids_top4_IBP6.mx\"\n"
"kernel 3 (Local (4)):"
"\"File: \"\"ibps/ids_top4_LI2.mx\"\" done in \"{0.009174, Null}\n"
"kernel 4 (Local (4)):"
"\"File: \"\"ibps/ids_top4_LI6.mx\"\n"
"kernel 1 (Local (4)):"
"\"File: \"\"ibps/ids_top4_IBP2.mx\"\n"
"kernel 2 (Local (4)):"
"\"File: \"\"ibps/ids_top4_IBP6.mx\"\" done in \"{0.010975, Null}\n"
"kernel 3 (Local (4)):"
"\"File: \"\"ibps/ids_top4_LI3.mx\"\n"
"kernel 4 (Local (4)):"
"\"File: \"\"ibps/ids_top4_LI6.mx\"\" done in \"{0.011128, Null}\n"
"kernel 1 (Local (4)):"
"\"File: \"\"ibps/ids_top4_IBP2.mx\"\" done in \"{0.008643, Null}\n"
"kernel 2 (Local (4)):"
"\"File: \"\"ibps/ids_top4_IBP7.mx\"\n"
"kernel 3 (Local (4)):"
"\"File: \"\"ibps/ids_top4_LI3.mx\"\" done in \"{0.009306, Null}\n"
"kernel 4 (Local (4)):"
"\"File: \"\"ibps/ids_top4_LI7.mx\"\n"
"kernel 1 (Local (4)):"
"\"File: \"\"ibps/ids_top4_IBP3.mx\"\n"
"kernel 2 (Local (4)):"
"\"File: \"\"ibps/ids_top4_IBP7.mx\"\" done in \"{0.011414, Null}\n"
"kernel 3 (Local (4)):"
"\"File: \"\"ibps/ids_top4_LI4.mx\"\n"
"kernel 4 (Local (4)):"
"\"File: \"\"ibps/ids_top4_LI7.mx\"\" done in \"{0.01204, Null}\n"
"kernel 1 (Local (4)):"
"\"File: \"\"ibps/ids_top4_IBP3.mx\"\" done in \"{0.009018, Null}\n"
"kernel 2 (Local (4)):"
"\"File: \"\"ibps/ids_top4_IBP8.mx\"\n"
"kernel 3 (Local (4)):"
"\"File: \"\"ibps/ids_top4_LI4.mx\"\" done in \"{0.009072, Null}\n"
"kernel 4 (Local (4)):"
"\"File: \"\"ibps/ids_top4_LI8.mx\"\n"
"kernel 1 (Local (4)):"
"\"File: \"\"ibps/ids_top4_IBP4.mx\"\n"
"kernel 2 (Local (4)):"
"\"File: \"\"ibps/ids_top4_IBP8.mx\"\" done in \"{0.013025, Null}\n"
"kernel 4 (Local (4)):"
"\"File: \"\"ibps/ids_top4_LI8.mx\"\" done in \"{0.013957, Null}\n"
"kernel 1 (Local (4)):"
"\"File: \"\"ibps/ids_top4_IBP4.mx\"\" done in \"{0.009161, Null}\n"
"kernel 3 (Local (4)):"
"\"File: \"\"ibps/ids_top4_Map1.mx\"\n"
"kernel 2 (Local (4)):"
"\"File: \"\"ibps/ids_top4_SR3.mx\"\n"
"kernel 4 (Local (4)):"
"\"File: \"\"ibps/ids_top4_SR7.mx\"\n"
"kernel 1 (Local (4)):"
"\"File: \"\"ibps/ids_top4_SubSym3.mx\"\n"
"kernel 1 (Local (4)):"
"\"File: \"\"ibps/ids_top4_SubSym3.mx\"\" done in \"{0.007714, Null}\n"
"kernel 2 (Local (4)):"
"\"File: \"\"ibps/ids_top4_SR3.mx\"\" done in \"{0.007565, Null}\n"
"kernel 3 (Local (4)):"
"\"File: \"\"ibps/ids_top4_Map1.mx\"\" done in \"{0.009064, Null}\n"
"kernel 4 (Local (4)):"
"\"File: \"\"ibps/ids_top4_SR7.mx\"\" done in \"{0.007574, Null}\n"
"kernel 1 (Local (4)):"
"\"File: \"\"ibps/ids_top4_SubSym4.mx\"\n"
"kernel 2 (Local (4)):"
"\"File: \"\"ibps/ids_top4_SR4.mx\"\n"
"kernel 3 (Local (4)):"
"\"File: \"\"ibps/ids_top4_Map2.mx\"\n"
"kernel 4 (Local (4)):"
"\"File: \"\"ibps/ids_top4_SR8.mx\"\n"
"kernel 1 (Local (4)):"
"\"File: \"\"ibps/ids_top4_SubSym4.mx\"\" done in \"{0.006807, Null}\n"
"kernel 2 (Local (4)):"
"\"File: \"\"ibps/ids_top4_SR4.mx\"\" done in \"{0.00681, Null}\n"
"kernel 3 (Local (4)):"
"\"File: \"\"ibps/ids_top4_Map2.mx\"\" done in \"{0.009083, Null}\n"
"kernel 4 (Local (4)):"
"\"File: \"\"ibps/ids_top4_SR8.mx\"\" done in \"{0.009985, Null}\n"
"kernel 1 (Local (4)):"
"\"File: \"\"ibps/ids_top4_SubSym5.mx\"\n"
"kernel 2 (Local (4)):"
"\"File: \"\"ibps/ids_top4_SR5.mx\"\n"
"kernel 3 (Local (4)):"
"\"File: \"\"ibps/ids_top4_SR1.mx\"\n"
"kernel 4 (Local (4)):"
"\"File: \"\"ibps/ids_top4_SubSym1.mx\"\n"
"kernel 1 (Local (4)):"
"\"File: \"\"ibps/ids_top4_SubSym5.mx\"\" done in \"{0.00667, Null}\n"
"kernel 2 (Local (4)):"
"\"File: \"\"ibps/ids_top4_SR5.mx\"\" done in \"{0.007236, Null}\n"
"kernel 3 (Local (4)):"
"\"File: \"\"ibps/ids_top4_SR1.mx\"\" done in \"{0.007123, Null}\n"
"kernel 4 (Local (4)):"
"\"File: \"\"ibps/ids_top4_SubSym1.mx\"\" done in \"{0.007091, Null}\n"
"kernel 1 (Local (4)):"
"\"File: \"\"ibps/ids_top4_usints.mx\"\n"
"kernel 2 (Local (4)):"
"\"File: \"\"ibps/ids_top4_SR6.mx\"\n"
"kernel 3 (Local (4)):"
"\"File: \"\"ibps/ids_top4_SR2.mx\"\n"
"kernel 4 (Local (4)):"
"\"File: \"\"ibps/ids_top4_SubSym2.mx\"\n"
"kernel 1 (Local (4)):"
"\"File: \"\"ibps/ids_top4_usints.mx\"\" done in \"{0.006615, Null}\n"
"kernel 2 (Local (4)):"
"\"File: \"\"ibps/ids_top4_SR6.mx\"\" done in \"{0.007638, Null}\n"
"kernel 3 (Local (4)):"
"\"File: \"\"ibps/ids_top4_SR2.mx\"\" done in \"{0.007061, Null}\n"
"kernel 4 (Local (4)):"
"\"File: \"\"ibps/ids_top4_SubSym2.mx\"\" done in \"{0.007055, Null}\n"
"-> all in :"{0.234997, Null}
