CalcLoop: a tool for automated multiloop calculation in quantum field theory.
Version 2022/07/10.
Number of defined symbols=45. Please see ?CalcLoop`* for help.
Blade: a pacakge for block-triangular form improved Feynman integral decomposition.
Version 2024/05/23.
Author: Xin Guan, Xiao Liu, Yan-Qing Ma and Wen-Hao Wu.
Number of defined symbols=68. Please see ?Blade`* for help.

--------------------------------------------------
BLSetReducerOptions->"IBPParameter" -> Automatic, "IntegralOrdering" -> 1, "CheckMastersQ" -> True, "FilterLevel" -> 3, "IBPForMapSector" -> False, "MaxIncrement" -> 2, "CloseSymmetry" -> False, "ExternalSymmetry" -> True, "CutNoDot" -> False, "BlackBoxRank" -> 2, "BlackBoxDot" -> 0, "MaxPrime" -> 200, "MaxDegree" -> 1000, "Reconstructor" -> "FiniteFlow"
BLSetSchemeOptions->"OperatorExtendGQ" -> True, "MinimalSchemeRank" -> 1, "PartitionDot" -> True, "PartitionRankThreshold" -> 100, "UniqueSubsectorQ" -> True"--------------------------------------------------"
"BladeIBP: a package for generating IBP, LI and Symmetry relations."

FrontEndObject::notavail: A front end is not available; certain operations require a front end.
Number of Families = 1. Number of Sectors = 10.
"4 zero sectors found, 12 nonzero sectors found."
"10 unique sectors found, 2 mapped sectors found, 0 extmapped sectors found."
"9 subgraph-unique sectors found, 0 subgraph-mapped sectors found"
"Seeding Id type ->""IBP"
"Seeding Id type ->""LI"
"Seeding Id type ->""SR"
"Seeding Id type ->""Map"
"Seeding Id type ->""SubSym"
"====================="
"Id type -> ""IBP"" # chunks -> "10
"====================="
"kernel 1 (Local (4)):"
"\"IBP\"\" #\"1\" of \"10\n"
"kernel 2 (Local (4)):"
"\"IBP\"\" #\"3\" of \"10\n"
"kernel 3 (Local (4)):"
"\"IBP\"\" #\"5\" of \"10\n"
"kernel 4 (Local (4)):"
"\"IBP\"\" #\"6\" of \"10\n"
"kernel 1 (Local (4)):"
"\" -> \"\"done in \"{0.032801, Null}\n"
"kernel 2 (Local (4)):"
"\" -> \"\"done in \"{0.033525, Null}\n"
"kernel 3 (Local (4)):"
"\" -> \"\"done in \"{0.032942, Null}\n"
"kernel 4 (Local (4)):"
"\" -> \"\"done in \"{0.033757, Null}\n"
"kernel 1 (Local (4)):"
"\"IBP\"\" #\"2\" of \"10\n"
"kernel 2 (Local (4)):"
"\"IBP\"\" #\"4\" of \"10\n"
"kernel 1 (Local (4)):"
"\" -> \"\"done in \"{0.004448, Null}\n"
"kernel 2 (Local (4)):"
"\" -> \"\"done in \"{0.004571, Null}\n"
"kernel 3 (Local (4)):"
"\"IBP\"\" #\"7\" of \"10\n"
"kernel 4 (Local (4)):"
"\"IBP\"\" #\"8\" of \"10\n"
"kernel 3 (Local (4)):"
"\" -> \"\"done in \"{0.004873, Null}\n"
"kernel 4 (Local (4)):"
"\" -> \"\"done in \"{0.004944, Null}\n"
"kernel 1 (Local (4)):"
"\"IBP\"\" #\"9\" of \"10\n"
"kernel 2 (Local (4)):"
"\"IBP\"\" #\"10\" of \"10\n"
"kernel 1 (Local (4)):"
"\" -> \"\"done in \"{0.004777, Null}\n"
"kernel 2 (Local (4)):"
"\" -> \"\"done in \"{0.005099, Null}\n"
"====================="
"Id type -> ""LI"" # chunks -> "10
"====================="
"kernel 1 (Local (4)):"
"\"LI\"\" #\"1\" of \"10\n"
"kernel 2 (Local (4)):"
"\"LI\"\" #\"3\" of \"10\n"
"kernel 3 (Local (4)):"
"\"LI\"\" #\"5\" of \"10\n"
"kernel 4 (Local (4)):"
"\"LI\"\" #\"6\" of \"10\n"
"kernel 1 (Local (4)):"
"\" -> \"\"done in \"{0.004541, Null}\n"
"kernel 2 (Local (4)):"
"\" -> \"\"done in \"{0.005062, Null}\n"
"kernel 3 (Local (4)):"
"\" -> \"\"done in \"{0.004959, Null}\n"
"kernel 4 (Local (4)):"
"\" -> \"\"done in \"{0.005518, Null}\n"
"kernel 1 (Local (4)):"
"\"LI\"\" #\"2\" of \"10\n"
"kernel 2 (Local (4)):"
"\"LI\"\" #\"4\" of \"10\n"
"kernel 1 (Local (4)):"
"\" -> \"\"done in \"{0.004513, Null}\n"
"kernel 2 (Local (4)):"
"\" -> \"\"done in \"{0.004335, Null}\n"
"kernel 3 (Local (4)):"
"\"LI\"\" #\"7\" of \"10\n"
"kernel 4 (Local (4)):"
"\"LI\"\" #\"8\" of \"10\n"
"kernel 3 (Local (4)):"
"\" -> \"\"done in \"{0.005304, Null}\n"
"kernel 4 (Local (4)):"
"\" -> \"\"done in \"{0.004988, Null}\n"
"kernel 1 (Local (4)):"
"\"LI\"\" #\"9\" of \"10\n"
"kernel 2 (Local (4)):"
"\"LI\"\" #\"10\" of \"10\n"
"kernel 1 (Local (4)):"
"\" -> \"\"done in \"{0.005229, Null}\n"
"kernel 2 (Local (4)):"
"\" -> \"\"done in \"{0.006009, Null}\n"
"====================="
"Id type -> ""SR"" # chunks -> "10
"====================="
"kernel 1 (Local (4)):"
"\"SR\"\" #\"1\" of \"10\n"
"kernel 2 (Local (4)):"
"\"SR\"\" #\"3\" of \"10\n"
"kernel 3 (Local (4)):"
"\"SR\"\" #\"5\" of \"10\n"
"kernel 4 (Local (4)):"
"\"SR\"\" #\"6\" of \"10\n"
"kernel 1 (Local (4)):"
"\"sectors involved: \"{{1, 1, 1, 1}}\n"
"kernel 2 (Local (4)):"
"\"sectors involved: \"{{1, 1, 0, 1}}\n"
"kernel 3 (Local (4)):"
"\"sectors involved: \"{{0, 1, 1, 1}}\n"
"kernel 4 (Local (4)):"
"\"sectors involved: \"{{1, 0, 1, 0}}\n"
"kernel 1 (Local (4)):"
"\"#Symmetry Relations:  \"0\n"
"kernel 2 (Local (4)):"
"\"#Symmetry Relations:  \"0\n"
"kernel 3 (Local (4)):"
"\"#Symmetry Relations:  \"0\n"
"kernel 4 (Local (4)):"
"\"#Symmetry Relations:  \"0\n"
"kernel 1 (Local (4)):"
"\" -> \"\"done in \"{0.004501, Null}\n"
"kernel 2 (Local (4)):"
"\" -> \"\"done in \"{0.004395, Null}\n"
"kernel 3 (Local (4)):"
"\" -> \"\"done in \"{0.004518, Null}\n"
"kernel 4 (Local (4)):"
"\" -> \"\"done in \"{0.00457, Null}\n"
"kernel 1 (Local (4)):"
"\"SR\"\" #\"2\" of \"10\n"
"kernel 2 (Local (4)):"
"\"SR\"\" #\"4\" of \"10\n"
"kernel 1 (Local (4)):"
"\"sectors involved: \"{{1, 1, 1, 0}}\n"
"kernel 2 (Local (4)):"
"\"sectors involved: \"{{1, 0, 1, 1}}\n"
"kernel 3 (Local (4)):"
"\"SR\"\" #\"7\" of \"10\n"
"kernel 4 (Local (4)):"
"\"SR\"\" #\"8\" of \"10\n"
"kernel 1 (Local (4)):"
"\"#Symmetry Relations:  \"0\n"
"kernel 2 (Local (4)):"
"\"#Symmetry Relations:  \"0\n"
"kernel 3 (Local (4)):"
"\"sectors involved: \"{{1, 0, 0, 1}}\n"
"kernel 4 (Local (4)):"
"\"sectors involved: \"{{0, 1, 1, 0}}\n"
"kernel 1 (Local (4)):"
"\" -> \"\"done in \"{0.00427, Null}\n"
"kernel 2 (Local (4)):"
"\" -> \"\"done in \"{0.004316, Null}\n"
"kernel 3 (Local (4)):"
"\"#Symmetry Relations:  \"4\n"
"kernel 4 (Local (4)):"
"\"#Symmetry Relations:  \"4\n"
"kernel 3 (Local (4)):"
"\" -> \"\"done in \"{0.008412, Null}\n"
"kernel 4 (Local (4)):"
"\" -> \"\"done in \"{0.007974, Null}\n"
"kernel 1 (Local (4)):"
"\"SR\"\" #\"9\" of \"10\n"
"kernel 2 (Local (4)):"
"\"SR\"\" #\"10\" of \"10\n"
"kernel 1 (Local (4)):"
"\"sectors involved: \"{{0, 0, 1, 1}}\n"
"kernel 2 (Local (4)):"
"\"sectors involved: \"{{0, 0, 1, 0}}\n"
"kernel 1 (Local (4)):"
"\"#Symmetry Relations:  \"3\n"
"kernel 2 (Local (4)):"
"\"#Symmetry Relations:  \"21\n"
"kernel 1 (Local (4)):"
"\" -> \"\"done in \"{0.008302, Null}\n"
"kernel 2 (Local (4)):"
"\" -> \"\"done in \"{0.018602, Null}\n"
"====================="
"Id type -> ""Map"" # chunks -> "2
"====================="
"kernel 1 (Local (4)):"
"\"Map\"\" #\"1\" of \"2\n"
"kernel 2 (Local (4)):"
"\"Map\"\" #\"2\" of \"2\n"
"kernel 1 (Local (4)):"
"\"sectors involved: \"{{0, 1, 0, 1}}\n"
"kernel 2 (Local (4)):"
"\"sectors involved: \"{{0, 0, 0, 1}}\n"
"kernel 1 (Local (4)):"
"\"#Symmetry Relations:  \"18\n"
"kernel 2 (Local (4)):"
"\"#Symmetry Relations:  \"20\n"
"kernel 1 (Local (4)):"
"\" -> \"\"done in \"{0.016104, Null}\n"
"kernel 2 (Local (4)):"
"\" -> \"\"done in \"{0.016495, Null}\n"
"====================="
"Id type -> ""SubSym"" # chunks -> "6
"====================="
"kernel 1 (Local (4)):"
"\"SubSym\"\" #\"1\" of \"6\n"
"kernel 2 (Local (4)):"
"\"SubSym\"\" #\"3\" of \"6\n"
"kernel 3 (Local (4)):"
"\"SubSym\"\" #\"5\" of \"6\n"
"kernel 4 (Local (4)):"
"\"SubSym\"\" #\"6\" of \"6\n"
"kernel 1 (Local (4)):"
"\" -> \"\"done in \"{0.009368, Null}\n"
"kernel 2 (Local (4)):"
"\" -> \"\"done in \"{0.009653, Null}\n"
"kernel 3 (Local (4)):"
"\" -> \"\"done in \"{0.009685, Null}\n"
"kernel 4 (Local (4)):"
"\" -> \"\"done in \"{0.009771, Null}\n"
"kernel 1 (Local (4)):"
"\"SubSym\"\" #\"2\" of \"6\n"
"kernel 2 (Local (4)):"
"\"SubSym\"\" #\"4\" of \"6\n"
"kernel 1 (Local (4)):"
"\" -> \"\"done in \"{0.005338, Null}\n"
"kernel 2 (Local (4)):"
"\" -> \"\"done in \"{0.00543, Null}\n"
"Generating list of integrals ..."
" -> list of integrals generated"
"Exporting positions maps ..."
" -> positions maps exported"
"Serialize identities ..."
"kernel 1 (Local (4)):"
"\"File: \"\"ibps/ids_top6_exints.mx\"\n"
"kernel 2 (Local (4)):"
"\"File: \"\"ibps/ids_top6_IBP4.mx\"\n"
"kernel 3 (Local (4)):"
"\"File: \"\"ibps/ids_top6_IBP9.mx\"\n"
"kernel 4 (Local (4)):"
"\"File: \"\"ibps/ids_top6_LI4.mx\"\n"
"kernel 1 (Local (4)):"
"\"File: \"\"ibps/ids_top6_exints.mx\"\" done in \"{0.010026, Null}\n"
"kernel 2 (Local (4)):"
"\"File: \"\"ibps/ids_top6_IBP4.mx\"\" done in \"{0.01167, Null}\n"
"kernel 3 (Local (4)):"
"\"File: \"\"ibps/ids_top6_IBP9.mx\"\" done in \"{0.013139, Null}\n"
"kernel 4 (Local (4)):"
"\"File: \"\"ibps/ids_top6_LI4.mx\"\" done in \"{0.012137, Null}\n"
"kernel 1 (Local (4)):"
"\"File: \"\"ibps/ids_top6_IBP10.mx\"\n"
"kernel 2 (Local (4)):"
"\"File: \"\"ibps/ids_top6_IBP5.mx\"\n"
"kernel 3 (Local (4)):"
"\"File: \"\"ibps/ids_top6_LI10.mx\"\n"
"kernel 4 (Local (4)):"
"\"File: \"\"ibps/ids_top6_LI5.mx\"\n"
"kernel 1 (Local (4)):"
"\"File: \"\"ibps/ids_top6_IBP10.mx\"\" done in \"{0.010496, Null}\n"
"kernel 2 (Local (4)):"
"\"File: \"\"ibps/ids_top6_IBP5.mx\"\" done in \"{0.008811, Null}\n"
"kernel 3 (Local (4)):"
"\"File: \"\"ibps/ids_top6_LI10.mx\"\" done in \"{0.011795, Null}\n"
"kernel 4 (Local (4)):"
"\"File: \"\"ibps/ids_top6_LI5.mx\"\" done in \"{0.009194, Null}\n"
"kernel 1 (Local (4)):"
"\"File: \"\"ibps/ids_top6_IBP1.mx\"\n"
"kernel 2 (Local (4)):"
"\"File: \"\"ibps/ids_top6_IBP6.mx\"\n"
"kernel 3 (Local (4)):"
"\"File: \"\"ibps/ids_top6_LI1.mx\"\n"
"kernel 4 (Local (4)):"
"\"File: \"\"ibps/ids_top6_LI6.mx\"\n"
"kernel 1 (Local (4)):"
"\"File: \"\"ibps/ids_top6_IBP1.mx\"\" done in \"{0.007737, Null}\n"
"kernel 2 (Local (4)):"
"\"File: \"\"ibps/ids_top6_IBP6.mx\"\" done in \"{0.009374, Null}\n"
"kernel 3 (Local (4)):"
"\"File: \"\"ibps/ids_top6_LI1.mx\"\" done in \"{0.008237, Null}\n"
"kernel 4 (Local (4)):"
"\"File: \"\"ibps/ids_top6_LI6.mx\"\" done in \"{0.01034, Null}\n"
"kernel 1 (Local (4)):"
"\"File: \"\"ibps/ids_top6_IBP2.mx\"\n"
"kernel 2 (Local (4)):"
"\"File: \"\"ibps/ids_top6_IBP7.mx\"\n"
"kernel 3 (Local (4)):"
"\"File: \"\"ibps/ids_top6_LI2.mx\"\n"
"kernel 4 (Local (4)):"
"\"File: \"\"ibps/ids_top6_LI7.mx\"\n"
"kernel 1 (Local (4)):"
"\"File: \"\"ibps/ids_top6_IBP2.mx\"\" done in \"{0.008736, Null}\n"
"kernel 2 (Local (4)):"
"\"File: \"\"ibps/ids_top6_IBP7.mx\"\" done in \"{0.009323, Null}\n"
"kernel 3 (Local (4)):"
"\"File: \"\"ibps/ids_top6_LI2.mx\"\" done in \"{0.009209, Null}\n"
"kernel 4 (Local (4)):"
"\"File: \"\"ibps/ids_top6_LI7.mx\"\" done in \"{0.01043, Null}\n"
"kernel 1 (Local (4)):"
"\"File: \"\"ibps/ids_top6_IBP3.mx\"\n"
"kernel 2 (Local (4)):"
"\"File: \"\"ibps/ids_top6_IBP8.mx\"\n"
"kernel 3 (Local (4)):"
"\"File: \"\"ibps/ids_top6_LI3.mx\"\n"
"kernel 4 (Local (4)):"
"\"File: \"\"ibps/ids_top6_LI8.mx\"\n"
"kernel 1 (Local (4)):"
"\"File: \"\"ibps/ids_top6_IBP3.mx\"\" done in \"{0.008624, Null}\n"
"kernel 2 (Local (4)):"
"\"File: \"\"ibps/ids_top6_IBP8.mx\"\" done in \"{0.009488, Null}\n"
"kernel 3 (Local (4)):"
"\"File: \"\"ibps/ids_top6_LI3.mx\"\" done in \"{0.009421, Null}\n"
"kernel 4 (Local (4)):"
"\"File: \"\"ibps/ids_top6_LI8.mx\"\" done in \"{0.010557, Null}\n"
"kernel 1 (Local (4)):"
"\"File: \"\"ibps/ids_top6_LI9.mx\"\n"
"kernel 2 (Local (4)):"
"\"File: \"\"ibps/ids_top6_SR2.mx\"\n"
"kernel 3 (Local (4)):"
"\"File: \"\"ibps/ids_top6_SR7.mx\"\n"
"kernel 4 (Local (4)):"
"\"File: \"\"ibps/ids_top6_SubSym3.mx\"\n"
"kernel 1 (Local (4)):"
"\"File: \"\"ibps/ids_top6_LI9.mx\"\" done in \"{0.012251, Null}\n"
"kernel 2 (Local (4)):"
"\"File: \"\"ibps/ids_top6_SR2.mx\"\" done in \"{0.008045, Null}\n"
"kernel 3 (Local (4)):"
"\"File: \"\"ibps/ids_top6_SR7.mx\"\" done in \"{0.008657, Null}\n"
"kernel 4 (Local (4)):"
"\"File: \"\"ibps/ids_top6_SubSym3.mx\"\" done in \"{0.007728, Null}\n"
"kernel 1 (Local (4)):"
"\"File: \"\"ibps/ids_top6_Map1.mx\"\n"
"kernel 2 (Local (4)):"
"\"File: \"\"ibps/ids_top6_SR3.mx\"\n"
"kernel 3 (Local (4)):"
"\"File: \"\"ibps/ids_top6_SR8.mx\"\n"
"kernel 4 (Local (4)):"
"\"File: \"\"ibps/ids_top6_SubSym4.mx\"\n"
"kernel 1 (Local (4)):"
"\"File: \"\"ibps/ids_top6_Map1.mx\"\" done in \"{0.009193, Null}\n"
"kernel 2 (Local (4)):"
"\"File: \"\"ibps/ids_top6_SR3.mx\"\" done in \"{0.007269, Null}\n"
"kernel 3 (Local (4)):"
"\"File: \"\"ibps/ids_top6_SR8.mx\"\" done in \"{0.007656, Null}\n"
"kernel 4 (Local (4)):"
"\"File: \"\"ibps/ids_top6_SubSym4.mx\"\" done in \"{0.007232, Null}\n"
"kernel 1 (Local (4)):"
"\"File: \"\"ibps/ids_top6_Map2.mx\"\n"
"kernel 2 (Local (4)):"
"\"File: \"\"ibps/ids_top6_SR4.mx\"\n"
"kernel 3 (Local (4)):"
"\"File: \"\"ibps/ids_top6_SR9.mx\"\n"
"kernel 4 (Local (4)):"
"\"File: \"\"ibps/ids_top6_SubSym5.mx\"\n"
"kernel 1 (Local (4)):"
"\"File: \"\"ibps/ids_top6_Map2.mx\"\" done in \"{0.009244, Null}\n"
"kernel 2 (Local (4)):"
"\"File: \"\"ibps/ids_top6_SR4.mx\"\" done in \"{0.006887, Null}\n"
"kernel 3 (Local (4)):"
"\"File: \"\"ibps/ids_top6_SR9.mx\"\" done in \"{0.007305, Null}\n"
"kernel 4 (Local (4)):"
"\"File: \"\"ibps/ids_top6_SubSym5.mx\"\" done in \"{0.00682, Null}\n"
"kernel 1 (Local (4)):"
"\"File: \"\"ibps/ids_top6_SR10.mx\"\n"
"kernel 2 (Local (4)):"
"\"File: \"\"ibps/ids_top6_SR5.mx\"\n"
"kernel 3 (Local (4)):"
"\"File: \"\"ibps/ids_top6_SubSym1.mx\"\n"
"kernel 4 (Local (4)):"
"\"File: \"\"ibps/ids_top6_SubSym6.mx\"\n"
"kernel 1 (Local (4)):"
"\"File: \"\"ibps/ids_top6_SR10.mx\"\" done in \"{0.008652, Null}\n"
"kernel 2 (Local (4)):"
"\"File: \"\"ibps/ids_top6_SR5.mx\"\" done in \"{0.006633, Null}\n"
"kernel 3 (Local (4)):"
"\"File: \"\"ibps/ids_top6_SubSym1.mx\"\" done in \"{0.006719, Null}\n"
"kernel 4 (Local (4)):"
"\"File: \"\"ibps/ids_top6_SubSym6.mx\"\" done in \"{0.006712, Null}\n"
"kernel 1 (Local (4)):"
"\"File: \"\"ibps/ids_top6_SR1.mx\"\n"
"kernel 2 (Local (4)):"
"\"File: \"\"ibps/ids_top6_SR6.mx\"\n"
"kernel 3 (Local (4)):"
"\"File: \"\"ibps/ids_top6_SubSym2.mx\"\n"
"kernel 4 (Local (4)):"
"\"File: \"\"ibps/ids_top6_usints.mx\"\n"
"kernel 1 (Local (4)):"
"\"File: \"\"ibps/ids_top6_SR1.mx\"\" done in \"{0.006712, Null}\n"
"kernel 2 (Local (4)):"
"\"File: \"\"ibps/ids_top6_SR6.mx\"\" done in \"{0.006776, Null}\n"
"kernel 3 (Local (4)):"
"\"File: \"\"ibps/ids_top6_SubSym2.mx\"\" done in \"{0.006584, Null}\n"
"kernel 4 (Local (4)):"
"\"File: \"\"ibps/ids_top6_usints.mx\"\" done in \"{0.006771, Null}\n"
"-> all in :"{0.285543, Null}
