CalcLoop: a tool for automated multiloop calculation in quantum field theory.
Version 2022/07/10.
Number of defined symbols=45. Please see ?CalcLoop`* for help.
Blade: a pacakge for block-triangular form improved Feynman integral decomposition.
Version 2024/05/23.
Author: Xin Guan, Xiao Liu, Yan-Qing Ma and Wen-Hao Wu.
Number of defined symbols=68. Please see ?Blade`* for help.

--------------------------------------------------
BLSetReducerOptions->"IBPParameter" -> Automatic, "IntegralOrdering" -> 1, "CheckMastersQ" -> True, "FilterLevel" -> 3, "IBPForMapSector" -> False, "MaxIncrement" -> 2, "CloseSymmetry" -> False, "ExternalSymmetry" -> True, "CutNoDot" -> False, "BlackBoxRank" -> 2, "BlackBoxDot" -> 0, "MaxPrime" -> 200, "MaxDegree" -> 1000, "Reconstructor" -> "FiniteFlow"
BLSetSchemeOptions->"OperatorExtendGQ" -> True, "MinimalSchemeRank" -> 1, "PartitionDot" -> True, "PartitionRankThreshold" -> 100, "UniqueSubsectorQ" -> True"--------------------------------------------------"
"BladeIBP: a package for generating IBP, LI and Symmetry relations."

FrontEndObject::notavail: A front end is not available; certain operations require a front end.
Number of Families = 1. Number of Sectors = 10.
"4 zero sectors found, 12 nonzero sectors found."
"10 unique sectors found, 2 mapped sectors found, 0 extmapped sectors found."
"9 subgraph-unique sectors found, 0 subgraph-mapped sectors found"
"Seeding Id type ->""IBP"
"Seeding Id type ->""LI"
"Seeding Id type ->""SR"
"Seeding Id type ->""Map"
"Seeding Id type ->""SubSym"
"====================="
"Id type -> ""IBP"" # chunks -> "10
"====================="
"kernel 1 (Local (4)):"
"\"IBP\"\" #\"1\" of \"10\n"
"kernel 2 (Local (4)):"
"\"IBP\"\" #\"3\" of \"10\n"
"kernel 3 (Local (4)):"
"\"IBP\"\" #\"5\" of \"10\n"
"kernel 4 (Local (4)):"
"\"IBP\"\" #\"6\" of \"10\n"
"kernel 1 (Local (4)):"
"\" -> \"\"done in \"{0.032723, Null}\n"
"kernel 2 (Local (4)):"
"\" -> \"\"done in \"{0.032997, Null}\n"
"kernel 3 (Local (4)):"
"\" -> \"\"done in \"{0.032892, Null}\n"
"kernel 4 (Local (4)):"
"\" -> \"\"done in \"{0.033305, Null}\n"
"kernel 1 (Local (4)):"
"\"IBP\"\" #\"2\" of \"10\n"
"kernel 2 (Local (4)):"
"\"IBP\"\" #\"4\" of \"10\n"
"kernel 1 (Local (4)):"
"\" -> \"\"done in \"{0.004586, Null}\n"
"kernel 2 (Local (4)):"
"\" -> \"\"done in \"{0.004406, Null}\n"
"kernel 3 (Local (4)):"
"\"IBP\"\" #\"7\" of \"10\n"
"kernel 4 (Local (4)):"
"\"IBP\"\" #\"8\" of \"10\n"
"kernel 3 (Local (4)):"
"\" -> \"\"done in \"{0.004746, Null}\n"
"kernel 4 (Local (4)):"
"\" -> \"\"done in \"{0.004819, Null}\n"
"kernel 1 (Local (4)):"
"\"IBP\"\" #\"9\" of \"10\n"
"kernel 2 (Local (4)):"
"\"IBP\"\" #\"10\" of \"10\n"
"kernel 1 (Local (4)):"
"\" -> \"\"done in \"{0.004854, Null}\n"
"kernel 2 (Local (4)):"
"\" -> \"\"done in \"{0.005168, Null}\n"
"====================="
"Id type -> ""LI"" # chunks -> "10
"====================="
"kernel 1 (Local (4)):"
"\"LI\"\" #\"1\" of \"10\n"
"kernel 2 (Local (4)):"
"\"LI\"\" #\"3\" of \"10\n"
"kernel 3 (Local (4)):"
"\"LI\"\" #\"5\" of \"10\n"
"kernel 4 (Local (4)):"
"\"LI\"\" #\"6\" of \"10\n"
"kernel 1 (Local (4)):"
"\" -> \"\"done in \"{0.004542, Null}\n"
"kernel 2 (Local (4)):"
"\" -> \"\"done in \"{0.005269, Null}\n"
"kernel 3 (Local (4)):"
"\" -> \"\"done in \"{0.005057, Null}\n"
"kernel 4 (Local (4)):"
"\" -> \"\"done in \"{0.005491, Null}\n"
"kernel 1 (Local (4)):"
"\"LI\"\" #\"2\" of \"10\n"
"kernel 2 (Local (4)):"
"\"LI\"\" #\"4\" of \"10\n"
"kernel 1 (Local (4)):"
"\" -> \"\"done in \"{0.00444, Null}\n"
"kernel 2 (Local (4)):"
"\" -> \"\"done in \"{0.004457, Null}\n"
"kernel 3 (Local (4)):"
"\"LI\"\" #\"7\" of \"10\n"
"kernel 4 (Local (4)):"
"\"LI\"\" #\"8\" of \"10\n"
"kernel 3 (Local (4)):"
"\" -> \"\"done in \"{0.005493, Null}\n"
"kernel 4 (Local (4)):"
"\" -> \"\"done in \"{0.005507, Null}\n"
"kernel 1 (Local (4)):"
"\"LI\"\" #\"9\" of \"10\n"
"kernel 2 (Local (4)):"
"\"LI\"\" #\"10\" of \"10\n"
"kernel 1 (Local (4)):"
"\" -> \"\"done in \"{0.005377, Null}\n"
"kernel 2 (Local (4)):"
"\" -> \"\"done in \"{0.005978, Null}\n"
"====================="
"Id type -> ""SR"" # chunks -> "10
"====================="
"kernel 1 (Local (4)):"
"\"SR\"\" #\"1\" of \"10\n"
"kernel 2 (Local (4)):"
"\"SR\"\" #\"3\" of \"10\n"
"kernel 3 (Local (4)):"
"\"SR\"\" #\"5\" of \"10\n"
"kernel 4 (Local (4)):"
"\"SR\"\" #\"6\" of \"10\n"
"kernel 1 (Local (4)):"
"\"sectors involved: \"{{1, 1, 1, 1}}\n"
"kernel 2 (Local (4)):"
"\"sectors involved: \"{{1, 1, 0, 1}}\n"
"kernel 3 (Local (4)):"
"\"sectors involved: \"{{0, 1, 1, 1}}\n"
"kernel 4 (Local (4)):"
"\"sectors involved: \"{{1, 0, 1, 0}}\n"
"kernel 1 (Local (4)):"
"\"#Symmetry Relations:  \"0\n"
"kernel 2 (Local (4)):"
"\"#Symmetry Relations:  \"0\n"
"kernel 3 (Local (4)):"
"\"#Symmetry Relations:  \"0\n"
"kernel 4 (Local (4)):"
"\"#Symmetry Relations:  \"0\n"
"kernel 1 (Local (4)):"
"\" -> \"\"done in \"{0.004893, Null}\n"
"kernel 2 (Local (4)):"
"\" -> \"\"done in \"{0.004854, Null}\n"
"kernel 3 (Local (4)):"
"\" -> \"\"done in \"{0.004756, Null}\n"
"kernel 4 (Local (4)):"
"\" -> \"\"done in \"{0.004683, Null}\n"
"kernel 1 (Local (4)):"
"\"SR\"\" #\"2\" of \"10\n"
"kernel 2 (Local (4)):"
"\"SR\"\" #\"4\" of \"10\n"
"kernel 1 (Local (4)):"
"\"sectors involved: \"{{1, 1, 1, 0}}\n"
"kernel 2 (Local (4)):"
"\"sectors involved: \"{{1, 0, 1, 1}}\n"
"kernel 3 (Local (4)):"
"\"SR\"\" #\"7\" of \"10\n"
"kernel 4 (Local (4)):"
"\"SR\"\" #\"8\" of \"10\n"
"kernel 1 (Local (4)):"
"\"#Symmetry Relations:  \"0\n"
"kernel 2 (Local (4)):"
"\"#Symmetry Relations:  \"0\n"
"kernel 3 (Local (4)):"
"\"sectors involved: \"{{1, 0, 0, 1}}\n"
"kernel 4 (Local (4)):"
"\"sectors involved: \"{{0, 1, 1, 0}}\n"
"kernel 1 (Local (4)):"
"\" -> \"\"done in \"{0.004034, Null}\n"
"kernel 2 (Local (4)):"
"\" -> \"\"done in \"{0.004064, Null}\n"
"kernel 3 (Local (4)):"
"\"#Symmetry Relations:  \"4\n"
"kernel 4 (Local (4)):"
"\"#Symmetry Relations:  \"4\n"
"kernel 3 (Local (4)):"
"\" -> \"\"done in \"{0.008418, Null}\n"
"kernel 4 (Local (4)):"
"\" -> \"\"done in \"{0.00797, Null}\n"
"kernel 1 (Local (4)):"
"\"SR\"\" #\"9\" of \"10\n"
"kernel 2 (Local (4)):"
"\"SR\"\" #\"10\" of \"10\n"
"kernel 1 (Local (4)):"
"\"sectors involved: \"{{0, 0, 1, 1}}\n"
"kernel 2 (Local (4)):"
"\"sectors involved: \"{{0, 0, 1, 0}}\n"
"kernel 1 (Local (4)):"
"\"#Symmetry Relations:  \"3\n"
"kernel 2 (Local (4)):"
"\"#Symmetry Relations:  \"21\n"
"kernel 1 (Local (4)):"
"\" -> \"\"done in \"{0.008566, Null}\n"
"kernel 2 (Local (4)):"
"\" -> \"\"done in \"{0.019166, Null}\n"
"====================="
"Id type -> ""Map"" # chunks -> "2
"====================="
"kernel 1 (Local (4)):"
"\"Map\"\" #\"1\" of \"2\n"
"kernel 2 (Local (4)):"
"\"Map\"\" #\"2\" of \"2\n"
"kernel 1 (Local (4)):"
"\"sectors involved: \"{{0, 1, 0, 1}}\n"
"kernel 2 (Local (4)):"
"\"sectors involved: \"{{0, 0, 0, 1}}\n"
"kernel 1 (Local (4)):"
"\"#Symmetry Relations:  \"18\n"
"kernel 2 (Local (4)):"
"\"#Symmetry Relations:  \"20\n"
"kernel 1 (Local (4)):"
"\" -> \"\"done in \"{0.015847, Null}\n"
"kernel 2 (Local (4)):"
"\" -> \"\"done in \"{0.015788, Null}\n"
"====================="
"Id type -> ""SubSym"" # chunks -> "6
"====================="
"kernel 1 (Local (4)):"
"\"SubSym\"\" #\"1\" of \"6\n"
"kernel 2 (Local (4)):"
"\"SubSym\"\" #\"3\" of \"6\n"
"kernel 3 (Local (4)):"
"\"SubSym\"\" #\"5\" of \"6\n"
"kernel 4 (Local (4)):"
"\"SubSym\"\" #\"6\" of \"6\n"
"kernel 1 (Local (4)):"
"\" -> \"\"done in \"{0.00939, Null}\n"
"kernel 2 (Local (4)):"
"\" -> \"\"done in \"{0.009791, Null}\n"
"kernel 3 (Local (4)):"
"\" -> \"\"done in \"{0.010124, Null}\n"
"kernel 4 (Local (4)):"
"\" -> \"\"done in \"{0.010021, Null}\n"
"kernel 1 (Local (4)):"
"\"SubSym\"\" #\"2\" of \"6\n"
"kernel 2 (Local (4)):"
"\"SubSym\"\" #\"4\" of \"6\n"
"kernel 1 (Local (4)):"
"\" -> \"\"done in \"{0.005329, Null}\n"
"kernel 2 (Local (4)):"
"\" -> \"\"done in \"{0.005226, Null}\n"
"Generating list of integrals ..."
" -> list of integrals generated"
"Exporting positions maps ..."
" -> positions maps exported"
"Serialize identities ..."
"kernel 1 (Local (4)):"
"\"File: \"\"ibps/ids_top6_exints.mx\"\n"
"kernel 2 (Local (4)):"
"\"File: \"\"ibps/ids_top6_IBP4.mx\"\n"
"kernel 3 (Local (4)):"
"\"File: \"\"ibps/ids_top6_IBP9.mx\"\n"
"kernel 4 (Local (4)):"
"\"File: \"\"ibps/ids_top6_LI4.mx\"\n"
"kernel 1 (Local (4)):"
"\"File: \"\"ibps/ids_top6_exints.mx\"\" done in \"{0.009449, Null}\n"
"kernel 2 (Local (4)):"
"\"File: \"\"ibps/ids_top6_IBP4.mx\"\" done in \"{0.011294, Null}\n"
"kernel 4 (Local (4)):"
"\"File: \"\"ibps/ids_top6_LI4.mx\"\" done in \"{0.011763, Null}\n"
"kernel 1 (Local (4)):"
"\"File: \"\"ibps/ids_top6_IBP10.mx\"\n"
"kernel 2 (Local (4)):"
"\"File: \"\"ibps/ids_top6_IBP5.mx\"\n"
"kernel 3 (Local (4)):"
"\"File: \"\"ibps/ids_top6_IBP9.mx\"\" done in \"{0.012256, Null}\n"
"kernel 4 (Local (4)):"
"\"File: \"\"ibps/ids_top6_LI5.mx\"\n"
"kernel 1 (Local (4)):"
"\"File: \"\"ibps/ids_top6_IBP10.mx\"\" done in \"{0.010203, Null}\n"
"kernel 2 (Local (4)):"
"\"File: \"\"ibps/ids_top6_IBP5.mx\"\" done in \"{0.008754, Null}\n"
"kernel 3 (Local (4)):"
"\"File: \"\"ibps/ids_top6_LI10.mx\"\n"
"kernel 4 (Local (4)):"
"\"File: \"\"ibps/ids_top6_LI5.mx\"\" done in \"{0.009203, Null}\n"
"kernel 1 (Local (4)):"
"\"File: \"\"ibps/ids_top6_IBP1.mx\"\n"
"kernel 2 (Local (4)):"
"\"File: \"\"ibps/ids_top6_IBP6.mx\"\n"
"kernel 3 (Local (4)):"
"\"File: \"\"ibps/ids_top6_LI10.mx\"\" done in \"{0.011365, Null}\n"
"kernel 4 (Local (4)):"
"\"File: \"\"ibps/ids_top6_LI6.mx\"\n"
"kernel 1 (Local (4)):"
"\"File: \"\"ibps/ids_top6_IBP1.mx\"\" done in \"{0.007716, Null}\n"
"kernel 2 (Local (4)):"
"\"File: \"\"ibps/ids_top6_IBP6.mx\"\" done in \"{0.009955, Null}\n"
"kernel 3 (Local (4)):"
"\"File: \"\"ibps/ids_top6_LI1.mx\"\n"
"kernel 4 (Local (4)):"
"\"File: \"\"ibps/ids_top6_LI6.mx\"\" done in \"{0.010389, Null}\n"
"kernel 1 (Local (4)):"
"\"File: \"\"ibps/ids_top6_IBP2.mx\"\n"
"kernel 2 (Local (4)):"
"\"File: \"\"ibps/ids_top6_IBP7.mx\"\n"
"kernel 3 (Local (4)):"
"\"File: \"\"ibps/ids_top6_LI1.mx\"\" done in \"{0.008264, Null}\n"
"kernel 4 (Local (4)):"
"\"File: \"\"ibps/ids_top6_LI7.mx\"\n"
"kernel 1 (Local (4)):"
"\"File: \"\"ibps/ids_top6_IBP2.mx\"\" done in \"{0.008645, Null}\n"
"kernel 2 (Local (4)):"
"\"File: \"\"ibps/ids_top6_IBP7.mx\"\" done in \"{0.009606, Null}\n"
"kernel 3 (Local (4)):"
"\"File: \"\"ibps/ids_top6_LI2.mx\"\n"
"kernel 4 (Local (4)):"
"\"File: \"\"ibps/ids_top6_LI7.mx\"\" done in \"{0.010626, Null}\n"
"kernel 1 (Local (4)):"
"\"File: \"\"ibps/ids_top6_IBP3.mx\"\n"
"kernel 2 (Local (4)):"
"\"File: \"\"ibps/ids_top6_IBP8.mx\"\n"
"kernel 3 (Local (4)):"
"\"File: \"\"ibps/ids_top6_LI2.mx\"\" done in \"{0.009179, Null}\n"
"kernel 4 (Local (4)):"
"\"File: \"\"ibps/ids_top6_LI8.mx\"\n"
"kernel 1 (Local (4)):"
"\"File: \"\"ibps/ids_top6_IBP3.mx\"\" done in \"{0.009028, Null}\n"
"kernel 2 (Local (4)):"
"\"File: \"\"ibps/ids_top6_IBP8.mx\"\" done in \"{0.009666, Null}\n"
"kernel 3 (Local (4)):"
"\"File: \"\"ibps/ids_top6_LI3.mx\"\n"
"kernel 4 (Local (4)):"
"\"File: \"\"ibps/ids_top6_LI8.mx\"\" done in \"{0.01063, Null}\n"
"kernel 3 (Local (4)):"
"\"File: \"\"ibps/ids_top6_LI3.mx\"\" done in \"{0.009449, Null}\n"
"kernel 1 (Local (4)):"
"\"File: \"\"ibps/ids_top6_LI9.mx\"\n"
"kernel 2 (Local (4)):"
"\"File: \"\"ibps/ids_top6_SR2.mx\"\n"
"kernel 4 (Local (4)):"
"\"File: \"\"ibps/ids_top6_SR7.mx\"\n"
"kernel 3 (Local (4)):"
"\"File: \"\"ibps/ids_top6_SubSym3.mx\"\n"
"kernel 1 (Local (4)):"
"\"File: \"\"ibps/ids_top6_LI9.mx\"\" done in \"{0.011986, Null}\n"
"kernel 2 (Local (4)):"
"\"File: \"\"ibps/ids_top6_SR2.mx\"\" done in \"{0.007866, Null}\n"
"kernel 3 (Local (4)):"
"\"File: \"\"ibps/ids_top6_SubSym3.mx\"\" done in \"{0.007738, Null}\n"
"kernel 4 (Local (4)):"
"\"File: \"\"ibps/ids_top6_SR7.mx\"\" done in \"{0.008095, Null}\n"
"kernel 1 (Local (4)):"
"\"File: \"\"ibps/ids_top6_Map1.mx\"\n"
"kernel 2 (Local (4)):"
"\"File: \"\"ibps/ids_top6_SR3.mx\"\n"
"kernel 3 (Local (4)):"
"\"File: \"\"ibps/ids_top6_SubSym4.mx\"\n"
"kernel 4 (Local (4)):"
"\"File: \"\"ibps/ids_top6_SR8.mx\"\n"
"kernel 1 (Local (4)):"
"\"File: \"\"ibps/ids_top6_Map1.mx\"\" done in \"{0.009501, Null}\n"
"kernel 2 (Local (4)):"
"\"File: \"\"ibps/ids_top6_SR3.mx\"\" done in \"{0.006992, Null}\n"
"kernel 3 (Local (4)):"
"\"File: \"\"ibps/ids_top6_SubSym4.mx\"\" done in \"{0.007296, Null}\n"
"kernel 4 (Local (4)):"
"\"File: \"\"ibps/ids_top6_SR8.mx\"\" done in \"{0.007832, Null}\n"
"kernel 1 (Local (4)):"
"\"File: \"\"ibps/ids_top6_Map2.mx\"\n"
"kernel 2 (Local (4)):"
"\"File: \"\"ibps/ids_top6_SR4.mx\"\n"
"kernel 3 (Local (4)):"
"\"File: \"\"ibps/ids_top6_SubSym5.mx\"\n"
"kernel 4 (Local (4)):"
"\"File: \"\"ibps/ids_top6_SR9.mx\"\n"
"kernel 1 (Local (4)):"
"\"File: \"\"ibps/ids_top6_Map2.mx\"\" done in \"{0.009374, Null}\n"
"kernel 2 (Local (4)):"
"\"File: \"\"ibps/ids_top6_SR4.mx\"\" done in \"{0.006976, Null}\n"
"kernel 3 (Local (4)):"
"\"File: \"\"ibps/ids_top6_SubSym5.mx\"\" done in \"{0.00768, Null}\n"
"kernel 4 (Local (4)):"
"\"File: \"\"ibps/ids_top6_SR9.mx\"\" done in \"{0.008075, Null}\n"
"kernel 1 (Local (4)):"
"\"File: \"\"ibps/ids_top6_SR10.mx\"\n"
"kernel 2 (Local (4)):"
"\"File: \"\"ibps/ids_top6_SR5.mx\"\n"
"kernel 3 (Local (4)):"
"\"File: \"\"ibps/ids_top6_SubSym6.mx\"\n"
"kernel 4 (Local (4)):"
"\"File: \"\"ibps/ids_top6_SubSym1.mx\"\n"
"kernel 1 (Local (4)):"
"\"File: \"\"ibps/ids_top6_SR10.mx\"\" done in \"{0.008884, Null}\n"
"kernel 2 (Local (4)):"
"\"File: \"\"ibps/ids_top6_SR5.mx\"\" done in \"{0.007095, Null}\n"
"kernel 3 (Local (4)):"
"\"File: \"\"ibps/ids_top6_SubSym6.mx\"\" done in \"{0.007103, Null}\n"
"kernel 4 (Local (4)):"
"\"File: \"\"ibps/ids_top6_SubSym1.mx\"\" done in \"{0.006867, Null}\n"
"kernel 1 (Local (4)):"
"\"File: \"\"ibps/ids_top6_SR1.mx\"\n"
"kernel 2 (Local (4)):"
"\"File: \"\"ibps/ids_top6_SR6.mx\"\n"
"kernel 3 (Local (4)):"
"\"File: \"\"ibps/ids_top6_usints.mx\"\n"
"kernel 4 (Local (4)):"
"\"File: \"\"ibps/ids_top6_SubSym2.mx\"\n"
"kernel 1 (Local (4)):"
"\"File: \"\"ibps/ids_top6_SR1.mx\"\" done in \"{0.006518, Null}\n"
"kernel 2 (Local (4)):"
"\"File: \"\"ibps/ids_top6_SR6.mx\"\" done in \"{0.006812, Null}\n"
"kernel 3 (Local (4)):"
"\"File: \"\"ibps/ids_top6_usints.mx\"\" done in \"{0.006851, Null}\n"
"kernel 4 (Local (4)):"
"\"File: \"\"ibps/ids_top6_SubSym2.mx\"\" done in \"{0.006905, Null}\n"
"-> all in :"{0.278095, Null}
