CalcLoop: a tool for automated multiloop calculation in quantum field theory.
Version 2022/07/10.
Number of defined symbols=45. Please see ?CalcLoop`* for help.
Blade: a pacakge for block-triangular form improved Feynman integral decomposition.
Version 2024/05/23.
Author: Xin Guan, Xiao Liu, Yan-Qing Ma and Wen-Hao Wu.
Number of defined symbols=68. Please see ?Blade`* for help.

--------------------------------------------------
BLSetReducerOptions->"IBPParameter" -> Automatic, "IntegralOrdering" -> 1, "CheckMastersQ" -> True, "FilterLevel" -> 3, "IBPForMapSector" -> False, "MaxIncrement" -> 2, "CloseSymmetry" -> False, "ExternalSymmetry" -> True, "CutNoDot" -> False, "BlackBoxRank" -> 2, "BlackBoxDot" -> 0, "MaxPrime" -> 200, "MaxDegree" -> 1000, "Reconstructor" -> "FiniteFlow"
BLSetSchemeOptions->"OperatorExtendGQ" -> True, "MinimalSchemeRank" -> 1, "PartitionDot" -> True, "PartitionRankThreshold" -> 100, "UniqueSubsectorQ" -> True"--------------------------------------------------"
"BladeIBP: a package for generating IBP, LI and Symmetry relations."

FrontEndObject::notavail: A front end is not available; certain operations require a front end.
Number of Families = 1. Number of Sectors = 10.
"4 zero sectors found, 12 nonzero sectors found."
"10 unique sectors found, 2 mapped sectors found, 0 extmapped sectors found."
"9 subgraph-unique sectors found, 0 subgraph-mapped sectors found"
"Seeding Id type ->""IBP"
"Seeding Id type ->""LI"
"Seeding Id type ->""SR"
"Seeding Id type ->""Map"
"Seeding Id type ->""SubSym"
"====================="
"Id type -> ""IBP"" # chunks -> "10
"====================="
"kernel 1 (Local (4)):"
"\"IBP\"\" #\"1\" of \"10\n"
"kernel 2 (Local (4)):"
"\"IBP\"\" #\"3\" of \"10\n"
"kernel 3 (Local (4)):"
"\"IBP\"\" #\"5\" of \"10\n"
"kernel 4 (Local (4)):"
"\"IBP\"\" #\"6\" of \"10\n"
"kernel 1 (Local (4)):"
"\" -> \"\"done in \"{0.033334, Null}\n"
"kernel 2 (Local (4)):"
"\" -> \"\"done in \"{0.033542, Null}\n"
"kernel 3 (Local (4)):"
"\" -> \"\"done in \"{0.033345, Null}\n"
"kernel 4 (Local (4)):"
"\" -> \"\"done in \"{0.033936, Null}\n"
"kernel 1 (Local (4)):"
"\"IBP\"\" #\"2\" of \"10\n"
"kernel 2 (Local (4)):"
"\"IBP\"\" #\"4\" of \"10\n"
"kernel 1 (Local (4)):"
"\" -> \"\"done in \"{0.004509, Null}\n"
"kernel 2 (Local (4)):"
"\" -> \"\"done in \"{0.004494, Null}\n"
"kernel 3 (Local (4)):"
"\"IBP\"\" #\"7\" of \"10\n"
"kernel 4 (Local (4)):"
"\"IBP\"\" #\"8\" of \"10\n"
"kernel 3 (Local (4)):"
"\" -> \"\"done in \"{0.004885, Null}\n"
"kernel 4 (Local (4)):"
"\" -> \"\"done in \"{0.004827, Null}\n"
"kernel 1 (Local (4)):"
"\"IBP\"\" #\"9\" of \"10\n"
"kernel 2 (Local (4)):"
"\"IBP\"\" #\"10\" of \"10\n"
"kernel 1 (Local (4)):"
"\" -> \"\"done in \"{0.004655, Null}\n"
"kernel 2 (Local (4)):"
"\" -> \"\"done in \"{0.005263, Null}\n"
"====================="
"Id type -> ""LI"" # chunks -> "10
"====================="
"kernel 1 (Local (4)):"
"\"LI\"\" #\"1\" of \"10\n"
"kernel 2 (Local (4)):"
"\"LI\"\" #\"3\" of \"10\n"
"kernel 3 (Local (4)):"
"\"LI\"\" #\"5\" of \"10\n"
"kernel 4 (Local (4)):"
"\"LI\"\" #\"6\" of \"10\n"
"kernel 1 (Local (4)):"
"\" -> \"\"done in \"{0.005704, Null}\n"
"kernel 2 (Local (4)):"
"\" -> \"\"done in \"{0.005785, Null}\n"
"kernel 3 (Local (4)):"
"\" -> \"\"done in \"{0.005541, Null}\n"
"kernel 4 (Local (4)):"
"\" -> \"\"done in \"{0.006588, Null}\n"
"kernel 1 (Local (4)):"
"\"LI\"\" #\"2\" of \"10\n"
"kernel 2 (Local (4)):"
"\"LI\"\" #\"4\" of \"10\n"
"kernel 1 (Local (4)):"
"\" -> \"\"done in \"{0.005088, Null}\n"
"kernel 2 (Local (4)):"
"\" -> \"\"done in \"{0.004984, Null}\n"
"kernel 3 (Local (4)):"
"\"LI\"\" #\"7\" of \"10\n"
"kernel 4 (Local (4)):"
"\"LI\"\" #\"8\" of \"10\n"
"kernel 3 (Local (4)):"
"\" -> \"\"done in \"{0.005896, Null}\n"
"kernel 4 (Local (4)):"
"\" -> \"\"done in \"{0.005677, Null}\n"
"kernel 1 (Local (4)):"
"\"LI\"\" #\"9\" of \"10\n"
"kernel 2 (Local (4)):"
"\"LI\"\" #\"10\" of \"10\n"
"kernel 1 (Local (4)):"
"\" -> \"\"done in \"{0.005262, Null}\n"
"kernel 2 (Local (4)):"
"\" -> \"\"done in \"{0.005641, Null}\n"
"====================="
"Id type -> ""SR"" # chunks -> "10
"====================="
"kernel 1 (Local (4)):"
"\"SR\"\" #\"1\" of \"10\n"
"kernel 2 (Local (4)):"
"\"SR\"\" #\"3\" of \"10\n"
"kernel 3 (Local (4)):"
"\"SR\"\" #\"5\" of \"10\n"
"kernel 4 (Local (4)):"
"\"SR\"\" #\"6\" of \"10\n"
"kernel 1 (Local (4)):"
"\"sectors involved: \"{{1, 1, 1, 1}}\n"
"kernel 2 (Local (4)):"
"\"sectors involved: \"{{1, 1, 0, 1}}\n"
"kernel 3 (Local (4)):"
"\"sectors involved: \"{{0, 1, 1, 1}}\n"
"kernel 4 (Local (4)):"
"\"sectors involved: \"{{1, 1, 0, 0}}\n"
"kernel 1 (Local (4)):"
"\"#Symmetry Relations:  \"0\n"
"kernel 2 (Local (4)):"
"\"#Symmetry Relations:  \"0\n"
"kernel 3 (Local (4)):"
"\"#Symmetry Relations:  \"0\n"
"kernel 4 (Local (4)):"
"\"#Symmetry Relations:  \"0\n"
"kernel 1 (Local (4)):"
"\" -> \"\"done in \"{0.005468, Null}\n"
"kernel 2 (Local (4)):"
"\" -> \"\"done in \"{0.005405, Null}\n"
"kernel 3 (Local (4)):"
"\" -> \"\"done in \"{0.0053, Null}\n"
"kernel 4 (Local (4)):"
"\" -> \"\"done in \"{0.005742, Null}\n"
"kernel 1 (Local (4)):"
"\"SR\"\" #\"2\" of \"10\n"
"kernel 2 (Local (4)):"
"\"SR\"\" #\"4\" of \"10\n"
"kernel 1 (Local (4)):"
"\"sectors involved: \"{{1, 1, 1, 0}}\n"
"kernel 2 (Local (4)):"
"\"sectors involved: \"{{1, 0, 1, 1}}\n"
"kernel 3 (Local (4)):"
"\"SR\"\" #\"7\" of \"10\n"
"kernel 4 (Local (4)):"
"\"SR\"\" #\"8\" of \"10\n"
"kernel 1 (Local (4)):"
"\"#Symmetry Relations:  \"0\n"
"kernel 2 (Local (4)):"
"\"#Symmetry Relations:  \"0\n"
"kernel 3 (Local (4)):"
"\"sectors involved: \"{{1, 0, 0, 1}}\n"
"kernel 4 (Local (4)):"
"\"sectors involved: \"{{0, 1, 1, 0}}\n"
"kernel 1 (Local (4)):"
"\" -> \"\"done in \"{0.004482, Null}\n"
"kernel 2 (Local (4)):"
"\" -> \"\"done in \"{0.004363, Null}\n"
"kernel 3 (Local (4)):"
"\"#Symmetry Relations:  \"4\n"
"kernel 4 (Local (4)):"
"\"#Symmetry Relations:  \"4\n"
"kernel 3 (Local (4)):"
"\" -> \"\"done in \"{0.008361, Null}\n"
"kernel 4 (Local (4)):"
"\" -> \"\"done in \"{0.008525, Null}\n"
"kernel 1 (Local (4)):"
"\"SR\"\" #\"9\" of \"10\n"
"kernel 2 (Local (4)):"
"\"SR\"\" #\"10\" of \"10\n"
"kernel 1 (Local (4)):"
"\"sectors involved: \"{{0, 1, 0, 1}}\n"
"kernel 2 (Local (4)):"
"\"sectors involved: \"{{0, 1, 0, 0}}\n"
"kernel 1 (Local (4)):"
"\"#Symmetry Relations:  \"3\n"
"kernel 2 (Local (4)):"
"\"#Symmetry Relations:  \"21\n"
"kernel 1 (Local (4)):"
"\" -> \"\"done in \"{0.008814, Null}\n"
"kernel 2 (Local (4)):"
"\" -> \"\"done in \"{0.020369, Null}\n"
"====================="
"Id type -> ""Map"" # chunks -> "2
"====================="
"kernel 1 (Local (4)):"
"\"Map\"\" #\"1\" of \"2\n"
"kernel 2 (Local (4)):"
"\"Map\"\" #\"2\" of \"2\n"
"kernel 1 (Local (4)):"
"\"sectors involved: \"{{0, 0, 1, 1}}\n"
"kernel 2 (Local (4)):"
"\"sectors involved: \"{{0, 0, 0, 1}}\n"
"kernel 1 (Local (4)):"
"\"#Symmetry Relations:  \"18\n"
"kernel 2 (Local (4)):"
"\"#Symmetry Relations:  \"20\n"
"kernel 1 (Local (4)):"
"\" -> \"\"done in \"{0.016282, Null}\n"
"kernel 2 (Local (4)):"
"\" -> \"\"done in \"{0.016676, Null}\n"
"====================="
"Id type -> ""SubSym"" # chunks -> "6
"====================="
"kernel 1 (Local (4)):"
"\"SubSym\"\" #\"1\" of \"6\n"
"kernel 2 (Local (4)):"
"\"SubSym\"\" #\"3\" of \"6\n"
"kernel 3 (Local (4)):"
"\"SubSym\"\" #\"5\" of \"6\n"
"kernel 4 (Local (4)):"
"\"SubSym\"\" #\"6\" of \"6\n"
"kernel 1 (Local (4)):"
"\" -> \"\"done in \"{0.010603, Null}\n"
"kernel 2 (Local (4)):"
"\" -> \"\"done in \"{0.011659, Null}\n"
"kernel 3 (Local (4)):"
"\" -> \"\"done in \"{0.011478, Null}\n"
"kernel 4 (Local (4)):"
"\" -> \"\"done in \"{0.011381, Null}\n"
"kernel 1 (Local (4)):"
"\"SubSym\"\" #\"2\" of \"6\n"
"kernel 2 (Local (4)):"
"\"SubSym\"\" #\"4\" of \"6\n"
"kernel 1 (Local (4)):"
"\" -> \"\"done in \"{0.005785, Null}\n"
"kernel 2 (Local (4)):"
"\" -> \"\"done in \"{0.005754, Null}\n"
"Generating list of integrals ..."
" -> list of integrals generated"
"Exporting positions maps ..."
" -> positions maps exported"
"Serialize identities ..."
"kernel 1 (Local (4)):"
"\"File: \"\"ibps/ids_top2_exints.mx\"\n"
"kernel 2 (Local (4)):"
"\"File: \"\"ibps/ids_top2_IBP4.mx\"\n"
"kernel 3 (Local (4)):"
"\"File: \"\"ibps/ids_top2_IBP9.mx\"\n"
"kernel 4 (Local (4)):"
"\"File: \"\"ibps/ids_top2_LI4.mx\"\n"
"kernel 1 (Local (4)):"
"\"File: \"\"ibps/ids_top2_exints.mx\"\" done in \"{0.010868, Null}\n"
"kernel 2 (Local (4)):"
"\"File: \"\"ibps/ids_top2_IBP4.mx\"\" done in \"{0.01315, Null}\n"
"kernel 3 (Local (4)):"
"\"File: \"\"ibps/ids_top2_IBP9.mx\"\" done in \"{0.013904, Null}\n"
"kernel 4 (Local (4)):"
"\"File: \"\"ibps/ids_top2_LI4.mx\"\" done in \"{0.013073, Null}\n"
"kernel 1 (Local (4)):"
"\"File: \"\"ibps/ids_top2_IBP10.mx\"\n"
"kernel 2 (Local (4)):"
"\"File: \"\"ibps/ids_top2_IBP5.mx\"\n"
"kernel 3 (Local (4)):"
"\"File: \"\"ibps/ids_top2_LI10.mx\"\n"
"kernel 4 (Local (4)):"
"\"File: \"\"ibps/ids_top2_LI5.mx\"\n"
"kernel 1 (Local (4)):"
"\"File: \"\"ibps/ids_top2_IBP10.mx\"\" done in \"{0.01133, Null}\n"
"kernel 2 (Local (4)):"
"\"File: \"\"ibps/ids_top2_IBP5.mx\"\" done in \"{0.010155, Null}\n"
"kernel 3 (Local (4)):"
"\"File: \"\"ibps/ids_top2_LI10.mx\"\" done in \"{0.011868, Null}\n"
"kernel 4 (Local (4)):"
"\"File: \"\"ibps/ids_top2_LI5.mx\"\" done in \"{0.011547, Null}\n"
"kernel 1 (Local (4)):"
"\"File: \"\"ibps/ids_top2_IBP1.mx\"\n"
"kernel 2 (Local (4)):"
"\"File: \"\"ibps/ids_top2_IBP6.mx\"\n"
"kernel 3 (Local (4)):"
"\"File: \"\"ibps/ids_top2_LI1.mx\"\n"
"kernel 4 (Local (4)):"
"\"File: \"\"ibps/ids_top2_LI6.mx\"\n"
"kernel 1 (Local (4)):"
"\"File: \"\"ibps/ids_top2_IBP1.mx\"\" done in \"{0.009087, Null}\n"
"kernel 2 (Local (4)):"
"\"File: \"\"ibps/ids_top2_IBP6.mx\"\" done in \"{0.011164, Null}\n"
"kernel 3 (Local (4)):"
"\"File: \"\"ibps/ids_top2_LI1.mx\"\" done in \"{0.009184, Null}\n"
"kernel 4 (Local (4)):"
"\"File: \"\"ibps/ids_top2_LI6.mx\"\" done in \"{0.012822, Null}\n"
"kernel 1 (Local (4)):"
"\"File: \"\"ibps/ids_top2_IBP2.mx\"\n"
"kernel 2 (Local (4)):"
"\"File: \"\"ibps/ids_top2_IBP7.mx\"\n"
"kernel 3 (Local (4)):"
"\"File: \"\"ibps/ids_top2_LI2.mx\"\n"
"kernel 4 (Local (4)):"
"\"File: \"\"ibps/ids_top2_LI7.mx\"\n"
"kernel 1 (Local (4)):"
"\"File: \"\"ibps/ids_top2_IBP2.mx\"\" done in \"{0.010297, Null}\n"
"kernel 2 (Local (4)):"
"\"File: \"\"ibps/ids_top2_IBP7.mx\"\" done in \"{0.0108, Null}\n"
"kernel 3 (Local (4)):"
"\"File: \"\"ibps/ids_top2_LI2.mx\"\" done in \"{0.010245, Null}\n"
"kernel 4 (Local (4)):"
"\"File: \"\"ibps/ids_top2_LI7.mx\"\" done in \"{0.01181, Null}\n"
"kernel 1 (Local (4)):"
"\"File: \"\"ibps/ids_top2_IBP3.mx\"\n"
"kernel 2 (Local (4)):"
"\"File: \"\"ibps/ids_top2_IBP8.mx\"\n"
"kernel 3 (Local (4)):"
"\"File: \"\"ibps/ids_top2_LI3.mx\"\n"
"kernel 4 (Local (4)):"
"\"File: \"\"ibps/ids_top2_LI8.mx\"\n"
"kernel 1 (Local (4)):"
"\"File: \"\"ibps/ids_top2_IBP3.mx\"\" done in \"{0.009932, Null}\n"
"kernel 2 (Local (4)):"
"\"File: \"\"ibps/ids_top2_IBP8.mx\"\" done in \"{0.010429, Null}\n"
"kernel 3 (Local (4)):"
"\"File: \"\"ibps/ids_top2_LI3.mx\"\" done in \"{0.010447, Null}\n"
"kernel 4 (Local (4)):"
"\"File: \"\"ibps/ids_top2_LI8.mx\"\" done in \"{0.010302, Null}\n"
"kernel 1 (Local (4)):"
"\"File: \"\"ibps/ids_top2_LI9.mx\"\n"
"kernel 2 (Local (4)):"
"\"File: \"\"ibps/ids_top2_SR2.mx\"\n"
"kernel 3 (Local (4)):"
"\"File: \"\"ibps/ids_top2_SR7.mx\"\n"
"kernel 4 (Local (4)):"
"\"File: \"\"ibps/ids_top2_SubSym3.mx\"\n"
"kernel 1 (Local (4)):"
"\"File: \"\"ibps/ids_top2_LI9.mx\"\" done in \"{0.01168, Null}\n"
"kernel 2 (Local (4)):"
"\"File: \"\"ibps/ids_top2_SR2.mx\"\" done in \"{0.008069, Null}\n"
"kernel 3 (Local (4)):"
"\"File: \"\"ibps/ids_top2_SR7.mx\"\" done in \"{0.008602, Null}\n"
"kernel 4 (Local (4)):"
"\"File: \"\"ibps/ids_top2_SubSym3.mx\"\" done in \"{0.008152, Null}\n"
"kernel 1 (Local (4)):"
"\"File: \"\"ibps/ids_top2_Map1.mx\"\n"
"kernel 2 (Local (4)):"
"\"File: \"\"ibps/ids_top2_SR3.mx\"\n"
"kernel 3 (Local (4)):"
"\"File: \"\"ibps/ids_top2_SR8.mx\"\n"
"kernel 4 (Local (4)):"
"\"File: \"\"ibps/ids_top2_SubSym4.mx\"\n"
"kernel 1 (Local (4)):"
"\"File: \"\"ibps/ids_top2_Map1.mx\"\" done in \"{0.009295, Null}\n"
"kernel 2 (Local (4)):"
"\"File: \"\"ibps/ids_top2_SR3.mx\"\" done in \"{0.007383, Null}\n"
"kernel 3 (Local (4)):"
"\"File: \"\"ibps/ids_top2_SR8.mx\"\" done in \"{0.007697, Null}\n"
"kernel 4 (Local (4)):"
"\"File: \"\"ibps/ids_top2_SubSym4.mx\"\" done in \"{0.007441, Null}\n"
"kernel 1 (Local (4)):"
"\"File: \"\"ibps/ids_top2_Map2.mx\"\n"
"kernel 2 (Local (4)):"
"\"File: \"\"ibps/ids_top2_SR4.mx\"\n"
"kernel 3 (Local (4)):"
"\"File: \"\"ibps/ids_top2_SR9.mx\"\n"
"kernel 4 (Local (4)):"
"\"File: \"\"ibps/ids_top2_SubSym5.mx\"\n"
"kernel 1 (Local (4)):"
"\"File: \"\"ibps/ids_top2_Map2.mx\"\" done in \"{0.009483, Null}\n"
"kernel 2 (Local (4)):"
"\"File: \"\"ibps/ids_top2_SR4.mx\"\" done in \"{0.006731, Null}\n"
"kernel 3 (Local (4)):"
"\"File: \"\"ibps/ids_top2_SR9.mx\"\" done in \"{0.007458, Null}\n"
"kernel 4 (Local (4)):"
"\"File: \"\"ibps/ids_top2_SubSym5.mx\"\" done in \"{0.006964, Null}\n"
"kernel 1 (Local (4)):"
"\"File: \"\"ibps/ids_top2_SR10.mx\"\n"
"kernel 2 (Local (4)):"
"\"File: \"\"ibps/ids_top2_SR5.mx\"\n"
"kernel 3 (Local (4)):"
"\"File: \"\"ibps/ids_top2_SubSym1.mx\"\n"
"kernel 4 (Local (4)):"
"\"File: \"\"ibps/ids_top2_SubSym6.mx\"\n"
"kernel 1 (Local (4)):"
"\"File: \"\"ibps/ids_top2_SR10.mx\"\" done in \"{0.009774, Null}\n"
"kernel 2 (Local (4)):"
"\"File: \"\"ibps/ids_top2_SR5.mx\"\" done in \"{0.00705, Null}\n"
"kernel 3 (Local (4)):"
"\"File: \"\"ibps/ids_top2_SubSym1.mx\"\" done in \"{0.00739, Null}\n"
"kernel 4 (Local (4)):"
"\"File: \"\"ibps/ids_top2_SubSym6.mx\"\" done in \"{0.007, Null}\n"
"kernel 1 (Local (4)):"
"\"File: \"\"ibps/ids_top2_SR1.mx\"\n"
"kernel 2 (Local (4)):"
"\"File: \"\"ibps/ids_top2_SR6.mx\"\n"
"kernel 3 (Local (4)):"
"\"File: \"\"ibps/ids_top2_SubSym2.mx\"\n"
"kernel 4 (Local (4)):"
"\"File: \"\"ibps/ids_top2_usints.mx\"\n"
"kernel 1 (Local (4)):"
"\"File: \"\"ibps/ids_top2_SR1.mx\"\" done in \"{0.007076, Null}\n"
"kernel 2 (Local (4)):"
"\"File: \"\"ibps/ids_top2_SR6.mx\"\" done in \"{0.007982, Null}\n"
"kernel 3 (Local (4)):"
"\"File: \"\"ibps/ids_top2_SubSym2.mx\"\" done in \"{0.007731, Null}\n"
"kernel 4 (Local (4)):"
"\"File: \"\"ibps/ids_top2_usints.mx\"\" done in \"{0.00737, Null}\n"
"-> all in :"{0.282338, Null}
