CalcLoop: a tool for automated multiloop calculation in quantum field theory.
Version 2022/07/10.
Number of defined symbols=45. Please see ?CalcLoop`* for help.
Blade: a pacakge for block-triangular form improved Feynman integral decomposition.
Version 2024/05/23.
Author: Xin Guan, Xiao Liu, Yan-Qing Ma and Wen-Hao Wu.
Number of defined symbols=68. Please see ?Blade`* for help.

--------------------------------------------------
BLSetReducerOptions->"IBPParameter" -> Automatic, "IntegralOrdering" -> 1, "CheckMastersQ" -> True, "FilterLevel" -> 3, "IBPForMapSector" -> False, "MaxIncrement" -> 2, "CloseSymmetry" -> False, "ExternalSymmetry" -> True, "CutNoDot" -> False, "BlackBoxRank" -> 2, "BlackBoxDot" -> 0, "MaxPrime" -> 200, "MaxDegree" -> 1000, "Reconstructor" -> "FiniteFlow"
BLSetSchemeOptions->"OperatorExtendGQ" -> True, "MinimalSchemeRank" -> 1, "PartitionDot" -> True, "PartitionRankThreshold" -> 100, "UniqueSubsectorQ" -> True"--------------------------------------------------"
"BladeIBP: a package for generating IBP, LI and Symmetry relations."

FrontEndObject::notavail: A front end is not available; certain operations require a front end.
Number of Families = 1. Number of Sectors = 4.
"2 zero sectors found, 6 nonzero sectors found."
"4 unique sectors found, 2 mapped sectors found, 0 extmapped sectors found."
"4 subgraph-unique sectors found, 0 subgraph-mapped sectors found"
"Seeding Id type ->""IBP"
"Seeding Id type ->""LI"
"Seeding Id type ->""SR"
"Seeding Id type ->""Map"
"Seeding Id type ->""SubSym"
"====================="
"Id type -> ""IBP"" # chunks -> "4
"====================="
"kernel 1 (Local (4)):"
"\"IBP\"\" #\"1\" of \"4\n"
"kernel 2 (Local (4)):"
"\"IBP\"\" #\"2\" of \"4\n"
"kernel 3 (Local (4)):"
"\"IBP\"\" #\"3\" of \"4\n"
"kernel 4 (Local (4)):"
"\"IBP\"\" #\"4\" of \"4\n"
"kernel 1 (Local (4)):"
"\" -> \"\"done in \"{0.033225, Null}\n"
"kernel 2 (Local (4)):"
"\" -> \"\"done in \"{0.033755, Null}\n"
"kernel 3 (Local (4)):"
"\" -> \"\"done in \"{0.033362, Null}\n"
"kernel 4 (Local (4)):"
"\" -> \"\"done in \"{0.033917, Null}\n"
"====================="
"Id type -> ""LI"" # chunks -> "4
"====================="
"kernel 1 (Local (4)):"
"\"LI\"\" #\"1\" of \"4\n"
"kernel 2 (Local (4)):"
"\"LI\"\" #\"2\" of \"4\n"
"kernel 3 (Local (4)):"
"\"LI\"\" #\"3\" of \"4\n"
"kernel 4 (Local (4)):"
"\"LI\"\" #\"4\" of \"4\n"
"kernel 1 (Local (4)):"
"\" -> \"\"done in \"{0.004877, Null}\n"
"kernel 2 (Local (4)):"
"\" -> \"\"done in \"{0.005669, Null}\n"
"kernel 3 (Local (4)):"
"\" -> \"\"done in \"{0.005705, Null}\n"
"kernel 4 (Local (4)):"
"\" -> \"\"done in \"{0.006178, Null}\n"
"====================="
"Id type -> ""SR"" # chunks -> "4
"====================="
"kernel 1 (Local (4)):"
"\"SR\"\" #\"1\" of \"4\n"
"kernel 2 (Local (4)):"
"\"SR\"\" #\"2\" of \"4\n"
"kernel 3 (Local (4)):"
"\"SR\"\" #\"3\" of \"4\n"
"kernel 4 (Local (4)):"
"\"SR\"\" #\"4\" of \"4\n"
"kernel 1 (Local (4)):"
"\"sectors involved: \"{{1, 0, 1, 1}}\n"
"kernel 2 (Local (4)):"
"\"sectors involved: \"{{1, 0, 1, 0}}\n"
"kernel 3 (Local (4)):"
"\"sectors involved: \"{{0, 0, 1, 1}}\n"
"kernel 4 (Local (4)):"
"\"sectors involved: \"{{0, 0, 1, 0}}\n"
"kernel 1 (Local (4)):"
"\"#Symmetry Relations:  \"0\n"
"kernel 2 (Local (4)):"
"\"#Symmetry Relations:  \"0\n"
"kernel 3 (Local (4)):"
"\"#Symmetry Relations:  \"6\n"
"kernel 4 (Local (4)):"
"\"#Symmetry Relations:  \"19\n"
"kernel 1 (Local (4)):"
"\" -> \"\"done in \"{0.005167, Null}\n"
"kernel 2 (Local (4)):"
"\" -> \"\"done in \"{0.004534, Null}\n"
"kernel 3 (Local (4)):"
"\" -> \"\"done in \"{0.011469, Null}\n"
"kernel 4 (Local (4)):"
"\" -> \"\"done in \"{0.015935, Null}\n"
"====================="
"Id type -> ""Map"" # chunks -> "2
"====================="
"kernel 1 (Local (4)):"
"\"Map\"\" #\"1\" of \"2\n"
"kernel 2 (Local (4)):"
"\"Map\"\" #\"2\" of \"2\n"
"kernel 1 (Local (4)):"
"\"sectors involved: \"{{1, 0, 0, 1}}\n"
"kernel 2 (Local (4)):"
"\"sectors involved: \"{{0, 0, 0, 1}}\n"
"kernel 1 (Local (4)):"
"\"#Symmetry Relations:  \"18\n"
"kernel 2 (Local (4)):"
"\"#Symmetry Relations:  \"20\n"
"kernel 1 (Local (4)):"
"\" -> \"\"done in \"{0.008406, Null}\n"
"kernel 2 (Local (4)):"
"\" -> \"\"done in \"{0.013942, Null}\n"
"====================="
"Id type -> ""SubSym"" # chunks -> "2
"====================="
"kernel 1 (Local (4)):"
"\"SubSym\"\" #\"1\" of \"2\n"
"kernel 2 (Local (4)):"
"\"SubSym\"\" #\"2\" of \"2\n"
"kernel 1 (Local (4)):"
"\" -> \"\"done in \"{0.009126, Null}\n"
"kernel 2 (Local (4)):"
"\" -> \"\"done in \"{0.009094, Null}\n"
"Generating list of integrals ..."
" -> list of integrals generated"
"Exporting positions maps ..."
" -> positions maps exported"
"Serialize identities ..."
"kernel 1 (Local (4)):"
"\"File: \"\"ibps/ids_top1_exints.mx\"\n"
"kernel 2 (Local (4)):"
"\"File: \"\"ibps/ids_top1_IBP3.mx\"\n"
"kernel 3 (Local (4)):"
"\"File: \"\"ibps/ids_top1_LI2.mx\"\n"
"kernel 4 (Local (4)):"
"\"File: \"\"ibps/ids_top1_LI4.mx\"\n"
"kernel 1 (Local (4)):"
"\"File: \"\"ibps/ids_top1_exints.mx\"\" done in \"{0.009334, Null}\n"
"kernel 1 (Local (4)):"
"\"File: \"\"ibps/ids_top1_IBP1.mx\"\n"
"kernel 2 (Local (4)):"
"\"File: \"\"ibps/ids_top1_IBP3.mx\"\" done in \"{0.012794, Null}\n"
"kernel 3 (Local (4)):"
"\"File: \"\"ibps/ids_top1_LI2.mx\"\" done in \"{0.013174, Null}\n"
"kernel 4 (Local (4)):"
"\"File: \"\"ibps/ids_top1_LI4.mx\"\" done in \"{0.014192, Null}\n"
"kernel 1 (Local (4)):"
"\"File: \"\"ibps/ids_top1_IBP1.mx\"\" done in \"{0.009036, Null}\n"
"kernel 2 (Local (4)):"
"\"File: \"\"ibps/ids_top1_IBP4.mx\"\n"
"kernel 3 (Local (4)):"
"\"File: \"\"ibps/ids_top1_LI3.mx\"\n"
"kernel 4 (Local (4)):"
"\"File: \"\"ibps/ids_top1_Map1.mx\"\n"
"kernel 1 (Local (4)):"
"\"File: \"\"ibps/ids_top1_IBP2.mx\"\n"
"kernel 2 (Local (4)):"
"\"File: \"\"ibps/ids_top1_IBP4.mx\"\" done in \"{0.010518, Null}\n"
"kernel 3 (Local (4)):"
"\"File: \"\"ibps/ids_top1_LI3.mx\"\" done in \"{0.011392, Null}\n"
"kernel 4 (Local (4)):"
"\"File: \"\"ibps/ids_top1_Map1.mx\"\" done in \"{0.008174, Null}\n"
"kernel 1 (Local (4)):"
"\"File: \"\"ibps/ids_top1_IBP2.mx\"\" done in \"{0.009611, Null}\n"
"kernel 2 (Local (4)):"
"\"File: \"\"ibps/ids_top1_LI1.mx\"\n"
"kernel 2 (Local (4)):"
"\"File: \"\"ibps/ids_top1_LI1.mx\"\" done in \"{0.009368, Null}\n"
"kernel 3 (Local (4)):"
"\"File: \"\"ibps/ids_top1_Map2.mx\"\n"
"kernel 4 (Local (4)):"
"\"File: \"\"ibps/ids_top1_SR2.mx\"\n"
"kernel 1 (Local (4)):"
"\"File: \"\"ibps/ids_top1_SR4.mx\"\n"
"kernel 2 (Local (4)):"
"\"File: \"\"ibps/ids_top1_SubSym2.mx\"\n"
"kernel 1 (Local (4)):"
"\"File: \"\"ibps/ids_top1_SR4.mx\"\" done in \"{0.008104, Null}\n"
"kernel 2 (Local (4)):"
"\"File: \"\"ibps/ids_top1_SubSym2.mx\"\" done in \"{0.006909, Null}\n"
"kernel 3 (Local (4)):"
"\"File: \"\"ibps/ids_top1_Map2.mx\"\" done in \"{0.008881, Null}\n"
"kernel 4 (Local (4)):"
"\"File: \"\"ibps/ids_top1_SR2.mx\"\" done in \"{0.007219, Null}\n"
"kernel 1 (Local (4)):"
"\"File: \"\"ibps/ids_top1_SubSym1.mx\"\n"
"kernel 2 (Local (4)):"
"\"File: \"\"ibps/ids_top1_usints.mx\"\n"
"kernel 3 (Local (4)):"
"\"File: \"\"ibps/ids_top1_SR1.mx\"\n"
"kernel 4 (Local (4)):"
"\"File: \"\"ibps/ids_top1_SR3.mx\"\n"
"kernel 1 (Local (4)):"
"\"File: \"\"ibps/ids_top1_SubSym1.mx\"\" done in \"{0.007078, Null}\n"
"kernel 2 (Local (4)):"
"\"File: \"\"ibps/ids_top1_usints.mx\"\" done in \"{0.006828, Null}\n"
"kernel 3 (Local (4)):"
"\"File: \"\"ibps/ids_top1_SR1.mx\"\" done in \"{0.007051, Null}\n"
"kernel 4 (Local (4)):"
"\"File: \"\"ibps/ids_top1_SR3.mx\"\" done in \"{0.007571, Null}\n"
"-> all in :"{0.145923, Null}
