CalcLoop: a tool for automated multiloop calculation in quantum field theory.
Version 2022/07/10.
Number of defined symbols=45. Please see ?CalcLoop`* for help.
Blade: a pacakge for block-triangular form improved Feynman integral decomposition.
Version 2024/05/23.
Author: Xin Guan, Xiao Liu, Yan-Qing Ma and Wen-Hao Wu.
Number of defined symbols=68. Please see ?Blade`* for help.

--------------------------------------------------
BLSetReducerOptions->"IBPParameter" -> Automatic, "IntegralOrdering" -> 1, "CheckMastersQ" -> True, "FilterLevel" -> 3, "IBPForMapSector" -> False, "MaxIncrement" -> 2, "CloseSymmetry" -> False, "ExternalSymmetry" -> True, "CutNoDot" -> False, "BlackBoxRank" -> 2, "BlackBoxDot" -> 0, "MaxPrime" -> 200, "MaxDegree" -> 1000, "Reconstructor" -> "FiniteFlow"
BLSetSchemeOptions->"OperatorExtendGQ" -> True, "MinimalSchemeRank" -> 1, "PartitionDot" -> True, "PartitionRankThreshold" -> 100, "UniqueSubsectorQ" -> True"--------------------------------------------------"
"BladeIBP: a package for generating IBP, LI and Symmetry relations."

FrontEndObject::notavail: A front end is not available; certain operations require a front end.
Number of Families = 1. Number of Sectors = 10.
"4 zero sectors found, 12 nonzero sectors found."
"10 unique sectors found, 2 mapped sectors found, 0 extmapped sectors found."
"9 subgraph-unique sectors found, 0 subgraph-mapped sectors found"
"kernel 1 (Local (4)):"
"{1, 1, 1, 1}\" done in: \"0.025006`4.84958922033799\"s.\"\n"
"kernel 2 (Local (4)):"
"{1, 1, 1, 0}\" done in: \"0.025155`4.85216931515774\"s.\"\n"
"kernel 3 (Local (4)):"
"{1, 1, 0, 1}\" done in: \"0.026624`4.876818298106603\"s.\"\n"
"kernel 4 (Local (4)):"
"{1, 0, 1, 1}\" done in: \"0.025562`4.859139824006719\"s.\"\n"
"kernel 1 (Local (4)):"
"{0, 1, 1, 1}\" done in: \"0.023252`4.818005307780321\"s.\"\n"
"kernel 2 (Local (4)):"
"{1, 0, 1, 0}\" done in: \"0.019813`4.748495233032612\"s.\"\n"
"kernel 3 (Local (4)):"
"{1, 0, 0, 1}\" done in: \"0.021176`4.7773889217892656\"s.\"\n"
"kernel 4 (Local (4)):"
"{0, 1, 1, 0}\" done in: \"0.022384`4.801482690643723\"s.\"\n"
"kernel 2 (Local (4)):"
"{0, 0, 1, 1}\" done in: \"0.022593`4.805518895816979\"s.\"\n"
"kernel 3 (Local (4)):"
"{0, 0, 1, 0}\" done in: \"0.018269`4.713259769290338\"s.\"\n"
"kernel 4 (Local (4)):"
"{0, 0, 0, 1}\" done in: \"0.019323`4.737619547371549\"s.\"\n"
"kernel 1 (Local (4)):"
"{0, 1, 0, 1}\" done in: \"0.023332`4.81949696125395\"s.\"\n"
"fast determineMI done in: "0.679706`6.283866097102787
"# rawmasters(nomap): "7", # rawmasters: "6
