CalcLoop: a tool for automated multiloop calculation in quantum field theory.
Version 2022/07/10.
Number of defined symbols=45. Please see ?CalcLoop`* for help.
Blade: a pacakge for block-triangular form improved Feynman integral decomposition.
Version 2024/05/23.
Author: Xin Guan, Xiao Liu, Yan-Qing Ma and Wen-Hao Wu.
Number of defined symbols=68. Please see ?Blade`* for help.

--------------------------------------------------
BLSetReducerOptions->"IBPParameter" -> Automatic, "IntegralOrdering" -> 1, "CheckMastersQ" -> True, "FilterLevel" -> 3, "IBPForMapSector" -> False, "MaxIncrement" -> 2, "CloseSymmetry" -> False, "ExternalSymmetry" -> True, "CutNoDot" -> False, "BlackBoxRank" -> 2, "BlackBoxDot" -> 0, "MaxPrime" -> 200, "MaxDegree" -> 1000, "Reconstructor" -> "FiniteFlow"
BLSetSchemeOptions->"OperatorExtendGQ" -> True, "MinimalSchemeRank" -> 1, "PartitionDot" -> True, "PartitionRankThreshold" -> 100, "UniqueSubsectorQ" -> True"--------------------------------------------------"
"BladeIBP: a package for generating IBP, LI and Symmetry relations."

FrontEndObject::notavail: A front end is not available; certain operations require a front end.
Number of Families = 1. Number of Sectors = 9.
"2 zero sectors found, 14 nonzero sectors found."
"9 unique sectors found, 5 mapped sectors found, 0 extmapped sectors found."
"8 subgraph-unique sectors found, 0 subgraph-mapped sectors found"
"Seeding Id type ->""IBP"
"Seeding Id type ->""LI"
"Seeding Id type ->""SR"
"Seeding Id type ->""Map"
"Seeding Id type ->""SubSym"
"====================="
"Id type -> ""IBP"" # chunks -> "9
"====================="
"kernel 1 (Local (4)):"
"\"IBP\"\" #\"1\" of \"9\n"
"kernel 2 (Local (4)):"
"\"IBP\"\" #\"3\" of \"9\n"
"kernel 3 (Local (4)):"
"\"IBP\"\" #\"4\" of \"9\n"
"kernel 4 (Local (4)):"
"\"IBP\"\" #\"5\" of \"9\n"
"kernel 1 (Local (4)):"
"\" -> \"\"done in \"{0.032927, Null}\n"
"kernel 2 (Local (4)):"
"\" -> \"\"done in \"{0.033104, Null}\n"
"kernel 3 (Local (4)):"
"\" -> \"\"done in \"{0.033532, Null}\n"
"kernel 4 (Local (4)):"
"\" -> \"\"done in \"{0.03382, Null}\n"
"kernel 1 (Local (4)):"
"\"IBP\"\" #\"2\" of \"9\n"
"kernel 1 (Local (4)):"
"\" -> \"\"done in \"{0.004438, Null}\n"
"kernel 2 (Local (4)):"
"\"IBP\"\" #\"6\" of \"9\n"
"kernel 3 (Local (4)):"
"\"IBP\"\" #\"7\" of \"9\n"
"kernel 4 (Local (4)):"
"\"IBP\"\" #\"8\" of \"9\n"
"kernel 2 (Local (4)):"
"\" -> \"\"done in \"{0.005109, Null}\n"
"kernel 3 (Local (4)):"
"\" -> \"\"done in \"{0.005131, Null}\n"
"kernel 4 (Local (4)):"
"\" -> \"\"done in \"{0.005014, Null}\n"
"kernel 1 (Local (4)):"
"\"IBP\"\" #\"9\" of \"9\n"
"kernel 1 (Local (4)):"
"\" -> \"\"done in \"{0.004841, Null}\n"
"====================="
"Id type -> ""LI"" # chunks -> "9
"====================="
"kernel 1 (Local (4)):"
"\"LI\"\" #\"1\" of \"9\n"
"kernel 2 (Local (4)):"
"\"LI\"\" #\"3\" of \"9\n"
"kernel 3 (Local (4)):"
"\"LI\"\" #\"4\" of \"9\n"
"kernel 4 (Local (4)):"
"\"LI\"\" #\"5\" of \"9\n"
"kernel 1 (Local (4)):"
"\" -> \"\"done in \"{0.004474, Null}\n"
"kernel 2 (Local (4)):"
"\" -> \"\"done in \"{0.004847, Null}\n"
"kernel 3 (Local (4)):"
"\" -> \"\"done in \"{0.004985, Null}\n"
"kernel 4 (Local (4)):"
"\" -> \"\"done in \"{0.005522, Null}\n"
"kernel 1 (Local (4)):"
"\"LI\"\" #\"2\" of \"9\n"
"kernel 1 (Local (4)):"
"\" -> \"\"done in \"{0.004121, Null}\n"
"kernel 2 (Local (4)):"
"\"LI\"\" #\"6\" of \"9\n"
"kernel 3 (Local (4)):"
"\"LI\"\" #\"7\" of \"9\n"
"kernel 4 (Local (4)):"
"\"LI\"\" #\"8\" of \"9\n"
"kernel 2 (Local (4)):"
"\" -> \"\"done in \"{0.004969, Null}\n"
"kernel 3 (Local (4)):"
"\" -> \"\"done in \"{0.005296, Null}\n"
"kernel 4 (Local (4)):"
"\" -> \"\"done in \"{0.005104, Null}\n"
"kernel 1 (Local (4)):"
"\"LI\"\" #\"9\" of \"9\n"
"kernel 1 (Local (4)):"
"\" -> \"\"done in \"{0.004914, Null}\n"
"====================="
"Id type -> ""SR"" # chunks -> "9
"====================="
"kernel 1 (Local (4)):"
"\"SR\"\" #\"1\" of \"9\n"
"kernel 2 (Local (4)):"
"\"SR\"\" #\"3\" of \"9\n"
"kernel 3 (Local (4)):"
"\"SR\"\" #\"4\" of \"9\n"
"kernel 4 (Local (4)):"
"\"SR\"\" #\"5\" of \"9\n"
"kernel 1 (Local (4)):"
"\"sectors involved: \"{{1, 1, 1, 1}}\n"
"kernel 2 (Local (4)):"
"\"sectors involved: \"{{1, 0, 1, 1}}\n"
"kernel 3 (Local (4)):"
"\"sectors involved: \"{{0, 1, 1, 1}}\n"
"kernel 4 (Local (4)):"
"\"sectors involved: \"{{1, 1, 0, 0}}\n"
"kernel 1 (Local (4)):"
"\"#Symmetry Relations:  \"0\n"
"kernel 2 (Local (4)):"
"\"#Symmetry Relations:  \"0\n"
"kernel 3 (Local (4)):"
"\"#Symmetry Relations:  \"0\n"
"kernel 4 (Local (4)):"
"\"#Symmetry Relations:  \"4\n"
"kernel 1 (Local (4)):"
"\" -> \"\"done in \"{0.00472, Null}\n"
"kernel 2 (Local (4)):"
"\" -> \"\"done in \"{0.005228, Null}\n"
"kernel 3 (Local (4)):"
"\" -> \"\"done in \"{0.005051, Null}\n"
"kernel 4 (Local (4)):"
"\" -> \"\"done in \"{0.005954, Null}\n"
"kernel 1 (Local (4)):"
"\"SR\"\" #\"2\" of \"9\n"
"kernel 1 (Local (4)):"
"\"sectors involved: \"{{1, 1, 1, 0}}\n"
"kernel 2 (Local (4)):"
"\"SR\"\" #\"6\" of \"9\n"
"kernel 3 (Local (4)):"
"\"SR\"\" #\"7\" of \"9\n"
"kernel 4 (Local (4)):"
"\"SR\"\" #\"8\" of \"9\n"
"kernel 1 (Local (4)):"
"\"#Symmetry Relations:  \"0\n"
"kernel 2 (Local (4)):"
"\"sectors involved: \"{{1, 0, 1, 0}}\n"
"kernel 3 (Local (4)):"
"\"sectors involved: \"{{0, 1, 1, 0}}\n"
"kernel 4 (Local (4)):"
"\"sectors involved: \"{{0, 0, 1, 1}}\n"
"kernel 1 (Local (4)):"
"\" -> \"\"done in \"{0.00388, Null}\n"
"kernel 2 (Local (4)):"
"\"#Symmetry Relations:  \"3\n"
"kernel 3 (Local (4)):"
"\"#Symmetry Relations:  \"0\n"
"kernel 4 (Local (4)):"
"\"#Symmetry Relations:  \"6\n"
"kernel 2 (Local (4)):"
"\" -> \"\"done in \"{0.007834, Null}\n"
"kernel 3 (Local (4)):"
"\" -> \"\"done in \"{0.004321, Null}\n"
"kernel 4 (Local (4)):"
"\" -> \"\"done in \"{0.010952, Null}\n"
"kernel 1 (Local (4)):"
"\"SR\"\" #\"9\" of \"9\n"
"kernel 1 (Local (4)):"
"\"sectors involved: \"{{1, 0, 0, 0}}\n"
"kernel 1 (Local (4)):"
"\"#Symmetry Relations:  \"21\n"
"kernel 1 (Local (4)):"
"\" -> \"\"done in \"{0.014711, Null}\n"
"====================="
"Id type -> ""Map"" # chunks -> "5
"====================="
"kernel 1 (Local (4)):"
"\"Map\"\" #\"1\" of \"5\n"
"kernel 2 (Local (4)):"
"\"Map\"\" #\"3\" of \"5\n"
"kernel 3 (Local (4)):"
"\"Map\"\" #\"4\" of \"5\n"
"kernel 4 (Local (4)):"
"\"Map\"\" #\"5\" of \"5\n"
"kernel 1 (Local (4)):"
"\"sectors involved: \"{{1, 1, 0, 1}}\n"
"kernel 2 (Local (4)):"
"\"sectors involved: \"{{0, 1, 0, 1}}\n"
"kernel 3 (Local (4)):"
"\"sectors involved: \"{{0, 0, 1, 0}}\n"
"kernel 4 (Local (4)):"
"\"sectors involved: \"{{0, 0, 0, 1}}\n"
"kernel 1 (Local (4)):"
"\"#Symmetry Relations:  \"12\n"
"kernel 2 (Local (4)):"
"\"#Symmetry Relations:  \"18\n"
"kernel 3 (Local (4)):"
"\"#Symmetry Relations:  \"20\n"
"kernel 4 (Local (4)):"
"\"#Symmetry Relations:  \"20\n"
"kernel 1 (Local (4)):"
"\" -> \"\"done in \"{0.007528, Null}\n"
"kernel 2 (Local (4)):"
"\" -> \"\"done in \"{0.008968, Null}\n"
"kernel 3 (Local (4)):"
"\" -> \"\"done in \"{0.016012, Null}\n"
"kernel 4 (Local (4)):"
"\" -> \"\"done in \"{0.015827, Null}\n"
"kernel 1 (Local (4)):"
"\"Map\"\" #\"2\" of \"5\n"
"kernel 1 (Local (4)):"
"\"sectors involved: \"{{1, 0, 0, 1}}\n"
"kernel 1 (Local (4)):"
"\"#Symmetry Relations:  \"18\n"
"kernel 1 (Local (4)):"
"\" -> \"\"done in \"{0.008467, Null}\n"
"====================="
"Id type -> ""SubSym"" # chunks -> "6
"====================="
"kernel 1 (Local (4)):"
"\"SubSym\"\" #\"1\" of \"6\n"
"kernel 2 (Local (4)):"
"\"SubSym\"\" #\"3\" of \"6\n"
"kernel 3 (Local (4)):"
"\"SubSym\"\" #\"5\" of \"6\n"
"kernel 4 (Local (4)):"
"\"SubSym\"\" #\"6\" of \"6\n"
"kernel 1 (Local (4)):"
"\" -> \"\"done in \"{0.009522, Null}\n"
"kernel 2 (Local (4)):"
"\" -> \"\"done in \"{0.010145, Null}\n"
"kernel 3 (Local (4)):"
"\" -> \"\"done in \"{0.010167, Null}\n"
"kernel 4 (Local (4)):"
"\" -> \"\"done in \"{0.010104, Null}\n"
"kernel 1 (Local (4)):"
"\"SubSym\"\" #\"2\" of \"6\n"
"kernel 2 (Local (4)):"
"\"SubSym\"\" #\"4\" of \"6\n"
"kernel 1 (Local (4)):"
"\" -> \"\"done in \"{0.005254, Null}\n"
"kernel 2 (Local (4)):"
"\" -> \"\"done in \"{0.005397, Null}\n"
"Generating list of integrals ..."
" -> list of integrals generated"
"Exporting positions maps ..."
" -> positions maps exported"
"Serialize identities ..."
"kernel 1 (Local (4)):"
"\"File: \"\"ibps/ids_top3_exints.mx\"\n"
"kernel 2 (Local (4)):"
"\"File: \"\"ibps/ids_top3_IBP5.mx\"\n"
"kernel 3 (Local (4)):"
"\"File: \"\"ibps/ids_top3_LI1.mx\"\n"
"kernel 4 (Local (4)):"
"\"File: \"\"ibps/ids_top3_LI6.mx\"\n"
"kernel 1 (Local (4)):"
"\"File: \"\"ibps/ids_top3_exints.mx\"\" done in \"{0.020562, Null}\n"
"kernel 2 (Local (4)):"
"\"File: \"\"ibps/ids_top3_IBP5.mx\"\" done in \"{0.020654, Null}\n"
"kernel 3 (Local (4)):"
"\"File: \"\"ibps/ids_top3_LI1.mx\"\" done in \"{0.020961, Null}\n"
"kernel 1 (Local (4)):"
"\"File: \"\"ibps/ids_top3_IBP1.mx\"\n"
"kernel 2 (Local (4)):"
"\"File: \"\"ibps/ids_top3_IBP6.mx\"\n"
"kernel 3 (Local (4)):"
"\"File: \"\"ibps/ids_top3_LI2.mx\"\n"
"kernel 4 (Local (4)):"
"\"File: \"\"ibps/ids_top3_LI6.mx\"\" done in \"{0.024056, Null}\n"
"kernel 1 (Local (4)):"
"\"File: \"\"ibps/ids_top3_IBP1.mx\"\" done in \"{0.012139, Null}\n"
"kernel 2 (Local (4)):"
"\"File: \"\"ibps/ids_top3_IBP6.mx\"\" done in \"{0.013082, Null}\n"
"kernel 3 (Local (4)):"
"\"File: \"\"ibps/ids_top3_LI2.mx\"\" done in \"{0.011682, Null}\n"
"kernel 4 (Local (4)):"
"\"File: \"\"ibps/ids_top3_LI7.mx\"\n"
"kernel 1 (Local (4)):"
"\"File: \"\"ibps/ids_top3_IBP2.mx\"\n"
"kernel 2 (Local (4)):"
"\"File: \"\"ibps/ids_top3_IBP7.mx\"\n"
"kernel 3 (Local (4)):"
"\"File: \"\"ibps/ids_top3_LI3.mx\"\n"
"kernel 4 (Local (4)):"
"\"File: \"\"ibps/ids_top3_LI7.mx\"\" done in \"{0.010679, Null}\n"
"kernel 1 (Local (4)):"
"\"File: \"\"ibps/ids_top3_IBP2.mx\"\" done in \"{0.010591, Null}\n"
"kernel 2 (Local (4)):"
"\"File: \"\"ibps/ids_top3_IBP7.mx\"\" done in \"{0.010854, Null}\n"
"kernel 3 (Local (4)):"
"\"File: \"\"ibps/ids_top3_LI3.mx\"\" done in \"{0.011224, Null}\n"
"kernel 4 (Local (4)):"
"\"File: \"\"ibps/ids_top3_LI8.mx\"\n"
"kernel 1 (Local (4)):"
"\"File: \"\"ibps/ids_top3_IBP3.mx\"\n"
"kernel 2 (Local (4)):"
"\"File: \"\"ibps/ids_top3_IBP8.mx\"\n"
"kernel 3 (Local (4)):"
"\"File: \"\"ibps/ids_top3_LI4.mx\"\n"
"kernel 4 (Local (4)):"
"\"File: \"\"ibps/ids_top3_LI8.mx\"\" done in \"{0.011042, Null}\n"
"kernel 1 (Local (4)):"
"\"File: \"\"ibps/ids_top3_IBP3.mx\"\" done in \"{0.00959, Null}\n"
"kernel 2 (Local (4)):"
"\"File: \"\"ibps/ids_top3_IBP8.mx\"\" done in \"{0.010255, Null}\n"
"kernel 3 (Local (4)):"
"\"File: \"\"ibps/ids_top3_LI4.mx\"\" done in \"{0.009198, Null}\n"
"kernel 4 (Local (4)):"
"\"File: \"\"ibps/ids_top3_LI9.mx\"\n"
"kernel 1 (Local (4)):"
"\"File: \"\"ibps/ids_top3_IBP4.mx\"\n"
"kernel 2 (Local (4)):"
"\"File: \"\"ibps/ids_top3_IBP9.mx\"\n"
"kernel 3 (Local (4)):"
"\"File: \"\"ibps/ids_top3_LI5.mx\"\n"
"kernel 4 (Local (4)):"
"\"File: \"\"ibps/ids_top3_LI9.mx\"\" done in \"{0.010069, Null}\n"
"kernel 1 (Local (4)):"
"\"File: \"\"ibps/ids_top3_IBP4.mx\"\" done in \"{0.009237, Null}\n"
"kernel 2 (Local (4)):"
"\"File: \"\"ibps/ids_top3_IBP9.mx\"\" done in \"{0.010175, Null}\n"
"kernel 3 (Local (4)):"
"\"File: \"\"ibps/ids_top3_LI5.mx\"\" done in \"{0.009446, Null}\n"
"kernel 4 (Local (4)):"
"\"File: \"\"ibps/ids_top3_Map1.mx\"\n"
"kernel 4 (Local (4)):"
"\"File: \"\"ibps/ids_top3_Map1.mx\"\" done in \"{0.007761, Null}\n"
"kernel 1 (Local (4)):"
"\"File: \"\"ibps/ids_top3_Map2.mx\"\n"
"kernel 2 (Local (4)):"
"\"File: \"\"ibps/ids_top3_SR2.mx\"\n"
"kernel 3 (Local (4)):"
"\"File: \"\"ibps/ids_top3_SR7.mx\"\n"
"kernel 1 (Local (4)):"
"\"File: \"\"ibps/ids_top3_Map2.mx\"\" done in \"{0.008647, Null}\n"
"kernel 2 (Local (4)):"
"\"File: \"\"ibps/ids_top3_SR2.mx\"\" done in \"{0.007509, Null}\n"
"kernel 3 (Local (4)):"
"\"File: \"\"ibps/ids_top3_SR7.mx\"\" done in \"{0.007349, Null}\n"
"kernel 4 (Local (4)):"
"\"File: \"\"ibps/ids_top3_SubSym3.mx\"\n"
"kernel 1 (Local (4)):"
"\"File: \"\"ibps/ids_top3_Map3.mx\"\n"
"kernel 2 (Local (4)):"
"\"File: \"\"ibps/ids_top3_SR3.mx\"\n"
"kernel 3 (Local (4)):"
"\"File: \"\"ibps/ids_top3_SR8.mx\"\n"
"kernel 4 (Local (4)):"
"\"File: \"\"ibps/ids_top3_SubSym3.mx\"\" done in \"{0.007765, Null}\n"
"kernel 1 (Local (4)):"
"\"File: \"\"ibps/ids_top3_Map3.mx\"\" done in \"{0.008372, Null}\n"
"kernel 2 (Local (4)):"
"\"File: \"\"ibps/ids_top3_SR3.mx\"\" done in \"{0.007239, Null}\n"
"kernel 3 (Local (4)):"
"\"File: \"\"ibps/ids_top3_SR8.mx\"\" done in \"{0.007822, Null}\n"
"kernel 4 (Local (4)):"
"\"File: \"\"ibps/ids_top3_SubSym4.mx\"\n"
"kernel 1 (Local (4)):"
"\"File: \"\"ibps/ids_top3_Map4.mx\"\n"
"kernel 2 (Local (4)):"
"\"File: \"\"ibps/ids_top3_SR4.mx\"\n"
"kernel 3 (Local (4)):"
"\"File: \"\"ibps/ids_top3_SR9.mx\"\n"
"kernel 4 (Local (4)):"
"\"File: \"\"ibps/ids_top3_SubSym4.mx\"\" done in \"{0.007273, Null}\n"
"kernel 1 (Local (4)):"
"\"File: \"\"ibps/ids_top3_Map4.mx\"\" done in \"{0.010595, Null}\n"
"kernel 2 (Local (4)):"
"\"File: \"\"ibps/ids_top3_SR4.mx\"\" done in \"{0.007388, Null}\n"
"kernel 3 (Local (4)):"
"\"File: \"\"ibps/ids_top3_SR9.mx\"\" done in \"{0.009284, Null}\n"
"kernel 4 (Local (4)):"
"\"File: \"\"ibps/ids_top3_SubSym5.mx\"\n"
"kernel 1 (Local (4)):"
"\"File: \"\"ibps/ids_top3_Map5.mx\"\n"
"kernel 2 (Local (4)):"
"\"File: \"\"ibps/ids_top3_SR5.mx\"\n"
"kernel 3 (Local (4)):"
"\"File: \"\"ibps/ids_top3_SubSym1.mx\"\n"
"kernel 4 (Local (4)):"
"\"File: \"\"ibps/ids_top3_SubSym5.mx\"\" done in \"{0.007629, Null}\n"
"kernel 1 (Local (4)):"
"\"File: \"\"ibps/ids_top3_Map5.mx\"\" done in \"{0.009355, Null}\n"
"kernel 2 (Local (4)):"
"\"File: \"\"ibps/ids_top3_SR5.mx\"\" done in \"{0.009326, Null}\n"
"kernel 3 (Local (4)):"
"\"File: \"\"ibps/ids_top3_SubSym1.mx\"\" done in \"{0.007472, Null}\n"
"kernel 4 (Local (4)):"
"\"File: \"\"ibps/ids_top3_SubSym6.mx\"\n"
"kernel 1 (Local (4)):"
"\"File: \"\"ibps/ids_top3_SR1.mx\"\n"
"kernel 2 (Local (4)):"
"\"File: \"\"ibps/ids_top3_SR6.mx\"\n"
"kernel 3 (Local (4)):"
"\"File: \"\"ibps/ids_top3_SubSym2.mx\"\n"
"kernel 4 (Local (4)):"
"\"File: \"\"ibps/ids_top3_SubSym6.mx\"\" done in \"{0.00778, Null}\n"
"kernel 1 (Local (4)):"
"\"File: \"\"ibps/ids_top3_SR1.mx\"\" done in \"{0.007467, Null}\n"
"kernel 2 (Local (4)):"
"\"File: \"\"ibps/ids_top3_SR6.mx\"\" done in \"{0.007598, Null}\n"
"kernel 3 (Local (4)):"
"\"File: \"\"ibps/ids_top3_SubSym2.mx\"\" done in \"{0.006985, Null}\n"
"kernel 4 (Local (4)):"
"\"File: \"\"ibps/ids_top3_usints.mx\"\n"
"kernel 4 (Local (4)):"
"\"File: \"\"ibps/ids_top3_usints.mx\"\" done in \"{0.007245, Null}\n"
"-> all in :"{0.304561, Null}
