CalcLoop: a tool for automated multiloop calculation in quantum field theory.
Version 2022/07/10.
Number of defined symbols=45. Please see ?CalcLoop`* for help.
Blade: a pacakge for block-triangular form improved Feynman integral decomposition.
Version 2024/05/23.
Author: Xin Guan, Xiao Liu, Yan-Qing Ma and Wen-Hao Wu.
Number of defined symbols=68. Please see ?Blade`* for help.

--------------------------------------------------
BLSetReducerOptions->"IBPParameter" -> Automatic, "IntegralOrdering" -> 1, "CheckMastersQ" -> True, "FilterLevel" -> 3, "IBPForMapSector" -> False, "MaxIncrement" -> 2, "CloseSymmetry" -> False, "ExternalSymmetry" -> True, "CutNoDot" -> False, "BlackBoxRank" -> 2, "BlackBoxDot" -> 0, "MaxPrime" -> 200, "MaxDegree" -> 1000, "Reconstructor" -> "FiniteFlow"
BLSetSchemeOptions->"OperatorExtendGQ" -> True, "MinimalSchemeRank" -> 1, "PartitionDot" -> True, "PartitionRankThreshold" -> 100, "UniqueSubsectorQ" -> True"--------------------------------------------------"
"BladeIBP: a package for generating IBP, LI and Symmetry relations."

FrontEndObject::notavail: A front end is not available; certain operations require a front end.
Number of Families = 1. Number of Sectors = 8.
"6 zero sectors found, 10 nonzero sectors found."
"8 unique sectors found, 2 mapped sectors found, 0 extmapped sectors found."
"7 subgraph-unique sectors found, 0 subgraph-mapped sectors found"
"Seeding Id type ->""IBP"
"Seeding Id type ->""LI"
"Seeding Id type ->""SR"
"Seeding Id type ->""Map"
"Seeding Id type ->""SubSym"
"====================="
"Id type -> ""IBP"" # chunks -> "8
"====================="
"kernel 2 (Local (4)):"
"\"IBP\"\" #\"3\" of \"8\n"
"kernel 3 (Local (4)):"
"\"IBP\"\" #\"5\" of \"8\n"
"kernel 4 (Local (4)):"
"\"IBP\"\" #\"7\" of \"8\n"
"kernel 1 (Local (4)):"
"\"IBP\"\" #\"1\" of \"8\n"
"kernel 1 (Local (4)):"
"\" -> \"\"done in \"{0.033269, Null}\n"
"kernel 2 (Local (4)):"
"\" -> \"\"done in \"{0.034217, Null}\n"
"kernel 3 (Local (4)):"
"\" -> \"\"done in \"{0.034383, Null}\n"
"kernel 4 (Local (4)):"
"\" -> \"\"done in \"{0.034003, Null}\n"
"kernel 1 (Local (4)):"
"\"IBP\"\" #\"2\" of \"8\n"
"kernel 2 (Local (4)):"
"\"IBP\"\" #\"4\" of \"8\n"
"kernel 3 (Local (4)):"
"\"IBP\"\" #\"6\" of \"8\n"
"kernel 4 (Local (4)):"
"\"IBP\"\" #\"8\" of \"8\n"
"kernel 1 (Local (4)):"
"\" -> \"\"done in \"{0.004917, Null}\n"
"kernel 2 (Local (4)):"
"\" -> \"\"done in \"{0.004622, Null}\n"
"kernel 3 (Local (4)):"
"\" -> \"\"done in \"{0.005088, Null}\n"
"kernel 4 (Local (4)):"
"\" -> \"\"done in \"{0.005707, Null}\n"
"====================="
"Id type -> ""LI"" # chunks -> "8
"====================="
"kernel 1 (Local (4)):"
"\"LI\"\" #\"1\" of \"8\n"
"kernel 2 (Local (4)):"
"\"LI\"\" #\"3\" of \"8\n"
"kernel 3 (Local (4)):"
"\"LI\"\" #\"5\" of \"8\n"
"kernel 4 (Local (4)):"
"\"LI\"\" #\"7\" of \"8\n"
"kernel 1 (Local (4)):"
"\" -> \"\"done in \"{0.004418, Null}\n"
"kernel 2 (Local (4)):"
"\" -> \"\"done in \"{0.004786, Null}\n"
"kernel 3 (Local (4)):"
"\" -> \"\"done in \"{0.005192, Null}\n"
"kernel 4 (Local (4)):"
"\" -> \"\"done in \"{0.005464, Null}\n"
"kernel 1 (Local (4)):"
"\"LI\"\" #\"2\" of \"8\n"
"kernel 2 (Local (4)):"
"\"LI\"\" #\"4\" of \"8\n"
"kernel 3 (Local (4)):"
"\"LI\"\" #\"6\" of \"8\n"
"kernel 4 (Local (4)):"
"\"LI\"\" #\"8\" of \"8\n"
"kernel 1 (Local (4)):"
"\" -> \"\"done in \"{0.004629, Null}\n"
"kernel 2 (Local (4)):"
"\" -> \"\"done in \"{0.004639, Null}\n"
"kernel 3 (Local (4)):"
"\" -> \"\"done in \"{0.005754, Null}\n"
"kernel 4 (Local (4)):"
"\" -> \"\"done in \"{0.006481, Null}\n"
"====================="
"Id type -> ""SR"" # chunks -> "8
"====================="
"kernel 1 (Local (4)):"
"\"SR\"\" #\"1\" of \"8\n"
"kernel 2 (Local (4)):"
"\"SR\"\" #\"3\" of \"8\n"
"kernel 3 (Local (4)):"
"\"SR\"\" #\"5\" of \"8\n"
"kernel 4 (Local (4)):"
"\"SR\"\" #\"7\" of \"8\n"
"kernel 1 (Local (4)):"
"\"sectors involved: \"{{1, 1, 1, 1}}\n"
"kernel 2 (Local (4)):"
"\"sectors involved: \"{{1, 1, 0, 1}}\n"
"kernel 3 (Local (4)):"
"\"sectors involved: \"{{1, 0, 0, 1}}\n"
"kernel 4 (Local (4)):"
"\"sectors involved: \"{{0, 1, 0, 1}}\n"
"kernel 1 (Local (4)):"
"\"#Symmetry Relations:  \"0\n"
"kernel 2 (Local (4)):"
"\"#Symmetry Relations:  \"0\n"
"kernel 3 (Local (4)):"
"\"#Symmetry Relations:  \"4\n"
"kernel 4 (Local (4)):"
"\"#Symmetry Relations:  \"0\n"
"kernel 1 (Local (4)):"
"\" -> \"\"done in \"{0.005055, Null}\n"
"kernel 2 (Local (4)):"
"\" -> \"\"done in \"{0.004764, Null}\n"
"kernel 3 (Local (4)):"
"\" -> \"\"done in \"{0.006142, Null}\n"
"kernel 4 (Local (4)):"
"\" -> \"\"done in \"{0.004594, Null}\n"
"kernel 1 (Local (4)):"
"\"SR\"\" #\"2\" of \"8\n"
"kernel 2 (Local (4)):"
"\"SR\"\" #\"4\" of \"8\n"
"kernel 3 (Local (4)):"
"\"SR\"\" #\"6\" of \"8\n"
"kernel 4 (Local (4)):"
"\"SR\"\" #\"8\" of \"8\n"
"kernel 1 (Local (4)):"
"\"sectors involved: \"{{1, 1, 1, 0}}\n"
"kernel 2 (Local (4)):"
"\"sectors involved: \"{{0, 1, 1, 1}}\n"
"kernel 3 (Local (4)):"
"\"sectors involved: \"{{0, 1, 1, 0}}\n"
"kernel 4 (Local (4)):"
"\"sectors involved: \"{{0, 0, 0, 1}}\n"
"kernel 1 (Local (4)):"
"\"#Symmetry Relations:  \"0\n"
"kernel 2 (Local (4)):"
"\"#Symmetry Relations:  \"0\n"
"kernel 3 (Local (4)):"
"\"#Symmetry Relations:  \"6\n"
"kernel 4 (Local (4)):"
"\"#Symmetry Relations:  \"19\n"
"kernel 1 (Local (4)):"
"\" -> \"\"done in \"{0.004816, Null}\n"
"kernel 2 (Local (4)):"
"\" -> \"\"done in \"{0.004958, Null}\n"
"kernel 3 (Local (4)):"
"\" -> \"\"done in \"{0.010328, Null}\n"
"kernel 4 (Local (4)):"
"\" -> \"\"done in \"{0.014664, Null}\n"
"====================="
"Id type -> ""Map"" # chunks -> "2
"====================="
"kernel 1 (Local (4)):"
"\"Map\"\" #\"1\" of \"2\n"
"kernel 2 (Local (4)):"
"\"Map\"\" #\"2\" of \"2\n"
"kernel 1 (Local (4)):"
"\"sectors involved: \"{{1, 0, 1, 1}}\n"
"kernel 2 (Local (4)):"
"\"sectors involved: \"{{0, 0, 1, 1}}\n"
"kernel 1 (Local (4)):"
"\"#Symmetry Relations:  \"12\n"
"kernel 2 (Local (4)):"
"\"#Symmetry Relations:  \"18\n"
"kernel 1 (Local (4)):"
"\" -> \"\"done in \"{0.007205, Null}\n"
"kernel 2 (Local (4)):"
"\" -> \"\"done in \"{0.008337, Null}\n"
"====================="
"Id type -> ""SubSym"" # chunks -> "5
"====================="
"kernel 1 (Local (4)):"
"\"SubSym\"\" #\"1\" of \"5\n"
"kernel 2 (Local (4)):"
"\"SubSym\"\" #\"3\" of \"5\n"
"kernel 3 (Local (4)):"
"\"SubSym\"\" #\"4\" of \"5\n"
"kernel 4 (Local (4)):"
"\"SubSym\"\" #\"5\" of \"5\n"
"kernel 1 (Local (4)):"
"\" -> \"\"done in \"{0.009704, Null}\n"
"kernel 2 (Local (4)):"
"\" -> \"\"done in \"{0.010217, Null}\n"
"kernel 3 (Local (4)):"
"\" -> \"\"done in \"{0.010577, Null}\n"
"kernel 4 (Local (4)):"
"\" -> \"\"done in \"{0.010273, Null}\n"
"kernel 1 (Local (4)):"
"\"SubSym\"\" #\"2\" of \"5\n"
"kernel 1 (Local (4)):"
"\" -> \"\"done in \"{0.005272, Null}\n"
"Generating list of integrals ..."
" -> list of integrals generated"
"Exporting positions maps ..."
" -> positions maps exported"
"Serialize identities ..."
"kernel 1 (Local (4)):"
"\"File: \"\"ibps/ids_top3_exints.mx\"\n"
"kernel 2 (Local (4)):"
"\"File: \"\"ibps/ids_top3_IBP5.mx\"\n"
"kernel 3 (Local (4)):"
"\"File: \"\"ibps/ids_top3_LI1.mx\"\n"
"kernel 4 (Local (4)):"
"\"File: \"\"ibps/ids_top3_LI5.mx\"\n"
"kernel 1 (Local (4)):"
"\"File: \"\"ibps/ids_top3_exints.mx\"\" done in \"{0.010331, Null}\n"
"kernel 2 (Local (4)):"
"\"File: \"\"ibps/ids_top3_IBP5.mx\"\" done in \"{0.01274, Null}\n"
"kernel 3 (Local (4)):"
"\"File: \"\"ibps/ids_top3_LI1.mx\"\" done in \"{0.011348, Null}\n"
"kernel 1 (Local (4)):"
"\"File: \"\"ibps/ids_top3_IBP1.mx\"\n"
"kernel 2 (Local (4)):"
"\"File: \"\"ibps/ids_top3_IBP6.mx\"\n"
"kernel 3 (Local (4)):"
"\"File: \"\"ibps/ids_top3_LI2.mx\"\n"
"kernel 4 (Local (4)):"
"\"File: \"\"ibps/ids_top3_LI5.mx\"\" done in \"{0.01351, Null}\n"
"kernel 1 (Local (4)):"
"\"File: \"\"ibps/ids_top3_IBP1.mx\"\" done in \"{0.008177, Null}\n"
"kernel 2 (Local (4)):"
"\"File: \"\"ibps/ids_top3_IBP6.mx\"\" done in \"{0.00974, Null}\n"
"kernel 3 (Local (4)):"
"\"File: \"\"ibps/ids_top3_LI2.mx\"\" done in \"{0.00915, Null}\n"
"kernel 4 (Local (4)):"
"\"File: \"\"ibps/ids_top3_LI6.mx\"\n"
"kernel 1 (Local (4)):"
"\"File: \"\"ibps/ids_top3_IBP2.mx\"\n"
"kernel 2 (Local (4)):"
"\"File: \"\"ibps/ids_top3_IBP7.mx\"\n"
"kernel 3 (Local (4)):"
"\"File: \"\"ibps/ids_top3_LI3.mx\"\n"
"kernel 4 (Local (4)):"
"\"File: \"\"ibps/ids_top3_LI6.mx\"\" done in \"{0.009914, Null}\n"
"kernel 1 (Local (4)):"
"\"File: \"\"ibps/ids_top3_IBP2.mx\"\" done in \"{0.008592, Null}\n"
"kernel 2 (Local (4)):"
"\"File: \"\"ibps/ids_top3_IBP7.mx\"\" done in \"{0.009793, Null}\n"
"kernel 3 (Local (4)):"
"\"File: \"\"ibps/ids_top3_LI3.mx\"\" done in \"{0.009686, Null}\n"
"kernel 4 (Local (4)):"
"\"File: \"\"ibps/ids_top3_LI7.mx\"\n"
"kernel 1 (Local (4)):"
"\"File: \"\"ibps/ids_top3_IBP3.mx\"\n"
"kernel 2 (Local (4)):"
"\"File: \"\"ibps/ids_top3_IBP8.mx\"\n"
"kernel 3 (Local (4)):"
"\"File: \"\"ibps/ids_top3_LI4.mx\"\n"
"kernel 4 (Local (4)):"
"\"File: \"\"ibps/ids_top3_LI7.mx\"\" done in \"{0.010382, Null}\n"
"kernel 1 (Local (4)):"
"\"File: \"\"ibps/ids_top3_IBP3.mx\"\" done in \"{0.008689, Null}\n"
"kernel 2 (Local (4)):"
"\"File: \"\"ibps/ids_top3_IBP8.mx\"\" done in \"{0.010146, Null}\n"
"kernel 3 (Local (4)):"
"\"File: \"\"ibps/ids_top3_LI4.mx\"\" done in \"{0.009063, Null}\n"
"kernel 4 (Local (4)):"
"\"File: \"\"ibps/ids_top3_LI8.mx\"\n"
"kernel 1 (Local (4)):"
"\"File: \"\"ibps/ids_top3_IBP4.mx\"\n"
"kernel 4 (Local (4)):"
"\"File: \"\"ibps/ids_top3_LI8.mx\"\" done in \"{0.010899, Null}\n"
"kernel 1 (Local (4)):"
"\"File: \"\"ibps/ids_top3_IBP4.mx\"\" done in \"{0.008342, Null}\n"
"kernel 2 (Local (4)):"
"\"File: \"\"ibps/ids_top3_Map1.mx\"\n"
"kernel 3 (Local (4)):"
"\"File: \"\"ibps/ids_top3_SR3.mx\"\n"
"kernel 4 (Local (4)):"
"\"File: \"\"ibps/ids_top3_SR7.mx\"\n"
"kernel 1 (Local (4)):"
"\"File: \"\"ibps/ids_top3_SubSym3.mx\"\n"
"kernel 1 (Local (4)):"
"\"File: \"\"ibps/ids_top3_SubSym3.mx\"\" done in \"{0.007543, Null}\n"
"kernel 2 (Local (4)):"
"\"File: \"\"ibps/ids_top3_Map1.mx\"\" done in \"{0.00859, Null}\n"
"kernel 3 (Local (4)):"
"\"File: \"\"ibps/ids_top3_SR3.mx\"\" done in \"{0.007677, Null}\n"
"kernel 4 (Local (4)):"
"\"File: \"\"ibps/ids_top3_SR7.mx\"\" done in \"{0.007503, Null}\n"
"kernel 1 (Local (4)):"
"\"File: \"\"ibps/ids_top3_SubSym4.mx\"\n"
"kernel 2 (Local (4)):"
"\"File: \"\"ibps/ids_top3_Map2.mx\"\n"
"kernel 3 (Local (4)):"
"\"File: \"\"ibps/ids_top3_SR4.mx\"\n"
"kernel 4 (Local (4)):"
"\"File: \"\"ibps/ids_top3_SR8.mx\"\n"
"kernel 1 (Local (4)):"
"\"File: \"\"ibps/ids_top3_SubSym4.mx\"\" done in \"{0.006914, Null}\n"
"kernel 2 (Local (4)):"
"\"File: \"\"ibps/ids_top3_Map2.mx\"\" done in \"{0.008047, Null}\n"
"kernel 3 (Local (4)):"
"\"File: \"\"ibps/ids_top3_SR4.mx\"\" done in \"{0.007272, Null}\n"
"kernel 4 (Local (4)):"
"\"File: \"\"ibps/ids_top3_SR8.mx\"\" done in \"{0.008118, Null}\n"
"kernel 1 (Local (4)):"
"\"File: \"\"ibps/ids_top3_SubSym5.mx\"\n"
"kernel 2 (Local (4)):"
"\"File: \"\"ibps/ids_top3_SR1.mx\"\n"
"kernel 3 (Local (4)):"
"\"File: \"\"ibps/ids_top3_SR5.mx\"\n"
"kernel 4 (Local (4)):"
"\"File: \"\"ibps/ids_top3_SubSym1.mx\"\n"
"kernel 1 (Local (4)):"
"\"File: \"\"ibps/ids_top3_SubSym5.mx\"\" done in \"{0.00673, Null}\n"
"kernel 2 (Local (4)):"
"\"File: \"\"ibps/ids_top3_SR1.mx\"\" done in \"{0.00674, Null}\n"
"kernel 3 (Local (4)):"
"\"File: \"\"ibps/ids_top3_SR5.mx\"\" done in \"{0.00713, Null}\n"
"kernel 4 (Local (4)):"
"\"File: \"\"ibps/ids_top3_SubSym1.mx\"\" done in \"{0.006752, Null}\n"
"kernel 1 (Local (4)):"
"\"File: \"\"ibps/ids_top3_usints.mx\"\n"
"kernel 2 (Local (4)):"
"\"File: \"\"ibps/ids_top3_SR2.mx\"\n"
"kernel 3 (Local (4)):"
"\"File: \"\"ibps/ids_top3_SR6.mx\"\n"
"kernel 4 (Local (4)):"
"\"File: \"\"ibps/ids_top3_SubSym2.mx\"\n"
"kernel 1 (Local (4)):"
"\"File: \"\"ibps/ids_top3_usints.mx\"\" done in \"{0.006483, Null}\n"
"kernel 2 (Local (4)):"
"\"File: \"\"ibps/ids_top3_SR2.mx\"\" done in \"{0.006901, Null}\n"
"kernel 3 (Local (4)):"
"\"File: \"\"ibps/ids_top3_SR6.mx\"\" done in \"{0.006931, Null}\n"
"kernel 4 (Local (4)):"
"\"File: \"\"ibps/ids_top3_SubSym2.mx\"\" done in \"{0.006819, Null}\n"
"-> all in :"{0.232109, Null}
